#
# There is insufficient memory for the Java Runtime Environment to continue.
# Native memory allocation (malloc) failed to allocate 519936 bytes for Chunk::new
# Possible reasons:
#   The system is out of physical RAM or swap space
#   In 32 bit mode, the process size limit was hit
# Possible solutions:
#   Reduce memory load on the system
#   Increase physical memory or swap space
#   Check if swap backing store is full
#   Use 64 bit Java on a 64 bit OS
#   Decrease Java heap size (-Xmx/-Xms)
#   Decrease number of Java threads
#   Decrease Java thread stack sizes (-Xss)
#   Set larger code cache with -XX:ReservedCodeCacheSize=
# This output file may be truncated or incomplete.
#
#  Out of Memory Error (allocation.cpp:390), pid=2448, tid=1012
#
# JRE version: Java(TM) SE Runtime Environment (8.0_65-b17) (build 1.8.0_65-b17)
# Java VM: Java HotSpot(TM) 64-Bit Server VM (25.65-b01 mixed mode windows-amd64 compressed oops)
# Failed to write core dump. Minidumps are not enabled by default on client versions of Windows
#

---------------  T H R E A D  ---------------

Current thread (0x00000000552b0800):  JavaThread "C2 CompilerThread0" daemon [_thread_in_native, id=1012, stack(0x00000000567b0000,0x00000000568b0000)]

Stack: [0x00000000567b0000,0x00000000568b0000]
[error occurred during error reporting (printing stack bounds), id 0xc0000005]

Native frames: (J=compiled Java code, j=interpreted, Vv=VM code, C=native code)


Current CompileTask:
C2: 311499 3183       4       com.android.dx.dex.cf.AttributeTranslator::translateInnerClasses (356 bytes)


---------------  P R O C E S S  ---------------

Java Threads: ( => current thread )
  0x000000005778d800 JavaThread "pool-2-thread-4" [_thread_blocked, id=5376, stack(0x0000000059250000,0x0000000059350000)]
  0x00000000579a4800 JavaThread "pool-2-thread-3" [_thread_blocked, id=4912, stack(0x0000000059150000,0x0000000059250000)]
  0x0000000056f18800 JavaThread "pool-2-thread-2" [_thread_blocked, id=2428, stack(0x0000000058f60000,0x0000000059060000)]
  0x0000000056f18000 JavaThread "pool-3-thread-1" [_thread_blocked, id=4420, stack(0x0000000058e00000,0x0000000058f00000)]
  0x00000000575e5800 JavaThread "pool-2-thread-1" [_thread_blocked, id=6064, stack(0x0000000058c40000,0x0000000058d40000)]
  0x0000000056bcb800 JavaThread "Service Thread" daemon [_thread_blocked, id=2188, stack(0x00000000571a0000,0x00000000572a0000)]
  0x00000000552b9000 JavaThread "C1 CompilerThread2" daemon [_thread_in_native, id=4248, stack(0x0000000057010000,0x0000000057110000)]
  0x00000000552b8000 JavaThread "C2 CompilerThread1" daemon [_thread_in_native, id=3992, stack(0x0000000056a50000,0x0000000056b50000)]
=>0x00000000552b0800 JavaThread "C2 CompilerThread0" daemon [_thread_in_native, id=1012, stack(0x00000000567b0000,0x00000000568b0000)]
  0x00000000552bd800 JavaThread "Attach Listener" daemon [_thread_blocked, id=5948, stack(0x0000000056650000,0x0000000056750000)]
  0x00000000552bc800 JavaThread "Signal Dispatcher" daemon [_thread_blocked, id=5756, stack(0x0000000056530000,0x0000000056630000)]
  0x0000000055257000 JavaThread "Finalizer" daemon [_thread_blocked, id=2716, stack(0x00000000560b0000,0x00000000561b0000)]
  0x000000005524f800 JavaThread "Reference Handler" daemon [_thread_blocked, id=4252, stack(0x0000000056380000,0x0000000056480000)]
  0x000000000225e000 JavaThread "main" [_thread_in_native, id=5336, stack(0x0000000002400000,0x0000000002500000)]

Other Threads:
  0x000000005524a000 VMThread [stack: 0x0000000056250000,0x0000000056350000] [id=3004]
  0x0000000056bf4000 WatcherThread [stack: 0x0000000057330000,0x0000000057430000] [id=1092]

VM state:not at safepoint (normal execution)

VM Mutex/Monitor currently owned by a thread: None

Heap:
 PSYoungGen      total 232960K, used 102848K [0x00000000eab00000, 0x0000000100000000, 0x0000000100000000)
  eden space 116736K, 71% used [0x00000000eab00000,0x00000000efcb3088,0x00000000f1d00000)
  from space 116224K, 16% used [0x00000000f1d00000,0x00000000f2fbd2d0,0x00000000f8e80000)
  to   space 116224K, 0% used [0x00000000f8e80000,0x00000000f8e80000,0x0000000100000000)
 ParOldGen       total 699392K, used 620546K [0x00000000c0000000, 0x00000000eab00000, 0x00000000eab00000)
  object space 699392K, 88% used [0x00000000c0000000,0x00000000e5e00ad8,0x00000000eab00000)
 Metaspace       used 6654K, capacity 7320K, committed 7680K, reserved 1056768K
  class space    used 628K, capacity 656K, committed 768K, reserved 1048576K

Card table byte_map: [0x0000000011b90000,0x0000000011da0000] byte_map_base: 0x0000000011590000

Marking Bits: (ParMarkBitMap*) 0x0000000064eea5b0
 Begin Bits: [0x00000000126c0000, 0x00000000136c0000)
 End Bits:   [0x00000000136c0000, 0x00000000146c0000)

Polling page: 0x0000000000130000

CodeCache: size=245760Kb used=10073Kb max_used=13886Kb free=235686Kb
 bounds [0x00000000027d0000, 0x0000000003570000, 0x00000000117d0000]
 total_blobs=2481 nmethods=2212 adapters=182
 compilation: enabled

Compilation events (10 events):
Event: 311.239 Thread 0x00000000552b0800 nmethod 3178 0x0000000002ae0710 code [0x0000000002ae0880, 0x0000000002ae0d38]
Event: 311.239 Thread 0x00000000552b0800 3179       4       com.android.dx.rop.code.RegisterSpec::equals (51 bytes)
Event: 311.242 Thread 0x00000000552b0800 nmethod 3179 0x0000000002d59610 code [0x0000000002d59760, 0x0000000002d59bf8]
Event: 311.305 Thread 0x00000000552b0800 3181       4       com.android.dx.rop.code.Rops::opMarkLocal (69 bytes)
Event: 311.306 Thread 0x00000000552b0800 nmethod 3181 0x0000000002edb610 code [0x0000000002edb760, 0x0000000002edb868]
Event: 311.369 Thread 0x00000000552b0800 3182       4       java.util.zip.ZipFile$ZipFileInputStream::<init> (41 bytes)
Event: 311.370 Thread 0x00000000552b0800 nmethod 3182 0x0000000002c1c9d0 code [0x0000000002c1cb20, 0x0000000002c1cbf8]
Event: 311.372 Thread 0x00000000552b0800 3183       4       com.android.dx.dex.cf.AttributeTranslator::translateInnerClasses (356 bytes)
Event: 311.391 Thread 0x00000000552b9000 3184       3       java.util.TimSort::reverseRange (32 bytes)
Event: 311.392 Thread 0x00000000552b9000 nmethod 3184 0x0000000002f06250 code [0x0000000002f063e0, 0x0000000002f06850]

GC Heap History (10 events):
Event: 309.541 GC heap before
{Heap before GC invocations=431 (full 400):
 PSYoungGen      total 232960K, used 24947K [0x00000000eab00000, 0x0000000100000000, 0x0000000100000000)
  eden space 116736K, 0% used [0x00000000eab00000,0x00000000eab00000,0x00000000f1d00000)
  from space 116224K, 21% used [0x00000000f1d00000,0x00000000f355cfa0,0x00000000f8e80000)
  to   space 116224K, 0% used [0x00000000f8e80000,0x00000000f8e80000,0x0000000100000000)
 ParOldGen       total 699392K, used 628359K [0x00000000c0000000, 0x00000000eab00000, 0x00000000eab00000)
  object space 699392K, 89% used [0x00000000c0000000,0x00000000e65a1eb0,0x00000000eab00000)
 Metaspace       used 6654K, capacity 7320K, committed 7680K, reserved 1056768K
  class space    used 628K, capacity 656K, committed 768K, reserved 1048576K
Event: 310.546 GC heap after
Heap after GC invocations=431 (full 400):
 PSYoungGen      total 232960K, used 0K [0x00000000eab00000, 0x0000000100000000, 0x0000000100000000)
  eden space 116736K, 0% used [0x00000000eab00000,0x00000000eab00000,0x00000000f1d00000)
  from space 116224K, 0% used [0x00000000f1d00000,0x00000000f1d00000,0x00000000f8e80000)
  to   space 116224K, 0% used [0x00000000f8e80000,0x00000000f8e80000,0x0000000100000000)
 ParOldGen       total 699392K, used 568033K [0x00000000c0000000, 0x00000000eab00000, 0x00000000eab00000)
  object space 699392K, 81% used [0x00000000c0000000,0x00000000e2ab8490,0x00000000eab00000)
 Metaspace       used 6654K, capacity 7320K, committed 7680K, reserved 1056768K
  class space    used 628K, capacity 656K, committed 768K, reserved 1048576K
}
Event: 310.740 GC heap before
{Heap before GC invocations=432 (full 400):
 PSYoungGen      total 232960K, used 116736K [0x00000000eab00000, 0x0000000100000000, 0x0000000100000000)
  eden space 116736K, 100% used [0x00000000eab00000,0x00000000f1d00000,0x00000000f1d00000)
  from space 116224K, 0% used [0x00000000f1d00000,0x00000000f1d00000,0x00000000f8e80000)
  to   space 116224K, 0% used [0x00000000f8e80000,0x00000000f8e80000,0x0000000100000000)
 ParOldGen       total 699392K, used 568033K [0x00000000c0000000, 0x00000000eab00000, 0x00000000eab00000)
  object space 699392K, 81% used [0x00000000c0000000,0x00000000e2ab8490,0x00000000eab00000)
 Metaspace       used 6654K, capacity 7320K, committed 7680K, reserved 1056768K
  class space    used 628K, capacity 656K, committed 768K, reserved 1048576K
Event: 310.758 GC heap after
Heap after GC invocations=432 (full 400):
 PSYoungGen      total 232960K, used 17664K [0x00000000eab00000, 0x0000000100000000, 0x0000000100000000)
  eden space 116736K, 0% used [0x00000000eab00000,0x00000000eab00000,0x00000000f1d00000)
  from space 116224K, 15% used [0x00000000f8e80000,0x00000000f9fc0000,0x0000000100000000)
  to   space 116224K, 0% used [0x00000000f1d00000,0x00000000f1d00000,0x00000000f8e80000)
 ParOldGen       total 699392K, used 568033K [0x00000000c0000000, 0x00000000eab00000, 0x00000000eab00000)
  object space 699392K, 81% used [0x00000000c0000000,0x00000000e2ab8490,0x00000000eab00000)
 Metaspace       used 6654K, capacity 7320K, committed 7680K, reserved 1056768K
  class space    used 628K, capacity 656K, committed 768K, reserved 1048576K
}
Event: 310.869 GC heap before
{Heap before GC invocations=433 (full 400):
 PSYoungGen      total 232960K, used 134400K [0x00000000eab00000, 0x0000000100000000, 0x0000000100000000)
  eden space 116736K, 100% used [0x00000000eab00000,0x00000000f1d00000,0x00000000f1d00000)
  from space 116224K, 15% used [0x00000000f8e80000,0x00000000f9fc0000,0x0000000100000000)
  to   space 116224K, 0% used [0x00000000f1d00000,0x00000000f1d00000,0x00000000f8e80000)
 ParOldGen       total 699392K, used 568033K [0x00000000c0000000, 0x00000000eab00000, 0x00000000eab00000)
  object space 699392K, 81% used [0x00000000c0000000,0x00000000e2ab8490,0x00000000eab00000)
 Metaspace       used 6654K, capacity 7320K, committed 7680K, reserved 1056768K
  class space    used 628K, capacity 656K, committed 768K, reserved 1048576K
Event: 310.902 GC heap after
Heap after GC invocations=433 (full 400):
 PSYoungGen      total 232960K, used 17910K [0x00000000eab00000, 0x0000000100000000, 0x0000000100000000)
  eden space 116736K, 0% used [0x00000000eab00000,0x00000000eab00000,0x00000000f1d00000)
  from space 116224K, 15% used [0x00000000f1d00000,0x00000000f2e7d8d8,0x00000000f8e80000)
  to   space 116224K, 0% used [0x00000000f8e80000,0x00000000f8e80000,0x0000000100000000)
 ParOldGen       total 699392K, used 585092K [0x00000000c0000000, 0x00000000eab00000, 0x00000000eab00000)
  object space 699392K, 83% used [0x00000000c0000000,0x00000000e3b61188,0x00000000eab00000)
 Metaspace       used 6654K, capacity 7320K, committed 7680K, reserved 1056768K
  class space    used 628K, capacity 656K, committed 768K, reserved 1048576K
}
Event: 311.022 GC heap before
{Heap before GC invocations=434 (full 400):
 PSYoungGen      total 232960K, used 134646K [0x00000000eab00000, 0x0000000100000000, 0x0000000100000000)
  eden space 116736K, 100% used [0x00000000eab00000,0x00000000f1d00000,0x00000000f1d00000)
  from space 116224K, 15% used [0x00000000f1d00000,0x00000000f2e7d8d8,0x00000000f8e80000)
  to   space 116224K, 0% used [0x00000000f8e80000,0x00000000f8e80000,0x0000000100000000)
 ParOldGen       total 699392K, used 585092K [0x00000000c0000000, 0x00000000eab00000, 0x00000000eab00000)
  object space 699392K, 83% used [0x00000000c0000000,0x00000000e3b61188,0x00000000eab00000)
 Metaspace       used 6654K, capacity 7320K, committed 7680K, reserved 1056768K
  class space    used 628K, capacity 656K, committed 768K, reserved 1048576K
Event: 311.057 GC heap after
Heap after GC invocations=434 (full 400):
 PSYoungGen      total 232960K, used 19028K [0x00000000eab00000, 0x0000000100000000, 0x0000000100000000)
  eden space 116736K, 0% used [0x00000000eab00000,0x00000000eab00000,0x00000000f1d00000)
  from space 116224K, 16% used [0x00000000f8e80000,0x00000000fa115390,0x0000000100000000)
  to   space 116224K, 0% used [0x00000000f1d00000,0x00000000f1d00000,0x00000000f8e80000)
 ParOldGen       total 699392K, used 602238K [0x00000000c0000000, 0x00000000eab00000, 0x00000000eab00000)
  object space 699392K, 86% used [0x00000000c0000000,0x00000000e4c1f910,0x00000000eab00000)
 Metaspace       used 6654K, capacity 7320K, committed 7680K, reserved 1056768K
  class space    used 628K, capacity 656K, committed 768K, reserved 1048576K
}
Event: 311.248 GC heap before
{Heap before GC invocations=435 (full 400):
 PSYoungGen      total 232960K, used 135764K [0x00000000eab00000, 0x0000000100000000, 0x0000000100000000)
  eden space 116736K, 100% used [0x00000000eab00000,0x00000000f1d00000,0x00000000f1d00000)
  from space 116224K, 16% used [0x00000000f8e80000,0x00000000fa115390,0x0000000100000000)
  to   space 116224K, 0% used [0x00000000f1d00000,0x00000000f1d00000,0x00000000f8e80000)
 ParOldGen       total 699392K, used 602238K [0x00000000c0000000, 0x00000000eab00000, 0x00000000eab00000)
  object space 699392K, 86% used [0x00000000c0000000,0x00000000e4c1f910,0x00000000eab00000)
 Metaspace       used 6654K, capacity 7320K, committed 7680K, reserved 1056768K
  class space    used 628K, capacity 656K, committed 768K, reserved 1048576K
Event: 311.304 GC heap after
Heap after GC invocations=435 (full 400):
 PSYoungGen      total 232960K, used 19188K [0x00000000eab00000, 0x0000000100000000, 0x0000000100000000)
  eden space 116736K, 0% used [0x00000000eab00000,0x00000000eab00000,0x00000000f1d00000)
  from space 116224K, 16% used [0x00000000f1d00000,0x00000000f2fbd2d0,0x00000000f8e80000)
  to   space 116224K, 0% used [0x00000000f8e80000,0x00000000f8e80000,0x0000000100000000)
 ParOldGen       total 699392K, used 620546K [0x00000000c0000000, 0x00000000eab00000, 0x00000000eab00000)
  object space 699392K, 88% used [0x00000000c0000000,0x00000000e5e00ad8,0x00000000eab00000)
 Metaspace       used 6654K, capacity 7320K, committed 7680K, reserved 1056768K
  class space    used 628K, capacity 656K, committed 768K, reserved 1048576K
}

Deoptimization events (10 events):
Event: 18.466 Thread 0x0000000056f18800 Uncommon trap: reason=class_check action=maybe_recompile pc=0x0000000003269c10 method=com.android.dx.util.BitIntSet.merge(Lcom/android/dx/util/IntSet;)V @ 1
Event: 18.466 Thread 0x0000000056f18800 Uncommon trap: reason=class_check action=maybe_recompile pc=0x000000000300eee8 method=com.android.dx.ssa.back.InterferenceGraph.mergeInterferenceSet(ILcom/android/dx/util/IntSet;)V @ 20
Event: 18.466 Thread 0x0000000056f18800 Uncommon trap: reason=class_check action=maybe_recompile pc=0x0000000003269c10 method=com.android.dx.util.BitIntSet.merge(Lcom/android/dx/util/IntSet;)V @ 1
Event: 18.470 Thread 0x0000000056f18800 Uncommon trap: reason=class_check action=maybe_recompile pc=0x000000000300eee8 method=com.android.dx.ssa.back.InterferenceGraph.mergeInterferenceSet(ILcom/android/dx/util/IntSet;)V @ 20
Event: 18.470 Thread 0x0000000056f18800 Uncommon trap: reason=class_check action=maybe_recompile pc=0x0000000003269c10 method=com.android.dx.util.BitIntSet.merge(Lcom/android/dx/util/IntSet;)V @ 1
Event: 21.653 Thread 0x00000000579a4800 Uncommon trap: reason=class_check action=maybe_recompile pc=0x00000000031bc438 method=com.android.dx.ssa.SsaConverter.placePhiFunctions(Lcom/android/dx/ssa/SsaMethod;Lcom/android/dx/ssa/LocalVariableInfo;I)V @ 257
Event: 309.146 Thread 0x00000000579a4800 Uncommon trap: reason=unstable_if action=reinterpret pc=0x0000000002dbf6a8 method=com.android.dx.cf.code.Simulator.requiredArrayTypeFor(Lcom/android/dx/rop/type/Type;Lcom/android/dx/rop/type/Type;)Lcom/android/dx/rop/type/Type; @ 49
Event: 310.730 Thread 0x000000000225e000 Uncommon trap: reason=unstable_if action=reinterpret pc=0x0000000002f4d030 method=java.util.concurrent.locks.ReentrantLock$NonfairSync.lock()V @ 6
Event: 311.016 Thread 0x00000000579a4800 Uncommon trap: reason=unstable_if action=reinterpret pc=0x0000000003230bf4 method=com.android.dx.cf.code.Ropper.processBlock(Lcom/android/dx/cf/code/ByteBlock;Lcom/android/dx/cf/code/Frame;[I)V @ 651
Event: 311.210 Thread 0x0000000056f18800 Uncommon trap: reason=unstable_if action=reinterpret pc=0x0000000002b30fe4 method=com.android.dx.rop.code.RegisterSpec.equals(ILcom/android/dx/rop/type/TypeBearer;Lcom/android/dx/rop/code/LocalItem;)Z @ 42

Internal exceptions (9 events):
Event: 0.030 Thread 0x000000000225e000 Exception <a 'java/lang/NoSuchMethodError': Method sun.misc.Unsafe.defineClass(Ljava/lang/String;[BII)Ljava/lang/Class; name or signature does not match> (0x00000000eab0d260) thrown at [C:\workspace\8-2-build-windows-amd64-cygwin\jdk8u65\4987\hotspot\src\sN[„¤£êž?
Event: 0.030 Thread 0x000000000225e000 Exception <a 'java/lang/NoSuchMethodError': Method sun.misc.Unsafe.prefetchRead(Ljava/lang/Object;J)V name or signature does not match> (0x00000000eab0d548) thrown at [C:\workspace\8-2-build-windows-amd64-cygwin\jdk8u65\4987\hotspot\src\share\vm\prims\jni.	ø<ÿ²ë?
Event: 0.866 Thread 0x00000000579a4800 Implicit null exception at 0x0000000002af64d6 to 0x0000000002af7c71
Event: 1.248 Thread 0x00000000575e5800 Exception <a 'java/lang/ArrayIndexOutOfBoundsException': 18> (0x00000000ed288c38) thrown at [C:\workspace\8-2-build-windows-amd64-cygwin\jdk8u65\4987\hotspot\src\share\vm\interpreter\interpreterRuntime.cpp, line 366]
Event: 1.248 Thread 0x00000000575e5800 Exception <a 'java/lang/ArrayIndexOutOfBoundsException': 145> (0x00000000ed28a7b8) thrown at [C:\workspace\8-2-build-windows-amd64-cygwin\jdk8u65\4987\hotspot\src\share\vm\interpreter\interpreterRuntime.cpp, line 366]
Event: 1.249 Thread 0x00000000575e5800 Exception <a 'java/lang/ArrayIndexOutOfBoundsException'> (0x00000000ed28baa0) thrown at [C:\workspace\8-2-build-windows-amd64-cygwin\jdk8u65\4987\hotspot\src\share\vm\runtime\sharedRuntime.cpp, line 605]
Event: 6.864 Thread 0x000000000225e000 Implicit null exception at 0x0000000002947645 to 0x0000000002947fc9
Event: 9.780 Thread 0x0000000056f18800 Implicit null exception at 0x0000000002fcc06e to 0x0000000002fccfb5
Event: 9.780 Thread 0x0000000056f18800 Implicit null exception at 0x000000000326fe57 to 0x000000000326ffd9

Events (10 events):
Event: 311.016 Thread 0x00000000579a4800 Uncommon trap: trap_request=0xffffff65 fr.pc=0x0000000003230bf4
Event: 311.016 Thread 0x00000000579a4800 DEOPT PACKING pc=0x0000000003230bf4 sp=0x000000005924e950
Event: 311.016 Thread 0x00000000579a4800 DEOPT UNPACKING pc=0x000000000281582a sp=0x000000005924e9b8 mode 2
Event: 311.022 Executing VM operation: ParallelGCFailedAllocation
Event: 311.057 Executing VM operation: ParallelGCFailedAllocation done
Event: 311.210 Thread 0x0000000056f18800 Uncommon trap: trap_request=0xffffff65 fr.pc=0x0000000002b30fe4
Event: 311.210 Thread 0x0000000056f18800 DEOPT PACKING pc=0x0000000002b30fe4 sp=0x000000005905eb30
Event: 311.210 Thread 0x0000000056f18800 DEOPT UNPACKING pc=0x000000000281582a sp=0x000000005905e9e0 mode 2
Event: 311.248 Executing VM operation: ParallelGCFailedAllocation
Event: 311.304 Executing VM operation: ParallelGCFailedAllocation done


Dynamic libraries:
0x000000013f1c0000 - 0x000000013f1f7000 	C:\Program Files\Java\jdk1.8.0_65\bin\java.exe
0x0000000077270000 - 0x000000007741a000 	C:\Windows\SYSTEM32\ntdll.dll
0x0000000077150000 - 0x000000007726f000 	C:\Windows\system32\kernel32.dll
0x000007fefd2a0000 - 0x000007fefd30b000 	C:\Windows\system32\KERNELBASE.dll
0x000007fefe0c0000 - 0x000007fefe19b000 	C:\Windows\system32\ADVAPI32.dll
0x000007fefddc0000 - 0x000007fefde5f000 	C:\Windows\system32\msvcrt.dll
0x000007fefd3b0000 - 0x000007fefd3cf000 	C:\Windows\SYSTEM32\sechost.dll
0x000007fefd470000 - 0x000007fefd59d000 	C:\Windows\system32\RPCRT4.dll
0x0000000077050000 - 0x000000007714a000 	C:\Windows\system32\USER32.dll
0x000007fefdd50000 - 0x000007fefddb7000 	C:\Windows\system32\GDI32.dll
0x000007fefd830000 - 0x000007fefd83e000 	C:\Windows\system32\LPK.dll
0x000007fefe1a0000 - 0x000007fefe26a000 	C:\Windows\system32\USP10.dll
0x000007fefbbe0000 - 0x000007fefbdd4000 	C:\Windows\WinSxS\amd64_microsoft.windows.common-controls_6595b64144ccf1df_6.0.7601.18837_none_fa3b1e3d17594757\COMCTL32.dll
0x000007fefdae0000 - 0x000007fefdb51000 	C:\Windows\system32\SHLWAPI.dll
0x000007fefd5a0000 - 0x000007fefd5ce000 	C:\Windows\system32\IMM32.DLL
0x000007fefdc40000 - 0x000007fefdd49000 	C:\Windows\system32\MSCTF.dll
0x000000006a1e0000 - 0x000000006a2b2000 	C:\Program Files\Java\jdk1.8.0_65\jre\bin\msvcr100.dll
0x00000000646e0000 - 0x0000000064f69000 	C:\Program Files\Java\jdk1.8.0_65\jre\bin\server\jvm.dll
0x000007fef9850000 - 0x000007fef9859000 	C:\Windows\system32\WSOCK32.dll
0x000007fefe070000 - 0x000007fefe0bd000 	C:\Windows\system32\WS2_32.dll
0x000007fefd840000 - 0x000007fefd848000 	C:\Windows\system32\NSI.dll
0x000007fefb780000 - 0x000007fefb7bb000 	C:\Windows\system32\WINMM.dll
0x000007fefc0d0000 - 0x000007fefc0dc000 	C:\Windows\system32\VERSION.dll
0x0000000077440000 - 0x0000000077447000 	C:\Windows\system32\PSAPI.DLL
0x0000000072090000 - 0x000000007209f000 	C:\Program Files\Java\jdk1.8.0_65\jre\bin\verify.dll
0x000000006a130000 - 0x000000006a159000 	C:\Program Files\Java\jdk1.8.0_65\jre\bin\java.dll
0x0000000072070000 - 0x0000000072086000 	C:\Program Files\Java\jdk1.8.0_65\jre\bin\zip.dll
0x000007fefe4a0000 - 0x000007feff22a000 	C:\Windows\system32\SHELL32.dll
0x000007fefde60000 - 0x000007fefe063000 	C:\Windows\system32\ole32.dll
0x000007fefd000000 - 0x000007fefd00f000 	C:\Windows\system32\profapi.dll

VM Arguments:
jvm_args: -Djava.awt.headless=true -Xmx1024M -Dfile.encoding=windows-1252 -Duser.country=US -Duser.language=en -Duser.variant 
java_command: com.android.dx.command.Main --dex --num-threads=4 --multi-dex --main-dex-list C:\Users\ddasgupta\AndroidStudioProjects\CommonApp\app\build\intermediates\multi-dex\debug\maindexlist.txt --output C:\Users\ddasgupta\AndroidStudioProjects\CommonApp\app\build\intermediates\transforms\dex\debug\folders\1000\1f\main C:\Users\ddasgupta\AndroidStudioProjects\CommonApp\app\build\intermediates\transforms\jarMerging\debug\jars\1\1f\combined.jar
java_class_path (initial): C:\Users\ddasgupta\AppData\Local\Android\Sdk\build-tools\23.0.2\lib\dx.jar
Launcher Type: SUN_STANDARD

Environment Variables:
PATH=C:\Program Files (x86)\RSA SecurID Token Common;C:\ProgramData\Oracle\Java\javapath;C:\Windows\system32;C:\Windows;C:\Windows\System32\Wbem;C:\Windows\System32\WindowsPowerShell\v1.0\;C:\Program Files (x86)\Skype\Phone\;C:\Program Files\Git\cmd;C:\Program Files\Git\mingw64\bin;C:\Program Files\Git\usr\bin
USERNAME=ddasgupta
OS=Windows_NT
PROCESSOR_IDENTIFIER=Intel64 Family 6 Model 30 Stepping 5, GenuineIntel



---------------  S Y S T E M  ---------------

OS: Windows 7 , 64 bit Build 7601 (6.1.7601.19135)

CPU:total 4 (4 cores per cpu, 1 threads per core) family 6 model 30 stepping 5, cmov, cx8, fxsr, mmx, sse, sse2, sse3, ssse3, sse4.1, sse4.2, popcnt, tsc, tscinvbit

Memory: 4k page, physical 6249592k(629604k free), swap 6264140k(5044k free)

vm_info: Java HotSpot(TM) 64-Bit Server VM (25.65-b01) for windows-amd64 JRE (1.8.0_65-b17), built on Oct  6 2015 16:39:20 by "java_re" with MS VC++ 10.0 (VS2010)

time: Mon Mar 07 11:57:29 2016
elapsed time: 311 seconds (0d 0h 5m 11s)

