#
# There is insufficient memory for the Java Runtime Environment to continue.
# Native memory allocation (malloc) failed to allocate 503792 bytes for Chunk::new
# Possible reasons:
#   The system is out of physical RAM or swap space
#   In 32 bit mode, the process size limit was hit
# Possible solutions:
#   Reduce memory load on the system
#   Increase physical memory or swap space
#   Check if swap backing store is full
#   Use 64 bit Java on a 64 bit OS
#   Decrease Java heap size (-Xmx/-Xms)
#   Decrease number of Java threads
#   Decrease Java thread stack sizes (-Xss)
#   Set larger code cache with -XX:ReservedCodeCacheSize=
# This output file may be truncated or incomplete.
#
#  Out of Memory Error (allocation.cpp:390), pid=5344, tid=5420
#
# JRE version: Java(TM) SE Runtime Environment (8.0_65-b17) (build 1.8.0_65-b17)
# Java VM: Java HotSpot(TM) 64-Bit Server VM (25.65-b01 mixed mode windows-amd64 compressed oops)
# Failed to write core dump. Minidumps are not enabled by default on client versions of Windows
#

---------------  T H R E A D  ---------------

Current thread (0x00000000552b7800):  JavaThread "C2 CompilerThread0" daemon [_thread_in_native, id=5420, stack(0x00000000563e0000,0x00000000564e0000)]

Stack: [0x00000000563e0000,0x00000000564e0000]
[error occurred during error reporting (printing stack bounds), id 0xc0000005]

Native frames: (J=compiled Java code, j=interpreted, Vv=VM code, C=native code)


Current CompileTask:
C2:  49219 3463   !   4       com.android.dx.dex.cf.CfTranslator::processMethods (583 bytes)


---------------  P R O C E S S  ---------------

Java Threads: ( => current thread )
  0x0000000056b19000 JavaThread "pool-2-thread-4" [_thread_blocked, id=5456, stack(0x0000000058ed0000,0x0000000058fd0000)]
  0x0000000056b18000 JavaThread "pool-2-thread-3" [_thread_blocked, id=5452, stack(0x0000000058cb0000,0x0000000058db0000)]
  0x000000005723f000 JavaThread "pool-2-thread-2" [_thread_blocked, id=5448, stack(0x0000000058af0000,0x0000000058bf0000)]
  0x0000000057113000 JavaThread "pool-3-thread-1" [_thread_blocked, id=5444, stack(0x00000000589b0000,0x0000000058ab0000)]
  0x0000000057a63800 JavaThread "pool-2-thread-1" [_thread_blocked, id=5440, stack(0x0000000056e70000,0x0000000056f70000)]
  0x000000005689c000 JavaThread "Service Thread" daemon [_thread_blocked, id=5432, stack(0x0000000056fc0000,0x00000000570c0000)]
  0x00000000552bf000 JavaThread "C1 CompilerThread2" daemon [_thread_blocked, id=5428, stack(0x0000000056d70000,0x0000000056e70000)]
  0x00000000552bd800 JavaThread "C2 CompilerThread1" daemon [_thread_blocked, id=5424, stack(0x0000000056610000,0x0000000056710000)]
=>0x00000000552b7800 JavaThread "C2 CompilerThread0" daemon [_thread_in_native, id=5420, stack(0x00000000563e0000,0x00000000564e0000)]
  0x00000000552b3000 JavaThread "Attach Listener" daemon [_thread_blocked, id=5416, stack(0x0000000056710000,0x0000000056810000)]
  0x00000000552b2000 JavaThread "Signal Dispatcher" daemon [_thread_blocked, id=5412, stack(0x0000000056510000,0x0000000056610000)]
  0x0000000055258000 JavaThread "Finalizer" daemon [_thread_blocked, id=5408, stack(0x0000000056120000,0x0000000056220000)]
  0x0000000055251000 JavaThread "Reference Handler" daemon [_thread_blocked, id=5404, stack(0x00000000562b0000,0x00000000563b0000)]
  0x000000000229e000 JavaThread "main" [_thread_in_native, id=5380, stack(0x00000000023f0000,0x00000000024f0000)]

Other Threads:
  0x000000005524b800 VMThread [stack: 0x0000000055fe0000,0x00000000560e0000] [id=5400]
  0x00000000568b2800 WatcherThread [stack: 0x0000000056c70000,0x0000000056d70000] [id=5436]

VM state:not at safepoint (normal execution)

VM Mutex/Monitor currently owned by a thread: None

Heap:
 PSYoungGen      total 232960K, used 75031K [0x00000000eab00000, 0x0000000100000000, 0x0000000100000000)
  eden space 116736K, 64% used [0x00000000eab00000,0x00000000ef445e58,0x00000000f1d00000)
  from space 116224K, 0% used [0x00000000f8e80000,0x00000000f8e80000,0x0000000100000000)
  to   space 116224K, 0% used [0x00000000f1d00000,0x00000000f1d00000,0x00000000f8e80000)
 ParOldGen       total 699392K, used 699161K [0x00000000c0000000, 0x00000000eab00000, 0x00000000eab00000)
  object space 699392K, 99% used [0x00000000c0000000,0x00000000eaac6668,0x00000000eab00000)
 Metaspace       used 6655K, capacity 7320K, committed 7680K, reserved 1056768K
  class space    used 628K, capacity 656K, committed 768K, reserved 1048576K

Card table byte_map: [0x0000000011b80000,0x0000000011d90000] byte_map_base: 0x0000000011580000

Marking Bits: (ParMarkBitMap*) 0x0000000069d4a5b0
 Begin Bits: [0x00000000126c0000, 0x00000000136c0000)
 End Bits:   [0x00000000136c0000, 0x00000000146c0000)

Polling page: 0x0000000000140000

CodeCache: size=245760Kb used=12802Kb max_used=13260Kb free=232957Kb
 bounds [0x00000000027c0000, 0x00000000034f0000, 0x00000000117c0000]
 total_blobs=2972 nmethods=2703 adapters=182
 compilation: enabled

Compilation events (10 events):
Event: 42.443 Thread 0x00000000552bf000 3462       3       com.android.dx.rop.code.FillArrayDataInsn::withNewRegisters (25 bytes)
Event: 42.443 Thread 0x00000000552bf000 nmethod 3462 0x000000000290c250 code [0x000000000290c3c0, 0x000000000290c6e8]
Event: 42.462 Thread 0x00000000552bd800 nmethod 3458 0x00000000034e02d0 code [0x00000000034e0740, 0x00000000034e3eb8]
Event: 42.858 Thread 0x00000000552b7800 3463   !   4       com.android.dx.dex.cf.CfTranslator::processMethods (583 bytes)
Event: 49.095 Thread 0x00000000552bd800 3464       4       java.lang.ref.ReferenceQueue::remove (6 bytes)
Event: 49.100 Thread 0x00000000552bd800 nmethod 3464 0x00000000029bd410 code [0x00000000029bd580, 0x00000000029bdbc8]
Event: 49.100 Thread 0x00000000552bd800 3465   !   4       java.lang.ref.ReferenceQueue::remove (125 bytes)
Event: 49.104 Thread 0x00000000552bd800 nmethod 3465 0x00000000028dfa90 code [0x00000000028dfc00, 0x00000000028e02a8]
Event: 49.193 Thread 0x00000000552bd800 3466       4       sun.util.calendar.Gregorian$Date::setNormalizedYear (7 bytes)
Event: 49.194 Thread 0x00000000552bd800 nmethod 3466 0x0000000002eaf390 code [0x0000000002eaf4c0, 0x0000000002eaf518]

GC Heap History (10 events):
Event: 33.029 GC heap before
{Heap before GC invocations=52 (full 7):
 PSYoungGen      total 232960K, used 133860K [0x00000000eab00000, 0x0000000100000000, 0x0000000100000000)
  eden space 116736K, 100% used [0x00000000eab00000,0x00000000f1d00000,0x00000000f1d00000)
  from space 116224K, 14% used [0x00000000f8e80000,0x00000000f9f39278,0x0000000100000000)
  to   space 116224K, 0% used [0x00000000f1d00000,0x00000000f1d00000,0x00000000f8e80000)
 ParOldGen       total 699392K, used 645385K [0x00000000c0000000, 0x00000000eab00000, 0x00000000eab00000)
  object space 699392K, 92% used [0x00000000c0000000,0x00000000e76424d8,0x00000000eab00000)
 Metaspace       used 6653K, capacity 7320K, committed 7680K, reserved 1056768K
  class space    used 628K, capacity 656K, committed 768K, reserved 1048576K
Event: 33.082 GC heap after
Heap after GC invocations=52 (full 7):
 PSYoungGen      total 232960K, used 34372K [0x00000000eab00000, 0x0000000100000000, 0x0000000100000000)
  eden space 116736K, 0% used [0x00000000eab00000,0x00000000eab00000,0x00000000f1d00000)
  from space 116224K, 29% used [0x00000000f1d00000,0x00000000f3e91288,0x00000000f8e80000)
  to   space 116224K, 0% used [0x00000000f8e80000,0x00000000f8e80000,0x0000000100000000)
 ParOldGen       total 699392K, used 645385K [0x00000000c0000000, 0x00000000eab00000, 0x00000000eab00000)
  object space 699392K, 92% used [0x00000000c0000000,0x00000000e76424d8,0x00000000eab00000)
 Metaspace       used 6653K, capacity 7320K, committed 7680K, reserved 1056768K
  class space    used 628K, capacity 656K, committed 768K, reserved 1048576K
}
Event: 33.326 GC heap before
{Heap before GC invocations=53 (full 7):
 PSYoungGen      total 232960K, used 151108K [0x00000000eab00000, 0x0000000100000000, 0x0000000100000000)
  eden space 116736K, 100% used [0x00000000eab00000,0x00000000f1d00000,0x00000000f1d00000)
  from space 116224K, 29% used [0x00000000f1d00000,0x00000000f3e91288,0x00000000f8e80000)
  to   space 116224K, 0% used [0x00000000f8e80000,0x00000000f8e80000,0x0000000100000000)
 ParOldGen       total 699392K, used 645385K [0x00000000c0000000, 0x00000000eab00000, 0x00000000eab00000)
  object space 699392K, 92% used [0x00000000c0000000,0x00000000e76424d8,0x00000000eab00000)
 Metaspace       used 6653K, capacity 7320K, committed 7680K, reserved 1056768K
  class space    used 628K, capacity 656K, committed 768K, reserved 1048576K
Event: 33.382 GC heap after
Heap after GC invocations=53 (full 7):
 PSYoungGen      total 232960K, used 17809K [0x00000000eab00000, 0x0000000100000000, 0x0000000100000000)
  eden space 116736K, 0% used [0x00000000eab00000,0x00000000eab00000,0x00000000f1d00000)
  from space 116224K, 15% used [0x00000000f8e80000,0x00000000f9fe4538,0x0000000100000000)
  to   space 116224K, 0% used [0x00000000f1d00000,0x00000000f1d00000,0x00000000f8e80000)
 ParOldGen       total 699392K, used 678696K [0x00000000c0000000, 0x00000000eab00000, 0x00000000eab00000)
  object space 699392K, 97% used [0x00000000c0000000,0x00000000e96ca078,0x00000000eab00000)
 Metaspace       used 6653K, capacity 7320K, committed 7680K, reserved 1056768K
  class space    used 628K, capacity 656K, committed 768K, reserved 1048576K
}
Event: 33.382 GC heap before
{Heap before GC invocations=54 (full 8):
 PSYoungGen      total 232960K, used 17809K [0x00000000eab00000, 0x0000000100000000, 0x0000000100000000)
  eden space 116736K, 0% used [0x00000000eab00000,0x00000000eab00000,0x00000000f1d00000)
  from space 116224K, 15% used [0x00000000f8e80000,0x00000000f9fe4538,0x0000000100000000)
  to   space 116224K, 0% used [0x00000000f1d00000,0x00000000f1d00000,0x00000000f8e80000)
 ParOldGen       total 699392K, used 678696K [0x00000000c0000000, 0x00000000eab00000, 0x00000000eab00000)
  object space 699392K, 97% used [0x00000000c0000000,0x00000000e96ca078,0x00000000eab00000)
 Metaspace       used 6653K, capacity 7320K, committed 7680K, reserved 1056768K
  class space    used 628K, capacity 656K, committed 768K, reserved 1048576K
Event: 35.496 GC heap after
Heap after GC invocations=54 (full 8):
 PSYoungGen      total 232960K, used 0K [0x00000000eab00000, 0x0000000100000000, 0x0000000100000000)
  eden space 116736K, 0% used [0x00000000eab00000,0x00000000eab00000,0x00000000f1d00000)
  from space 116224K, 0% used [0x00000000f8e80000,0x00000000f8e80000,0x0000000100000000)
  to   space 116224K, 0% used [0x00000000f1d00000,0x00000000f1d00000,0x00000000f8e80000)
 ParOldGen       total 699392K, used 694460K [0x00000000c0000000, 0x00000000eab00000, 0x00000000eab00000)
  object space 699392K, 99% used [0x00000000c0000000,0x00000000ea62f0e0,0x00000000eab00000)
 Metaspace       used 6653K, capacity 7320K, committed 7680K, reserved 1056768K
  class space    used 628K, capacity 656K, committed 768K, reserved 1048576K
}
Event: 35.634 GC heap before
{Heap before GC invocations=55 (full 9):
 PSYoungGen      total 232960K, used 116736K [0x00000000eab00000, 0x0000000100000000, 0x0000000100000000)
  eden space 116736K, 100% used [0x00000000eab00000,0x00000000f1d00000,0x00000000f1d00000)
  from space 116224K, 0% used [0x00000000f8e80000,0x00000000f8e80000,0x0000000100000000)
  to   space 116224K, 0% used [0x00000000f1d00000,0x00000000f1d00000,0x00000000f8e80000)
 ParOldGen       total 699392K, used 694460K [0x00000000c0000000, 0x00000000eab00000, 0x00000000eab00000)
  object space 699392K, 99% used [0x00000000c0000000,0x00000000ea62f0e0,0x00000000eab00000)
 Metaspace       used 6653K, capacity 7320K, committed 7680K, reserved 1056768K
  class space    used 628K, capacity 656K, committed 768K, reserved 1048576K
Event: 42.407 GC heap after
Heap after GC invocations=55 (full 9):
 PSYoungGen      total 232960K, used 12725K [0x00000000eab00000, 0x0000000100000000, 0x0000000100000000)
  eden space 116736K, 10% used [0x00000000eab00000,0x00000000eb76d460,0x00000000f1d00000)
  from space 116224K, 0% used [0x00000000f8e80000,0x00000000f8e80000,0x0000000100000000)
  to   space 116224K, 0% used [0x00000000f1d00000,0x00000000f1d00000,0x00000000f8e80000)
 ParOldGen       total 699392K, used 699375K [0x00000000c0000000, 0x00000000eab00000, 0x00000000eab00000)
  object space 699392K, 99% used [0x00000000c0000000,0x00000000eaafbff8,0x00000000eab00000)
 Metaspace       used 6653K, capacity 7320K, committed 7680K, reserved 1056768K
  class space    used 628K, capacity 656K, committed 768K, reserved 1048576K
}
Event: 42.888 GC heap before
{Heap before GC invocations=56 (full 10):
 PSYoungGen      total 232960K, used 116736K [0x00000000eab00000, 0x0000000100000000, 0x0000000100000000)
  eden space 116736K, 100% used [0x00000000eab00000,0x00000000f1d00000,0x00000000f1d00000)
  from space 116224K, 0% used [0x00000000f8e80000,0x00000000f8e80000,0x0000000100000000)
  to   space 116224K, 0% used [0x00000000f1d00000,0x00000000f1d00000,0x00000000f8e80000)
 ParOldGen       total 699392K, used 699375K [0x00000000c0000000, 0x00000000eab00000, 0x00000000eab00000)
  object space 699392K, 99% used [0x00000000c0000000,0x00000000eaafbff8,0x00000000eab00000)
 Metaspace       used 6655K, capacity 7320K, committed 7680K, reserved 1056768K
  class space    used 628K, capacity 656K, committed 768K, reserved 1048576K
Event: 49.094 GC heap after
Heap after GC invocations=56 (full 10):
 PSYoungGen      total 232960K, used 27099K [0x00000000eab00000, 0x0000000100000000, 0x0000000100000000)
  eden space 116736K, 23% used [0x00000000eab00000,0x00000000ec576fc8,0x00000000f1d00000)
  from space 116224K, 0% used [0x00000000f8e80000,0x00000000f8e80000,0x0000000100000000)
  to   space 116224K, 0% used [0x00000000f1d00000,0x00000000f1d00000,0x00000000f8e80000)
 ParOldGen       total 699392K, used 699161K [0x00000000c0000000, 0x00000000eab00000, 0x00000000eab00000)
  object space 699392K, 99% used [0x00000000c0000000,0x00000000eaac6668,0x00000000eab00000)
 Metaspace       used 6655K, capacity 7320K, committed 7680K, reserved 1056768K
  class space    used 628K, capacity 656K, committed 768K, reserved 1048576K
}

Deoptimization events (10 events):
Event: 30.077 Thread 0x000000000229e000 Uncommon trap: reason=unstable_if action=reinterpret pc=0x000000000326cfa0 method=com.android.dx.cf.code.Ropper.processBlock(Lcom/android/dx/cf/code/ByteBlock;Lcom/android/dx/cf/code/Frame;[I)V @ 651
Event: 30.078 Thread 0x000000000229e000 Uncommon trap: reason=unstable_if action=reinterpret pc=0x0000000002b4716c method=com.android.dx.util.IntList.binarysearch(I)I @ 105
Event: 30.920 Thread 0x0000000057a63800 Uncommon trap: reason=unstable_if action=reinterpret pc=0x0000000002abf320 method=com.android.dx.rop.code.RegisterSpec.equals(ILcom/android/dx/rop/type/TypeBearer;Lcom/android/dx/rop/code/LocalItem;)Z @ 42
Event: 32.723 Thread 0x0000000056b19000 Uncommon trap: reason=unstable_if action=reinterpret pc=0x00000000030a0a34 method=com.android.dx.rop.code.LocalItem.compareHandlesNulls(Lcom/android/dx/rop/cst/CstString;Lcom/android/dx/rop/cst/CstString;)I @ 8
Event: 32.723 Thread 0x0000000056b19000 Uncommon trap: reason=unstable_if action=reinterpret pc=0x00000000033b71d8 method=com.android.dx.rop.code.LocalItem.compareHandlesNulls(Lcom/android/dx/rop/cst/CstString;Lcom/android/dx/rop/cst/CstString;)I @ 8
Event: 32.818 Thread 0x000000005723f000 Uncommon trap: reason=class_check action=maybe_recompile pc=0x00000000030ab65c method=com.android.dx.ssa.SCCP.simulateBranch(Lcom/android/dx/ssa/SsaInsn;)V @ 339
Event: 32.921 Thread 0x0000000057a63800 Uncommon trap: reason=bimorphic action=maybe_recompile pc=0x00000000032b3f9c method=com.android.dx.cf.code.BytecodeArray.parseInstruction(ILcom/android/dx/cf/code/BytecodeArray$Visitor;)I @ 891
Event: 32.921 Thread 0x0000000057a63800 Uncommon trap: reason=bimorphic action=maybe_recompile pc=0x00000000032b3f9c method=com.android.dx.cf.code.BytecodeArray.parseInstruction(ILcom/android/dx/cf/code/BytecodeArray$Visitor;)I @ 891
Event: 33.015 Thread 0x0000000056b18000 Uncommon trap: reason=class_check action=maybe_recompile pc=0x00000000030ab65c method=com.android.dx.ssa.SCCP.simulateBranch(Lcom/android/dx/ssa/SsaInsn;)V @ 339
Event: 33.128 Thread 0x0000000057a63800 Uncommon trap: reason=unstable_if action=reinterpret pc=0x00000000029ed1f8 method=com.android.dx.ssa.LiteralOpUpgrader.tryReplacingWithConstant(Lcom/android/dx/ssa/NormalSsaInsn;)Z @ 92

Internal exceptions (10 events):
Event: 0.031 Thread 0x000000000229e000 Exception <a 'java/lang/NoSuchMethodError': Method sun.misc.Unsafe.defineClass(Ljava/lang/String;[BII)Ljava/lang/Class; name or signature does not match> (0x00000000eab0d2b8) thrown at [C:\workspace\8-2-build-windows-amd64-cygwin\jdk8u65\4987\hotspot\src\seqTDÍŸ?
Event: 0.031 Thread 0x000000000229e000 Exception <a 'java/lang/NoSuchMethodError': Method sun.misc.Unsafe.prefetchRead(Ljava/lang/Object;J)V name or signature does not match> (0x00000000eab0d5a0) thrown at [C:\workspace\8-2-build-windows-amd64-cygwin\jdk8u65\4987\hotspot\src\share\vm\prims\jni.ElÂj×î?
Event: 0.964 Thread 0x0000000057a63800 Implicit null exception at 0x0000000002ac0610 to 0x0000000002ac1af9
Event: 1.081 Thread 0x000000005723f000 Implicit null exception at 0x0000000002ab4fbd to 0x0000000002ab61a5
Event: 1.370 Thread 0x0000000057a63800 Exception <a 'java/lang/ArrayIndexOutOfBoundsException': 18> (0x00000000ed03fc18) thrown at [C:\workspace\8-2-build-windows-amd64-cygwin\jdk8u65\4987\hotspot\src\share\vm\interpreter\interpreterRuntime.cpp, line 366]
Event: 1.370 Thread 0x0000000057a63800 Exception <a 'java/lang/ArrayIndexOutOfBoundsException': 145> (0x00000000ed041798) thrown at [C:\workspace\8-2-build-windows-amd64-cygwin\jdk8u65\4987\hotspot\src\share\vm\interpreter\interpreterRuntime.cpp, line 366]
Event: 1.371 Thread 0x0000000057a63800 Exception <a 'java/lang/ArrayIndexOutOfBoundsException'> (0x00000000ed042a80) thrown at [C:\workspace\8-2-build-windows-amd64-cygwin\jdk8u65\4987\hotspot\src\share\vm\runtime\sharedRuntime.cpp, line 605]
Event: 7.089 Thread 0x000000000229e000 Implicit null exception at 0x000000000291c828 to 0x000000000291cc95
Event: 32.723 Thread 0x0000000056b19000 Implicit null exception at 0x000000000309febd to 0x00000000030a0a0d
Event: 32.723 Thread 0x0000000056b19000 Implicit null exception at 0x00000000033b7053 to 0x00000000033b71c5

Events (10 events):
Event: 49.194 Thread 0x00000000552bd800 flushing nmethod 0x0000000002b87890
Event: 49.194 Thread 0x00000000552bd800 flushing nmethod 0x0000000002b88a50
Event: 49.194 Thread 0x00000000552bd800 flushing nmethod 0x0000000002b8a4d0
Event: 49.194 Thread 0x00000000552bd800 flushing nmethod 0x0000000002b8abd0
Event: 49.194 Thread 0x00000000552bd800 flushing nmethod 0x0000000002b8d910
Event: 49.194 Thread 0x00000000552bd800 flushing nmethod 0x0000000002b8e2d0
Event: 49.194 Thread 0x00000000552bd800 flushing nmethod 0x0000000002b8eb10
Event: 49.194 Thread 0x00000000552bd800 flushing nmethod 0x0000000002b91890
Event: 49.194 Thread 0x00000000552bd800 flushing nmethod 0x0000000002b92010
Event: 49.194 Thread 0x00000000552bd800 flushing nmethod 0x0000000002b92f50


Dynamic libraries:
0x000000013fc50000 - 0x000000013fc87000 	C:\Program Files\Java\jdk1.8.0_65\bin\java.exe
0x0000000076e00000 - 0x0000000076faa000 	C:\Windows\SYSTEM32\ntdll.dll
0x0000000076ce0000 - 0x0000000076dff000 	C:\Windows\system32\kernel32.dll
0x000007fefcbd0000 - 0x000007fefcc3b000 	C:\Windows\system32\KERNELBASE.dll
0x000007fefcf40000 - 0x000007fefd01b000 	C:\Windows\system32\ADVAPI32.dll
0x000007fefef80000 - 0x000007feff01f000 	C:\Windows\system32\msvcrt.dll
0x000007feff0f0000 - 0x000007feff10f000 	C:\Windows\SYSTEM32\sechost.dll
0x000007fefd6c0000 - 0x000007fefd7ed000 	C:\Windows\system32\RPCRT4.dll
0x0000000076be0000 - 0x0000000076cda000 	C:\Windows\system32\USER32.dll
0x000007fefd7f0000 - 0x000007fefd857000 	C:\Windows\system32\GDI32.dll
0x000007fefd5f0000 - 0x000007fefd5fe000 	C:\Windows\system32\LPK.dll
0x000007feff020000 - 0x000007feff0ea000 	C:\Windows\system32\USP10.dll
0x000007fefb5d0000 - 0x000007fefb7c4000 	C:\Windows\WinSxS\amd64_microsoft.windows.common-controls_6595b64144ccf1df_6.0.7601.18837_none_fa3b1e3d17594757\COMCTL32.dll
0x000007fefef00000 - 0x000007fefef71000 	C:\Windows\system32\SHLWAPI.dll
0x000007fefd940000 - 0x000007fefd96e000 	C:\Windows\system32\IMM32.DLL
0x000007fefd970000 - 0x000007fefda79000 	C:\Windows\system32\MSCTF.dll
0x0000000071a80000 - 0x0000000071b52000 	C:\Program Files\Java\jdk1.8.0_65\jre\bin\msvcr100.dll
0x0000000069540000 - 0x0000000069dc9000 	C:\Program Files\Java\jdk1.8.0_65\jre\bin\server\jvm.dll
0x000007fef9740000 - 0x000007fef9749000 	C:\Windows\system32\WSOCK32.dll
0x000007fefd250000 - 0x000007fefd29d000 	C:\Windows\system32\WS2_32.dll
0x000007fefdd10000 - 0x000007fefdd18000 	C:\Windows\system32\NSI.dll
0x000007fefa1a0000 - 0x000007fefa1db000 	C:\Windows\system32\WINMM.dll
0x000007fefbc60000 - 0x000007fefbc6c000 	C:\Windows\system32\VERSION.dll
0x0000000076fc0000 - 0x0000000076fc7000 	C:\Windows\system32\PSAPI.DLL
0x0000000073ed0000 - 0x0000000073edf000 	C:\Program Files\Java\jdk1.8.0_65\jre\bin\verify.dll
0x0000000071a50000 - 0x0000000071a79000 	C:\Program Files\Java\jdk1.8.0_65\jre\bin\java.dll
0x0000000073eb0000 - 0x0000000073ec6000 	C:\Program Files\Java\jdk1.8.0_65\jre\bin\zip.dll
0x000007fefe170000 - 0x000007fefeefa000 	C:\Windows\system32\SHELL32.dll
0x000007fefdf00000 - 0x000007fefe103000 	C:\Windows\system32\ole32.dll
0x000007fefcb80000 - 0x000007fefcb8f000 	C:\Windows\system32\profapi.dll

VM Arguments:
jvm_args: -Djava.awt.headless=true -Xmx1024M -Dfile.encoding=windows-1252 -Duser.country=US -Duser.language=en -Duser.variant 
java_command: com.android.dx.command.Main --dex --num-threads=4 --multi-dex --main-dex-list C:\Users\ddasgupta\AndroidStudioProjects\CommonApp\app\build\intermediates\multi-dex\debug\maindexlist.txt --output C:\Users\ddasgupta\AndroidStudioProjects\CommonApp\app\build\intermediates\transforms\dex\debug\folders\1000\1f\main C:\Users\ddasgupta\AndroidStudioProjects\CommonApp\app\build\intermediates\transforms\jarMerging\debug\jars\1\1f\combined.jar
java_class_path (initial): C:\Users\ddasgupta\AppData\Local\Android\Sdk\build-tools\23.0.2\lib\dx.jar
Launcher Type: SUN_STANDARD

Environment Variables:
PATH=C:\Program Files (x86)\RSA SecurID Token Common;C:\ProgramData\Oracle\Java\javapath;C:\Windows\system32;C:\Windows;C:\Windows\System32\Wbem;C:\Windows\System32\WindowsPowerShell\v1.0\;C:\Program Files (x86)\Skype\Phone\;C:\Program Files\Git\cmd;C:\Program Files\Git\mingw64\bin;C:\Program Files\Git\usr\bin
USERNAME=ddasgupta
OS=Windows_NT
PROCESSOR_IDENTIFIER=Intel64 Family 6 Model 30 Stepping 5, GenuineIntel



---------------  S Y S T E M  ---------------

OS: Windows 7 , 64 bit Build 7601 (6.1.7601.19160)

CPU:total 4 (4 cores per cpu, 1 threads per core) family 6 model 30 stepping 5, cmov, cx8, fxsr, mmx, sse, sse2, sse3, ssse3, sse4.1, sse4.2, popcnt, tsc, tscinvbit

Memory: 4k page, physical 6249592k(484676k free), swap 6264140k(5144k free)

vm_info: Java HotSpot(TM) 64-Bit Server VM (25.65-b01) for windows-amd64 JRE (1.8.0_65-b17), built on Oct  6 2015 16:39:20 by "java_re" with MS VC++ 10.0 (VS2010)

time: Thu Mar 31 14:12:09 2016
elapsed time: 49 seconds (0d 0h 0m 49s)

