#
# There is insufficient memory for the Java Runtime Environment to continue.
# Native memory allocation (malloc) failed to allocate 947872 bytes for Chunk::new
# Possible reasons:
#   The system is out of physical RAM or swap space
#   In 32 bit mode, the process size limit was hit
# Possible solutions:
#   Reduce memory load on the system
#   Increase physical memory or swap space
#   Check if swap backing store is full
#   Use 64 bit Java on a 64 bit OS
#   Decrease Java heap size (-Xmx/-Xms)
#   Decrease number of Java threads
#   Decrease Java thread stack sizes (-Xss)
#   Set larger code cache with -XX:ReservedCodeCacheSize=
# This output file may be truncated or incomplete.
#
#  Out of Memory Error (allocation.cpp:390), pid=7304, tid=4176
#
# JRE version: Java(TM) SE Runtime Environment (8.0_65-b17) (build 1.8.0_65-b17)
# Java VM: Java HotSpot(TM) 64-Bit Server VM (25.65-b01 mixed mode windows-amd64 compressed oops)
# Failed to write core dump. Minidumps are not enabled by default on client versions of Windows
#

---------------  T H R E A D  ---------------

Current thread (0x00000000551ea000):  JavaThread "C2 CompilerThread0" daemon [_thread_in_native, id=4176, stack(0x0000000056240000,0x0000000056340000)]

Stack: [0x0000000056240000,0x0000000056340000]
[error occurred during error reporting (printing stack bounds), id 0xc0000005]

Native frames: (J=compiled Java code, j=interpreted, Vv=VM code, C=native code)


Current CompileTask:
C2:   4982 2016   !   4       com.android.dx.cf.code.RopperMachine::run (1550 bytes)


---------------  P R O C E S S  ---------------

Java Threads: ( => current thread )
  0x000000005788a800 JavaThread "pool-2-thread-4" [_thread_blocked, id=4168, stack(0x0000000059a10000,0x0000000059b10000)]
  0x0000000057889800 JavaThread "pool-2-thread-3" [_thread_blocked, id=3924, stack(0x0000000057110000,0x0000000057210000)]
  0x0000000057888000 JavaThread "pool-2-thread-2" [_thread_blocked, id=3300, stack(0x00000000597d0000,0x00000000598d0000)]
  0x0000000057887000 JavaThread "pool-3-thread-1" [_thread_blocked, id=4536, stack(0x0000000057d90000,0x0000000057e90000)]
  0x0000000056ca0000 JavaThread "pool-2-thread-1" [_thread_blocked, id=6292, stack(0x0000000012240000,0x0000000012340000)]
  0x0000000056a3e800 JavaThread "Service Thread" daemon [_thread_blocked, id=7256, stack(0x0000000057250000,0x0000000057350000)]
  0x00000000569c3000 JavaThread "C1 CompilerThread2" daemon [_thread_blocked, id=7264, stack(0x0000000056ff0000,0x00000000570f0000)]
  0x00000000551ee800 JavaThread "C2 CompilerThread1" daemon [_thread_in_native, id=6804, stack(0x0000000056de0000,0x0000000056ee0000)]
=>0x00000000551ea000 JavaThread "C2 CompilerThread0" daemon [_thread_in_native, id=4176, stack(0x0000000056240000,0x0000000056340000)]
  0x00000000551e2000 JavaThread "Attach Listener" daemon [_thread_blocked, id=5436, stack(0x00000000568c0000,0x00000000569c0000)]
  0x00000000551e0800 JavaThread "Signal Dispatcher" daemon [_thread_blocked, id=8172, stack(0x00000000567a0000,0x00000000568a0000)]
  0x0000000055186800 JavaThread "Finalizer" daemon [_thread_blocked, id=7740, stack(0x00000000565d0000,0x00000000566d0000)]
  0x0000000055180000 JavaThread "Reference Handler" daemon [_thread_blocked, id=8124, stack(0x00000000563e0000,0x00000000564e0000)]
  0x00000000002fe000 JavaThread "main" [_thread_in_vm, id=7976, stack(0x0000000002410000,0x0000000002510000)]

Other Threads:
  0x000000005517a800 VMThread [stack: 0x0000000056110000,0x0000000056210000] [id=2572]
  0x0000000056a66800 WatcherThread [stack: 0x0000000057450000,0x0000000057550000] [id=7844]

VM state:not at safepoint (normal execution)

VM Mutex/Monitor currently owned by a thread: None

Heap:
 PSYoungGen      total 287744K, used 130648K [0x00000000eab00000, 0x0000000100000000, 0x0000000100000000)
  eden space 250880K, 43% used [0x00000000eab00000,0x00000000f16a6df8,0x00000000fa000000)
  from space 36864K, 55% used [0x00000000fdc00000,0x00000000fefef530,0x0000000100000000)
  to   space 49152K, 0% used [0x00000000fa000000,0x00000000fa000000,0x00000000fd000000)
 ParOldGen       total 123392K, used 65109K [0x00000000c0000000, 0x00000000c7880000, 0x00000000eab00000)
  object space 123392K, 52% used [0x00000000c0000000,0x00000000c3f95430,0x00000000c7880000)
 Metaspace       used 6589K, capacity 7320K, committed 7680K, reserved 1056768K
  class space    used 625K, capacity 656K, committed 768K, reserved 1048576K

Card table byte_map: [0x0000000011ba0000,0x0000000011db0000] byte_map_base: 0x00000000115a0000

Marking Bits: (ParMarkBitMap*) 0x000000005873a5b0
 Begin Bits: [0x00000000125f0000, 0x00000000135f0000)
 End Bits:   [0x00000000135f0000, 0x00000000145f0000)

Polling page: 0x00000000005d0000

CodeCache: size=245760Kb used=8822Kb max_used=8822Kb free=236937Kb
 bounds [0x00000000027e0000, 0x0000000003090000, 0x00000000117e0000]
 total_blobs=2478 nmethods=2209 adapters=182
 compilation: enabled

Compilation events (10 events):
Event: 4.940 Thread 0x00000000569c3000 2336       1       com.android.dx.rop.code.Insn$BaseVisitor::visitThrowingInsn (1 bytes)
Event: 4.940 Thread 0x00000000569c3000 nmethod 2336 0x0000000003070190 code [0x00000000030702e0, 0x00000000030703f0]
Event: 4.946 Thread 0x00000000569c3000 2337   !   2       java.util.concurrent.locks.AbstractQueuedSynchronizer::doAcquireInterruptibly (97 bytes)
Event: 4.947 Thread 0x00000000569c3000 nmethod 2337 0x00000000030826d0 code [0x00000000030828c0, 0x0000000003082e98]
Event: 4.948 Thread 0x00000000569c3000 2338       2       com.android.dx.dex.file.AnnotationUtils::makeInnerClass (65 bytes)
Event: 4.948 Thread 0x00000000569c3000 nmethod 2338 0x0000000003083450 code [0x0000000003083640, 0x0000000003083b38]
Event: 4.958 Thread 0x00000000569c3000 2339       2       com.android.dx.cf.direct.StdAttributeFactory::localVariableTypeTable (98 bytes)
Event: 4.959 Thread 0x00000000569c3000 nmethod 2339 0x0000000003083f90 code [0x00000000030841a0, 0x0000000003084918]
Event: 4.959 Thread 0x00000000569c3000 2340       2       com.android.dx.cf.attrib.AttLocalVariableTypeTable::<init> (8 bytes)
Event: 4.959 Thread 0x00000000569c3000 nmethod 2340 0x00000000030850d0 code [0x0000000003085240, 0x00000000030853c8]

GC Heap History (10 events):
Event: 1.704 GC heap before
{Heap before GC invocations=5 (full 0):
 PSYoungGen      total 102400K, used 102385K [0x00000000eab00000, 0x00000000f1300000, 0x0000000100000000)
  eden space 98304K, 100% used [0x00000000eab00000,0x00000000f0b00000,0x00000000f0b00000)
  from space 4096K, 99% used [0x00000000f0f00000,0x00000000f12fc480,0x00000000f1300000)
  to   space 4096K, 0% used [0x00000000f0b00000,0x00000000f0b00000,0x00000000f0f00000)
 ParOldGen       total 65536K, used 4485K [0x00000000c0000000, 0x00000000c4000000, 0x00000000eab00000)
  object space 65536K, 6% used [0x00000000c0000000,0x00000000c0461468,0x00000000c4000000)
 Metaspace       used 6320K, capacity 7152K, committed 7296K, reserved 1056768K
  class space    used 604K, capacity 616K, committed 640K, reserved 1048576K
Event: 1.735 GC heap after
Heap after GC invocations=5 (full 0):
 PSYoungGen      total 102400K, used 4066K [0x00000000eab00000, 0x00000000f8b00000, 0x0000000100000000)
  eden space 98304K, 0% used [0x00000000eab00000,0x00000000eab00000,0x00000000f0b00000)
  from space 4096K, 99% used [0x00000000f0b00000,0x00000000f0ef8b20,0x00000000f0f00000)
  to   space 16384K, 0% used [0x00000000f7b00000,0x00000000f7b00000,0x00000000f8b00000)
 ParOldGen       total 65536K, used 18137K [0x00000000c0000000, 0x00000000c4000000, 0x00000000eab00000)
  object space 65536K, 27% used [0x00000000c0000000,0x00000000c11b64a0,0x00000000c4000000)
 Metaspace       used 6320K, capacity 7152K, committed 7296K, reserved 1056768K
  class space    used 604K, capacity 616K, committed 640K, reserved 1048576K
}
Event: 2.750 GC heap before
{Heap before GC invocations=6 (full 0):
 PSYoungGen      total 102400K, used 102370K [0x00000000eab00000, 0x00000000f8b00000, 0x0000000100000000)
  eden space 98304K, 100% used [0x00000000eab00000,0x00000000f0b00000,0x00000000f0b00000)
  from space 4096K, 99% used [0x00000000f0b00000,0x00000000f0ef8b20,0x00000000f0f00000)
  to   space 16384K, 0% used [0x00000000f7b00000,0x00000000f7b00000,0x00000000f8b00000)
 ParOldGen       total 65536K, used 18137K [0x00000000c0000000, 0x00000000c4000000, 0x00000000eab00000)
  object space 65536K, 27% used [0x00000000c0000000,0x00000000c11b64a0,0x00000000c4000000)
 Metaspace       used 6448K, capacity 7192K, committed 7424K, reserved 1056768K
  class space    used 625K, capacity 656K, committed 768K, reserved 1048576K
Event: 2.779 GC heap after
Heap after GC invocations=6 (full 0):
 PSYoungGen      total 208384K, used 16372K [0x00000000eab00000, 0x00000000f9400000, 0x0000000100000000)
  eden space 192000K, 0% used [0x00000000eab00000,0x00000000eab00000,0x00000000f6680000)
  from space 16384K, 99% used [0x00000000f7b00000,0x00000000f8afd2e0,0x00000000f8b00000)
  to   space 20992K, 0% used [0x00000000f6680000,0x00000000f6680000,0x00000000f7b00000)
 ParOldGen       total 65536K, used 18978K [0x00000000c0000000, 0x00000000c4000000, 0x00000000eab00000)
  object space 65536K, 28% used [0x00000000c0000000,0x00000000c1288af8,0x00000000c4000000)
 Metaspace       used 6448K, capacity 7192K, committed 7424K, reserved 1056768K
  class space    used 625K, capacity 656K, committed 768K, reserved 1048576K
}
Event: 3.502 GC heap before
{Heap before GC invocations=7 (full 0):
 PSYoungGen      total 208384K, used 208372K [0x00000000eab00000, 0x00000000f9400000, 0x0000000100000000)
  eden space 192000K, 100% used [0x00000000eab00000,0x00000000f6680000,0x00000000f6680000)
  from space 16384K, 99% used [0x00000000f7b00000,0x00000000f8afd2e0,0x00000000f8b00000)
  to   space 20992K, 0% used [0x00000000f6680000,0x00000000f6680000,0x00000000f7b00000)
 ParOldGen       total 65536K, used 18978K [0x00000000c0000000, 0x00000000c4000000, 0x00000000eab00000)
  object space 65536K, 28% used [0x00000000c0000000,0x00000000c1288af8,0x00000000c4000000)
 Metaspace       used 6556K, capacity 7256K, committed 7424K, reserved 1056768K
  class space    used 625K, capacity 656K, committed 768K, reserved 1048576K
Event: 3.578 GC heap after
Heap after GC invocations=7 (full 0):
 PSYoungGen      total 212992K, used 20977K [0x00000000eab00000, 0x0000000100000000, 0x0000000100000000)
  eden space 192000K, 0% used [0x00000000eab00000,0x00000000eab00000,0x00000000f6680000)
  from space 20992K, 99% used [0x00000000f6680000,0x00000000f7afc630,0x00000000f7b00000)
  to   space 36864K, 0% used [0x00000000fdc00000,0x00000000fdc00000,0x0000000100000000)
 ParOldGen       total 65536K, used 42101K [0x00000000c0000000, 0x00000000c4000000, 0x00000000eab00000)
  object space 65536K, 64% used [0x00000000c0000000,0x00000000c291d7a0,0x00000000c4000000)
 Metaspace       used 6556K, capacity 7256K, committed 7424K, reserved 1056768K
  class space    used 625K, capacity 656K, committed 768K, reserved 1048576K
}
Event: 4.026 GC heap before
{Heap before GC invocations=8 (full 0):
 PSYoungGen      total 212992K, used 212977K [0x00000000eab00000, 0x0000000100000000, 0x0000000100000000)
  eden space 192000K, 100% used [0x00000000eab00000,0x00000000f6680000,0x00000000f6680000)
  from space 20992K, 99% used [0x00000000f6680000,0x00000000f7afc630,0x00000000f7b00000)
  to   space 36864K, 0% used [0x00000000fdc00000,0x00000000fdc00000,0x0000000100000000)
 ParOldGen       total 65536K, used 42101K [0x00000000c0000000, 0x00000000c4000000, 0x00000000eab00000)
  object space 65536K, 64% used [0x00000000c0000000,0x00000000c291d7a0,0x00000000c4000000)
 Metaspace       used 6586K, capacity 7320K, committed 7680K, reserved 1056768K
  class space    used 625K, capacity 656K, committed 768K, reserved 1048576K
Event: 4.101 GC heap after
Heap after GC invocations=8 (full 0):
 PSYoungGen      total 287744K, used 36853K [0x00000000eab00000, 0x0000000100000000, 0x0000000100000000)
  eden space 250880K, 0% used [0x00000000eab00000,0x00000000eab00000,0x00000000fa000000)
  from space 36864K, 99% used [0x00000000fdc00000,0x00000000ffffd7f8,0x0000000100000000)
  to   space 49152K, 0% used [0x00000000fa000000,0x00000000fa000000,0x00000000fd000000)
 ParOldGen       total 65536K, used 52656K [0x00000000c0000000, 0x00000000c4000000, 0x00000000eab00000)
  object space 65536K, 80% used [0x00000000c0000000,0x00000000c336c018,0x00000000c4000000)
 Metaspace       used 6586K, capacity 7320K, committed 7680K, reserved 1056768K
  class space    used 625K, capacity 656K, committed 768K, reserved 1048576K
}
Event: 4.101 GC heap before
{Heap before GC invocations=9 (full 1):
 PSYoungGen      total 287744K, used 36853K [0x00000000eab00000, 0x0000000100000000, 0x0000000100000000)
  eden space 250880K, 0% used [0x00000000eab00000,0x00000000eab00000,0x00000000fa000000)
  from space 36864K, 99% used [0x00000000fdc00000,0x00000000ffffd7f8,0x0000000100000000)
  to   space 49152K, 0% used [0x00000000fa000000,0x00000000fa000000,0x00000000fd000000)
 ParOldGen       total 65536K, used 52656K [0x00000000c0000000, 0x00000000c4000000, 0x00000000eab00000)
  object space 65536K, 80% used [0x00000000c0000000,0x00000000c336c018,0x00000000c4000000)
 Metaspace       used 6586K, capacity 7320K, committed 7680K, reserved 1056768K
  class space    used 625K, capacity 656K, committed 768K, reserved 1048576K
Event: 4.735 GC heap after
Heap after GC invocations=9 (full 1):
 PSYoungGen      total 287744K, used 20413K [0x00000000eab00000, 0x0000000100000000, 0x0000000100000000)
  eden space 250880K, 0% used [0x00000000eab00000,0x00000000eab00000,0x00000000fa000000)
  from space 36864K, 55% used [0x00000000fdc00000,0x00000000fefef530,0x0000000100000000)
  to   space 49152K, 0% used [0x00000000fa000000,0x00000000fa000000,0x00000000fd000000)
 ParOldGen       total 123392K, used 65109K [0x00000000c0000000, 0x00000000c7880000, 0x00000000eab00000)
  object space 123392K, 52% used [0x00000000c0000000,0x00000000c3f95430,0x00000000c7880000)
 Metaspace       used 6586K, capacity 7320K, committed 7680K, reserved 1056768K
  class space    used 625K, capacity 656K, committed 768K, reserved 1048576K
}

Deoptimization events (10 events):
Event: 1.899 Thread 0x00000000002fe000 Uncommon trap: reason=bimorphic action=maybe_recompile pc=0x0000000002e594b4 method=com.android.dx.rop.code.RegisterSpec.withSimpleType()Lcom/android/dx/rop/code/RegisterSpec; @ 21
Event: 1.904 Thread 0x00000000002fe000 Uncommon trap: reason=unstable_if action=reinterpret pc=0x0000000002d96a40 method=java.util.HashMap.getNode(ILjava/lang/Object;)Ljava/util/HashMap$Node; @ 84
Event: 2.733 Thread 0x0000000057889800 Uncommon trap: reason=unstable_if action=reinterpret pc=0x0000000002ed6d28 method=com.android.dx.cf.code.BytecodeArray.parseInstruction(ILcom/android/dx/cf/code/BytecodeArray$Visitor;)I @ 1261
Event: 3.013 Thread 0x000000005788a800 Uncommon trap: reason=unstable_if action=reinterpret pc=0x0000000002e7a304 method=com.android.dx.ssa.MoveParamCombiner$1.visitNonMoveInsn(Lcom/android/dx/ssa/NormalSsaInsn;)V @ 27
Event: 3.304 Thread 0x0000000056ca0000 Uncommon trap: reason=class_check action=maybe_recompile pc=0x0000000002fc48d8 method=com.android.dx.ssa.SCCP.simulateBranch(Lcom/android/dx/ssa/SsaInsn;)V @ 145
Event: 3.455 Thread 0x000000005788a800 Uncommon trap: reason=class_check action=maybe_recompile pc=0x0000000002fc48d8 method=com.android.dx.ssa.SCCP.simulateBranch(Lcom/android/dx/ssa/SsaInsn;)V @ 145
Event: 3.455 Thread 0x000000005788a800 Uncommon trap: reason=class_check action=maybe_recompile pc=0x0000000002fc48d8 method=com.android.dx.ssa.SCCP.simulateBranch(Lcom/android/dx/ssa/SsaInsn;)V @ 145
Event: 3.590 Thread 0x0000000057889800 Uncommon trap: reason=class_check action=maybe_recompile pc=0x0000000002fc48d8 method=com.android.dx.ssa.SCCP.simulateBranch(Lcom/android/dx/ssa/SsaInsn;)V @ 145
Event: 3.906 Thread 0x000000005788a800 Uncommon trap: reason=unstable_if action=reinterpret pc=0x0000000002fe3230 method=com.android.dx.ssa.SCCP.simulateStmt(Lcom/android/dx/ssa/SsaInsn;)V @ 59
Event: 3.908 Thread 0x000000005788a800 Uncommon trap: reason=unstable_if action=reinterpret pc=0x0000000002eed1fc method=com.android.dx.ssa.LiteralOpUpgrader$1.visitNonMoveInsn(Lcom/android/dx/ssa/NormalSsaInsn;)V @ 137

Internal exceptions (5 events):
Event: 0.065 Thread 0x00000000002fe000 Exception <a 'java/lang/NoSuchMethodError': Method sun.misc.Unsafe.defineClass(Ljava/lang/String;[BII)Ljava/lang/Class; name or signature does not match> (0x00000000eab0d458) thrown at [C:\workspace\8-2-build-windows-amd64-cygwin\jdk8u65\4987\hotspot\src\s
Event: 0.065 Thread 0x00000000002fe000 Exception <a 'java/lang/NoSuchMethodError': Method sun.misc.Unsafe.prefetchRead(Ljava/lang/Object;J)V name or signature does not match> (0x00000000eab0d740) thrown at [C:\workspace\8-2-build-windows-amd64-cygwin\jdk8u65\4987\hotspot\src\share\vm\prims\jni.Ô¯x¸¢Rþ?
Event: 1.895 Thread 0x00000000002fe000 Exception <a 'java/lang/ArrayIndexOutOfBoundsException': 18> (0x00000000ed5905b8) thrown at [C:\workspace\8-2-build-windows-amd64-cygwin\jdk8u65\4987\hotspot\src\share\vm\interpreter\interpreterRuntime.cpp, line 366]
Event: 1.896 Thread 0x00000000002fe000 Exception <a 'java/lang/ArrayIndexOutOfBoundsException'> (0x00000000ed592138) thrown at [C:\workspace\8-2-build-windows-amd64-cygwin\jdk8u65\4987\hotspot\src\share\vm\runtime\sharedRuntime.cpp, line 605]
Event: 1.896 Thread 0x00000000002fe000 Exception <a 'java/lang/ArrayIndexOutOfBoundsException'> (0x00000000ed593420) thrown at [C:\workspace\8-2-build-windows-amd64-cygwin\jdk8u65\4987\hotspot\src\share\vm\runtime\sharedRuntime.cpp, line 605]

Events (10 events):
Event: 4.804 Thread 0x0000000056ca0000 DEOPT PACKING pc=0x0000000002c7ced9 sp=0x000000001233e820
Event: 4.804 Thread 0x0000000056ca0000 DEOPT UNPACKING pc=0x000000000282747f sp=0x000000001233e660 mode 0
Event: 4.826 Thread 0x000000005788a800 DEOPT PACKING pc=0x0000000002c7ced9 sp=0x0000000059b0e8e0
Event: 4.826 Thread 0x000000005788a800 DEOPT UNPACKING pc=0x000000000282747f sp=0x0000000059b0e720 mode 0
Event: 4.896 Thread 0x0000000056ca0000 DEOPT PACKING pc=0x0000000002c7ced9 sp=0x000000001233e820
Event: 4.896 Thread 0x0000000056ca0000 DEOPT UNPACKING pc=0x000000000282747f sp=0x000000001233e660 mode 0
Event: 4.927 Thread 0x000000005788a800 DEOPT PACKING pc=0x0000000002c7ced9 sp=0x0000000059b0e8e0
Event: 4.927 Thread 0x000000005788a800 DEOPT UNPACKING pc=0x000000000282747f sp=0x0000000059b0e720 mode 0
Event: 4.946 Thread 0x0000000057888000 DEOPT PACKING pc=0x0000000002c7ced9 sp=0x00000000598ce7c0
Event: 4.946 Thread 0x0000000057888000 DEOPT UNPACKING pc=0x000000000282747f sp=0x00000000598ce600 mode 0


Dynamic libraries:
0x000000013faa0000 - 0x000000013fad7000 	C:\Program Files\Java\jdk1.8.0_65\bin\java.exe
0x0000000076e00000 - 0x0000000076faa000 	C:\Windows\SYSTEM32\ntdll.dll
0x0000000076ce0000 - 0x0000000076dff000 	C:\Windows\system32\kernel32.dll
0x000007fefcbd0000 - 0x000007fefcc3b000 	C:\Windows\system32\KERNELBASE.dll
0x000007fefcf40000 - 0x000007fefd01b000 	C:\Windows\system32\ADVAPI32.dll
0x000007fefef80000 - 0x000007feff01f000 	C:\Windows\system32\msvcrt.dll
0x000007feff0f0000 - 0x000007feff10f000 	C:\Windows\SYSTEM32\sechost.dll
0x000007fefd6c0000 - 0x000007fefd7ed000 	C:\Windows\system32\RPCRT4.dll
0x0000000076be0000 - 0x0000000076cda000 	C:\Windows\system32\USER32.dll
0x000007fefd7f0000 - 0x000007fefd857000 	C:\Windows\system32\GDI32.dll
0x000007fefd5f0000 - 0x000007fefd5fe000 	C:\Windows\system32\LPK.dll
0x000007feff020000 - 0x000007feff0ea000 	C:\Windows\system32\USP10.dll
0x000007fefb5d0000 - 0x000007fefb7c4000 	C:\Windows\WinSxS\amd64_microsoft.windows.common-controls_6595b64144ccf1df_6.0.7601.18837_none_fa3b1e3d17594757\COMCTL32.dll
0x000007fefef00000 - 0x000007fefef71000 	C:\Windows\system32\SHLWAPI.dll
0x000007fefd940000 - 0x000007fefd96e000 	C:\Windows\system32\IMM32.DLL
0x000007fefd970000 - 0x000007fefda79000 	C:\Windows\system32\MSCTF.dll
0x0000000069cf0000 - 0x0000000069dc2000 	C:\Program Files\Java\jdk1.8.0_65\jre\bin\msvcr100.dll
0x0000000057f30000 - 0x00000000587b9000 	C:\Program Files\Java\jdk1.8.0_65\jre\bin\server\jvm.dll
0x000007fef9740000 - 0x000007fef9749000 	C:\Windows\system32\WSOCK32.dll
0x000007fefd250000 - 0x000007fefd29d000 	C:\Windows\system32\WS2_32.dll
0x000007fefdd10000 - 0x000007fefdd18000 	C:\Windows\system32\NSI.dll
0x000007fefa1a0000 - 0x000007fefa1db000 	C:\Windows\system32\WINMM.dll
0x000007fefbc60000 - 0x000007fefbc6c000 	C:\Windows\system32\VERSION.dll
0x0000000076fc0000 - 0x0000000076fc7000 	C:\Windows\system32\PSAPI.DLL
0x0000000074060000 - 0x000000007406f000 	C:\Program Files\Java\jdk1.8.0_65\jre\bin\verify.dll
0x0000000073eb0000 - 0x0000000073ed9000 	C:\Program Files\Java\jdk1.8.0_65\jre\bin\java.dll
0x0000000071b40000 - 0x0000000071b56000 	C:\Program Files\Java\jdk1.8.0_65\jre\bin\zip.dll
0x000007fefe170000 - 0x000007fefeefa000 	C:\Windows\system32\SHELL32.dll
0x000007fefdf00000 - 0x000007fefe103000 	C:\Windows\system32\ole32.dll
0x000007fefcb80000 - 0x000007fefcb8f000 	C:\Windows\system32\profapi.dll

VM Arguments:
jvm_args: -Djava.awt.headless=true -Xmx1024M -Dfile.encoding=windows-1252 -Duser.country=US -Duser.language=en -Duser.variant 
java_command: com.android.dx.command.Main --dex --num-threads=4 --multi-dex --main-dex-list C:\Users\ddasgupta\AndroidStudioProjects\CommonApp\app\build\intermediates\multi-dex\debug\maindexlist.txt --output C:\Users\ddasgupta\AndroidStudioProjects\CommonApp\app\build\intermediates\transforms\dex\debug\folders\1000\1f\main C:\Users\ddasgupta\AndroidStudioProjects\CommonApp\app\build\intermediates\transforms\jarMerging\debug\jars\1\1f\combined.jar
java_class_path (initial): C:\Users\ddasgupta\AppData\Local\Android\Sdk\build-tools\23.0.2\lib\dx.jar
Launcher Type: SUN_STANDARD

Environment Variables:
PATH=C:\Program Files (x86)\RSA SecurID Token Common;C:\ProgramData\Oracle\Java\javapath;C:\Windows\system32;C:\Windows;C:\Windows\System32\Wbem;C:\Windows\System32\WindowsPowerShell\v1.0\;C:\Program Files (x86)\Skype\Phone\;C:\Program Files\Git\cmd;C:\Program Files\Git\mingw64\bin;C:\Program Files\Git\usr\bin
USERNAME=ddasgupta
OS=Windows_NT
PROCESSOR_IDENTIFIER=Intel64 Family 6 Model 30 Stepping 5, GenuineIntel



---------------  S Y S T E M  ---------------

OS: Windows 7 , 64 bit Build 7601 (6.1.7601.19160)

CPU:total 4 (4 cores per cpu, 1 threads per core) family 6 model 30 stepping 5, cmov, cx8, fxsr, mmx, sse, sse2, sse3, ssse3, sse4.1, sse4.2, popcnt, tsc, tscinvbit

Memory: 4k page, physical 6249592k(712440k free), swap 6264140k(5332k free)

vm_info: Java HotSpot(TM) 64-Bit Server VM (25.65-b01) for windows-amd64 JRE (1.8.0_65-b17), built on Oct  6 2015 16:39:20 by "java_re" with MS VC++ 10.0 (VS2010)

time: Fri Apr 08 10:50:42 2016
elapsed time: 4 seconds (0d 0h 0m 4s)

