#
# There is insufficient memory for the Java Runtime Environment to continue.
# Native memory allocation (malloc) failed to allocate 131088 bytes for Chunk::new
# Possible reasons:
#   The system is out of physical RAM or swap space
#   In 32 bit mode, the process size limit was hit
# Possible solutions:
#   Reduce memory load on the system
#   Increase physical memory or swap space
#   Check if swap backing store is full
#   Use 64 bit Java on a 64 bit OS
#   Decrease Java heap size (-Xmx/-Xms)
#   Decrease number of Java threads
#   Decrease Java thread stack sizes (-Xss)
#   Set larger code cache with -XX:ReservedCodeCacheSize=
# This output file may be truncated or incomplete.
#
#  Out of Memory Error (allocation.cpp:390), pid=4592, tid=4788
#
# JRE version: Java(TM) SE Runtime Environment (8.0_65-b17) (build 1.8.0_65-b17)
# Java VM: Java HotSpot(TM) 64-Bit Server VM (25.65-b01 mixed mode windows-amd64 compressed oops)
# Failed to write core dump. Minidumps are not enabled by default on client versions of Windows
#

---------------  T H R E A D  ---------------

Current thread (0x0000000054f78000):  JavaThread "C2 CompilerThread1" daemon [_thread_in_native, id=4788, stack(0x0000000056b00000,0x0000000056c00000)]

Stack: [0x0000000056b00000,0x0000000056c00000]
[error occurred during error reporting (printing stack bounds), id 0xc0000005]

Native frames: (J=compiled Java code, j=interpreted, Vv=VM code, C=native code)


Current CompileTask:
C2:  16550 3063       4       com.android.dx.ssa.Optimizer::runSsaFormSteps (117 bytes)


---------------  P R O C E S S  ---------------

Java Threads: ( => current thread )
  0x0000000056f35000 JavaThread "pool-2-thread-4" [_thread_blocked, id=3784, stack(0x0000000058ab0000,0x0000000058bb0000)]
  0x0000000056f32000 JavaThread "pool-2-thread-3" [_thread_blocked, id=7156, stack(0x0000000058e40000,0x0000000058f40000)]
  0x00000000571c2000 JavaThread "pool-2-thread-2" [_thread_blocked, id=8788, stack(0x0000000058c40000,0x0000000058d40000)]
  0x00000000571c1000 JavaThread "pool-3-thread-1" [_thread_blocked, id=564, stack(0x0000000058960000,0x0000000058a60000)]
  0x0000000056ee3000 JavaThread "pool-2-thread-1" [_thread_blocked, id=7912, stack(0x00000000565f0000,0x00000000566f0000)]
  0x0000000056c7d800 JavaThread "Service Thread" daemon [_thread_blocked, id=7644, stack(0x0000000055e60000,0x0000000055f60000)]
  0x0000000054f79800 JavaThread "C1 CompilerThread2" daemon [_thread_blocked, id=6316, stack(0x0000000057070000,0x0000000057170000)]
=>0x0000000054f78000 JavaThread "C2 CompilerThread1" daemon [_thread_in_native, id=4788, stack(0x0000000056b00000,0x0000000056c00000)]
  0x0000000054f70800 JavaThread "C2 CompilerThread0" daemon [_thread_in_native, id=9164, stack(0x0000000056910000,0x0000000056a10000)]
  0x0000000054f7d800 JavaThread "Attach Listener" daemon [_thread_blocked, id=3892, stack(0x0000000056720000,0x0000000056820000)]
  0x0000000054f7c800 JavaThread "Signal Dispatcher" daemon [_thread_blocked, id=7152, stack(0x00000000564f0000,0x00000000565f0000)]
  0x0000000054f16800 JavaThread "Finalizer" daemon [_thread_blocked, id=7368, stack(0x0000000056320000,0x0000000056420000)]
  0x0000000054f10000 JavaThread "Reference Handler" daemon [_thread_blocked, id=2908, stack(0x00000000561e0000,0x00000000562e0000)]
  0x00000000021ce000 JavaThread "main" [_thread_in_native, id=2008, stack(0x00000000023f0000,0x00000000024f0000)]

Other Threads:
  0x0000000054f0a800 VMThread [stack: 0x0000000055fc0000,0x00000000560c0000] [id=4552]
  0x0000000056ca4000 WatcherThread [stack: 0x00000000560c0000,0x00000000561c0000] [id=6588]

VM state:not at safepoint (normal execution)

VM Mutex/Monitor currently owned by a thread: None

Heap:
 PSYoungGen      total 232960K, used 74953K [0x00000000eab00000, 0x0000000100000000, 0x0000000100000000)
  eden space 116736K, 48% used [0x00000000eab00000,0x00000000ee29b318,0x00000000f1d00000)
  from space 116224K, 15% used [0x00000000f8e80000,0x00000000fa017290,0x0000000100000000)
  to   space 116224K, 0% used [0x00000000f1d00000,0x00000000f1d00000,0x00000000f8e80000)
 ParOldGen       total 523776K, used 412549K [0x00000000c0000000, 0x00000000dff80000, 0x00000000eab00000)
  object space 523776K, 78% used [0x00000000c0000000,0x00000000d92e14e8,0x00000000dff80000)
 Metaspace       used 6630K, capacity 7320K, committed 7680K, reserved 1056768K
  class space    used 627K, capacity 656K, committed 768K, reserved 1048576K

Card table byte_map: [0x0000000011b80000,0x0000000011d90000] byte_map_base: 0x0000000011580000

Marking Bits: (ParMarkBitMap*) 0x0000000066c3a5b0
 Begin Bits: [0x0000000012380000, 0x0000000013380000)
 End Bits:   [0x0000000013380000, 0x0000000014380000)

Polling page: 0x0000000000330000

CodeCache: size=245760Kb used=11447Kb max_used=11709Kb free=234312Kb
 bounds [0x00000000027c0000, 0x0000000003340000, 0x00000000117c0000]
 total_blobs=2781 nmethods=2512 adapters=182
 compilation: enabled

Compilation events (10 events):
Event: 16.519 Thread 0x0000000054f79800 3070       3       sun.util.calendar.AbstractCalendar::getCalendarDate (217 bytes)
Event: 16.520 Thread 0x0000000054f79800 nmethod 3070 0x0000000002d8e110 code [0x0000000002d8e320, 0x0000000002d8f258]
Event: 16.520 Thread 0x0000000054f79800 3071   !   3       com.android.dx.cf.direct.DirectClassFile::parse (75 bytes)
Event: 16.521 Thread 0x0000000054f79800 nmethod 3071 0x00000000030cdad0 code [0x00000000030cdd40, 0x00000000030cecf8]
Event: 16.533 Thread 0x0000000054f70800 nmethod 3059 0x0000000002ca3890 code [0x0000000002ca3ba0, 0x0000000002ca5960]
Event: 16.533 Thread 0x0000000054f70800 3065       4       com.android.dx.dex.code.DalvCode::<init> (68 bytes)
Event: 16.534 Thread 0x0000000054f70800 nmethod 3065 0x00000000030cd850 code [0x00000000030cd980, 0x00000000030cda38]
Event: 16.534 Thread 0x0000000054f70800 3061       4       com.android.dx.ssa.back.SsaToRop::convert (99 bytes)
Event: 16.541 Thread 0x0000000054f70800 nmethod 3061 0x0000000002ca29d0 code [0x0000000002ca2bc0, 0x0000000002ca3140]
Event: 16.541 Thread 0x0000000054f70800 3066   !   4       com.android.dx.cf.code.Ropper::convert (52 bytes)

GC Heap History (10 events):
Event: 14.058 GC heap before
{Heap before GC invocations=24 (full 3):
 PSYoungGen      total 232960K, used 196740K [0x00000000eab00000, 0x0000000100000000, 0x0000000100000000)
  eden space 116736K, 100% used [0x00000000eab00000,0x00000000f1d00000,0x00000000f1d00000)
  from space 116224K, 68% used [0x00000000f8e80000,0x00000000fdca1288,0x0000000100000000)
  to   space 116224K, 0% used [0x00000000f1d00000,0x00000000f1d00000,0x00000000f8e80000)
 ParOldGen       total 351744K, used 280524K [0x00000000c0000000, 0x00000000d5780000, 0x00000000eab00000)
  object space 351744K, 79% used [0x00000000c0000000,0x00000000d11f3180,0x00000000d5780000)
 Metaspace       used 6629K, capacity 7320K, committed 7680K, reserved 1056768K
  class space    used 627K, capacity 656K, committed 768K, reserved 1048576K
Event: 14.177 GC heap after
Heap after GC invocations=24 (full 3):
 PSYoungGen      total 232960K, used 57123K [0x00000000eab00000, 0x0000000100000000, 0x0000000100000000)
  eden space 116736K, 0% used [0x00000000eab00000,0x00000000eab00000,0x00000000f1d00000)
  from space 116224K, 49% used [0x00000000f1d00000,0x00000000f54c8d58,0x00000000f8e80000)
  to   space 116224K, 0% used [0x00000000f8e80000,0x00000000f8e80000,0x0000000100000000)
 ParOldGen       total 351744K, used 322513K [0x00000000c0000000, 0x00000000d5780000, 0x00000000eab00000)
  object space 351744K, 91% used [0x00000000c0000000,0x00000000d3af44c8,0x00000000d5780000)
 Metaspace       used 6629K, capacity 7320K, committed 7680K, reserved 1056768K
  class space    used 627K, capacity 656K, committed 768K, reserved 1048576K
}
Event: 14.177 GC heap before
{Heap before GC invocations=25 (full 4):
 PSYoungGen      total 232960K, used 57123K [0x00000000eab00000, 0x0000000100000000, 0x0000000100000000)
  eden space 116736K, 0% used [0x00000000eab00000,0x00000000eab00000,0x00000000f1d00000)
  from space 116224K, 49% used [0x00000000f1d00000,0x00000000f54c8d58,0x00000000f8e80000)
  to   space 116224K, 0% used [0x00000000f8e80000,0x00000000f8e80000,0x0000000100000000)
 ParOldGen       total 351744K, used 322513K [0x00000000c0000000, 0x00000000d5780000, 0x00000000eab00000)
  object space 351744K, 91% used [0x00000000c0000000,0x00000000d3af44c8,0x00000000d5780000)
 Metaspace       used 6629K, capacity 7320K, committed 7680K, reserved 1056768K
  class space    used 627K, capacity 656K, committed 768K, reserved 1048576K
Event: 15.596 GC heap after
Heap after GC invocations=25 (full 4):
 PSYoungGen      total 232960K, used 25165K [0x00000000eab00000, 0x0000000100000000, 0x0000000100000000)
  eden space 116736K, 0% used [0x00000000eab00000,0x00000000eab00000,0x00000000f1d00000)
  from space 116224K, 21% used [0x00000000f1d00000,0x00000000f35936b8,0x00000000f8e80000)
  to   space 116224K, 0% used [0x00000000f8e80000,0x00000000f8e80000,0x0000000100000000)
 ParOldGen       total 523776K, used 351683K [0x00000000c0000000, 0x00000000dff80000, 0x00000000eab00000)
  object space 523776K, 67% used [0x00000000c0000000,0x00000000d5770f28,0x00000000dff80000)
 Metaspace       used 6629K, capacity 7320K, committed 7680K, reserved 1056768K
  class space    used 627K, capacity 656K, committed 768K, reserved 1048576K
}
Event: 15.757 GC heap before
{Heap before GC invocations=26 (full 4):
 PSYoungGen      total 232960K, used 141901K [0x00000000eab00000, 0x0000000100000000, 0x0000000100000000)
  eden space 116736K, 100% used [0x00000000eab00000,0x00000000f1d00000,0x00000000f1d00000)
  from space 116224K, 21% used [0x00000000f1d00000,0x00000000f35936b8,0x00000000f8e80000)
  to   space 116224K, 0% used [0x00000000f8e80000,0x00000000f8e80000,0x0000000100000000)
 ParOldGen       total 523776K, used 351683K [0x00000000c0000000, 0x00000000dff80000, 0x00000000eab00000)
  object space 523776K, 67% used [0x00000000c0000000,0x00000000d5770f28,0x00000000dff80000)
 Metaspace       used 6630K, capacity 7320K, committed 7680K, reserved 1056768K
  class space    used 627K, capacity 656K, committed 768K, reserved 1048576K
Event: 15.898 GC heap after
Heap after GC invocations=26 (full 4):
 PSYoungGen      total 232960K, used 31520K [0x00000000eab00000, 0x0000000100000000, 0x0000000100000000)
  eden space 116736K, 0% used [0x00000000eab00000,0x00000000eab00000,0x00000000f1d00000)
  from space 116224K, 27% used [0x00000000f8e80000,0x00000000fad48000,0x0000000100000000)
  to   space 116224K, 0% used [0x00000000f1d00000,0x00000000f1d00000,0x00000000f8e80000)
 ParOldGen       total 523776K, used 364039K [0x00000000c0000000, 0x00000000dff80000, 0x00000000eab00000)
  object space 523776K, 69% used [0x00000000c0000000,0x00000000d6381ed0,0x00000000dff80000)
 Metaspace       used 6630K, capacity 7320K, committed 7680K, reserved 1056768K
  class space    used 627K, capacity 656K, committed 768K, reserved 1048576K
}
Event: 16.163 GC heap before
{Heap before GC invocations=27 (full 4):
 PSYoungGen      total 232960K, used 148256K [0x00000000eab00000, 0x0000000100000000, 0x0000000100000000)
  eden space 116736K, 100% used [0x00000000eab00000,0x00000000f1d00000,0x00000000f1d00000)
  from space 116224K, 27% used [0x00000000f8e80000,0x00000000fad48000,0x0000000100000000)
  to   space 116224K, 0% used [0x00000000f1d00000,0x00000000f1d00000,0x00000000f8e80000)
 ParOldGen       total 523776K, used 364039K [0x00000000c0000000, 0x00000000dff80000, 0x00000000eab00000)
  object space 523776K, 69% used [0x00000000c0000000,0x00000000d6381ed0,0x00000000dff80000)
 Metaspace       used 6630K, capacity 7320K, committed 7680K, reserved 1056768K
  class space    used 627K, capacity 656K, committed 768K, reserved 1048576K
Event: 16.216 GC heap after
Heap after GC invocations=27 (full 4):
 PSYoungGen      total 232960K, used 21762K [0x00000000eab00000, 0x0000000100000000, 0x0000000100000000)
  eden space 116736K, 0% used [0x00000000eab00000,0x00000000eab00000,0x00000000f1d00000)
  from space 116224K, 18% used [0x00000000f1d00000,0x00000000f3240b00,0x00000000f8e80000)
  to   space 116224K, 0% used [0x00000000f8e80000,0x00000000f8e80000,0x0000000100000000)
 ParOldGen       total 523776K, used 394932K [0x00000000c0000000, 0x00000000dff80000, 0x00000000eab00000)
  object space 523776K, 75% used [0x00000000c0000000,0x00000000d81ad198,0x00000000dff80000)
 Metaspace       used 6630K, capacity 7320K, committed 7680K, reserved 1056768K
  class space    used 627K, capacity 656K, committed 768K, reserved 1048576K
}
Event: 16.398 GC heap before
{Heap before GC invocations=28 (full 4):
 PSYoungGen      total 232960K, used 138498K [0x00000000eab00000, 0x0000000100000000, 0x0000000100000000)
  eden space 116736K, 100% used [0x00000000eab00000,0x00000000f1d00000,0x00000000f1d00000)
  from space 116224K, 18% used [0x00000000f1d00000,0x00000000f3240b00,0x00000000f8e80000)
  to   space 116224K, 0% used [0x00000000f8e80000,0x00000000f8e80000,0x0000000100000000)
 ParOldGen       total 523776K, used 394932K [0x00000000c0000000, 0x00000000dff80000, 0x00000000eab00000)
  object space 523776K, 75% used [0x00000000c0000000,0x00000000d81ad198,0x00000000dff80000)
 Metaspace       used 6630K, capacity 7320K, committed 7680K, reserved 1056768K
  class space    used 627K, capacity 656K, committed 768K, reserved 1048576K
Event: 16.437 GC heap after
Heap after GC invocations=28 (full 4):
 PSYoungGen      total 232960K, used 18012K [0x00000000eab00000, 0x0000000100000000, 0x0000000100000000)
  eden space 116736K, 0% used [0x00000000eab00000,0x00000000eab00000,0x00000000f1d00000)
  from space 116224K, 15% used [0x00000000f8e80000,0x00000000fa017290,0x0000000100000000)
  to   space 116224K, 0% used [0x00000000f1d00000,0x00000000f1d00000,0x00000000f8e80000)
 ParOldGen       total 523776K, used 412549K [0x00000000c0000000, 0x00000000dff80000, 0x00000000eab00000)
  object space 523776K, 78% used [0x00000000c0000000,0x00000000d92e14e8,0x00000000dff80000)
 Metaspace       used 6630K, capacity 7320K, committed 7680K, reserved 1056768K
  class space    used 627K, capacity 656K, committed 768K, reserved 1048576K
}

Deoptimization events (10 events):
Event: 12.785 Thread 0x00000000571c2000 Uncommon trap: reason=bimorphic action=maybe_recompile pc=0x00000000031153d4 method=com.android.dx.cf.code.BytecodeArray.parseInstruction(ILcom/android/dx/cf/code/BytecodeArray$Visitor;)I @ 1417
Event: 12.786 Thread 0x00000000571c2000 Uncommon trap: reason=bimorphic action=maybe_recompile pc=0x00000000031153d4 method=com.android.dx.cf.code.BytecodeArray.parseInstruction(ILcom/android/dx/cf/code/BytecodeArray$Visitor;)I @ 1417
Event: 12.786 Thread 0x00000000571c2000 Uncommon trap: reason=bimorphic action=maybe_recompile pc=0x0000000003215a3c method=com.android.dx.ssa.back.FirstFitLocalCombiningAllocator.findNextUnreservedRopReg(IILcom/android/dx/ssa/back/FirstFitLocalCombiningAllocator$Alignment;)I @ 60
Event: 12.787 Thread 0x00000000571c2000 Uncommon trap: reason=bimorphic action=maybe_recompile pc=0x0000000003084a1c method=com.android.dx.ssa.back.FirstFitLocalCombiningAllocator.findNextUnreservedRopReg(IILcom/android/dx/ssa/back/FirstFitLocalCombiningAllocator$Alignment;)I @ 60
Event: 12.787 Thread 0x00000000571c2000 Uncommon trap: reason=bimorphic action=maybe_recompile pc=0x0000000003215a3c method=com.android.dx.ssa.back.FirstFitLocalCombiningAllocator.findNextUnreservedRopReg(IILcom/android/dx/ssa/back/FirstFitLocalCombiningAllocator$Alignment;)I @ 60
Event: 13.149 Thread 0x00000000571c2000 Uncommon trap: reason=unstable_if action=reinterpret pc=0x0000000002c00634 method=com.android.dx.rop.code.LocalVariableExtractor.processBlock(I)V @ 208
Event: 13.471 Thread 0x00000000571c2000 Uncommon trap: reason=unstable_if action=reinterpret pc=0x0000000002d0c778 method=com.android.dx.ssa.SCCP.simulateStmt(Lcom/android/dx/ssa/SsaInsn;)V @ 59
Event: 13.608 Thread 0x0000000056f35000 Uncommon trap: reason=unstable_if action=reinterpret pc=0x0000000002af6ac0 method=com.android.dx.ssa.LiteralOpUpgrader$1.visitNonMoveInsn(Lcom/android/dx/ssa/NormalSsaInsn;)V @ 24
Event: 16.120 Thread 0x0000000056f35000 Uncommon trap: reason=unstable_if action=reinterpret pc=0x0000000002b7a340 method=com.android.dx.cf.code.ConcreteMethod.<init>(Lcom/android/dx/cf/iface/Method;ILcom/android/dx/rop/cst/CstString;ZZ)V @ 14
Event: 16.270 Thread 0x0000000056f32000 Uncommon trap: reason=unstable_if action=reinterpret pc=0x00000000031b0fe0 method=java.lang.Integer.valueOf(I)Ljava/lang/Integer; @ 10

Internal exceptions (8 events):
Event: 0.030 Thread 0x00000000021ce000 Exception <a 'java/lang/NoSuchMethodError': Method sun.misc.Unsafe.defineClass(Ljava/lang/String;[BII)Ljava/lang/Class; name or signature does not match> (0x00000000eab0d320) thrown at [C:\workspace\8-2-build-windows-amd64-cygwin\jdk8u65\4987\hotspot\src\sÊ¬Y"¥už?
Event: 0.030 Thread 0x00000000021ce000 Exception <a 'java/lang/NoSuchMethodError': Method sun.misc.Unsafe.prefetchRead(Ljava/lang/Object;J)V name or signature does not match> (0x00000000eab0d608) thrown at [C:\workspace\8-2-build-windows-amd64-cygwin\jdk8u65\4987\hotspot\src\share\vm\prims\jni.[þTÛjê?
Event: 0.825 Thread 0x00000000571c2000 Implicit null exception at 0x0000000002b012c5 to 0x0000000002b02c19
Event: 1.399 Thread 0x0000000056f35000 Exception <a 'java/lang/ArrayIndexOutOfBoundsException': 18> (0x00000000ed8a2e48) thrown at [C:\workspace\8-2-build-windows-amd64-cygwin\jdk8u65\4987\hotspot\src\share\vm\interpreter\interpreterRuntime.cpp, line 366]
Event: 1.400 Thread 0x0000000056f35000 Exception <a 'java/lang/ArrayIndexOutOfBoundsException'> (0x00000000ed8a49c8) thrown at [C:\workspace\8-2-build-windows-amd64-cygwin\jdk8u65\4987\hotspot\src\share\vm\runtime\sharedRuntime.cpp, line 605]
Event: 1.400 Thread 0x0000000056f35000 Exception <a 'java/lang/ArrayIndexOutOfBoundsException'> (0x00000000ed8a5cb0) thrown at [C:\workspace\8-2-build-windows-amd64-cygwin\jdk8u65\4987\hotspot\src\share\vm\runtime\sharedRuntime.cpp, line 605]
Event: 9.703 Thread 0x00000000021ce000 Implicit null exception at 0x000000000291b6a8 to 0x000000000291bb15
Event: 10.340 Thread 0x0000000056f32000 Implicit null exception at 0x0000000002ea731f to 0x0000000002ea8ae5

Events (10 events):
Event: 16.484 Thread 0x0000000054f79800 flushing nmethod 0x0000000002dd5190
Event: 16.507 Thread 0x0000000054f79800 flushing nmethod 0x0000000002e30610
Event: 16.507 Thread 0x0000000054f79800 flushing nmethod 0x0000000002e694d0
Event: 16.508 Thread 0x0000000054f79800 flushing nmethod 0x0000000002ea5510
Event: 16.508 Thread 0x0000000054f79800 flushing nmethod 0x0000000002eb6210
Event: 16.508 Thread 0x0000000054f79800 flushing nmethod 0x0000000002ec44d0
Event: 16.508 Thread 0x0000000054f79800 flushing nmethod 0x0000000002ed2bd0
Event: 16.519 Thread 0x0000000054f79800 flushing nmethod 0x0000000002f680d0
Event: 16.519 Thread 0x0000000054f79800 flushing nmethod 0x0000000002f75f10
Event: 16.520 Thread 0x0000000054f79800 flushing nmethod 0x00000000030cd850


Dynamic libraries:
0x000000013f380000 - 0x000000013f3b7000 	C:\Program Files\Java\jdk1.8.0_65\bin\java.exe
0x0000000077c20000 - 0x0000000077dca000 	C:\Windows\SYSTEM32\ntdll.dll
0x0000000077a00000 - 0x0000000077b1f000 	C:\Windows\system32\kernel32.dll
0x000007fefdcb0000 - 0x000007fefdd1a000 	C:\Windows\system32\KERNELBASE.dll
0x000007fefee40000 - 0x000007fefef1b000 	C:\Windows\system32\ADVAPI32.dll
0x000007fefe140000 - 0x000007fefe1df000 	C:\Windows\system32\msvcrt.dll
0x000007feff080000 - 0x000007feff09f000 	C:\Windows\SYSTEM32\sechost.dll
0x000007fefed10000 - 0x000007fefee3d000 	C:\Windows\system32\RPCRT4.dll
0x0000000077b20000 - 0x0000000077c1a000 	C:\Windows\system32\USER32.dll
0x000007fefdd60000 - 0x000007fefddc7000 	C:\Windows\system32\GDI32.dll
0x000007fefef40000 - 0x000007fefef4e000 	C:\Windows\system32\LPK.dll
0x000007fefef50000 - 0x000007feff01a000 	C:\Windows\system32\USP10.dll
0x000007fefc3f0000 - 0x000007fefc5e4000 	C:\Windows\WinSxS\amd64_microsoft.windows.common-controls_6595b64144ccf1df_6.0.7601.18837_none_fa3b1e3d17594757\COMCTL32.dll
0x000007feffe30000 - 0x000007feffea1000 	C:\Windows\system32\SHLWAPI.dll
0x000007fefebd0000 - 0x000007fefebfe000 	C:\Windows\system32\IMM32.DLL
0x000007fefec00000 - 0x000007fefed09000 	C:\Windows\system32\MSCTF.dll
0x00000000725e0000 - 0x00000000726b2000 	C:\Program Files\Java\jdk1.8.0_65\jre\bin\msvcr100.dll
0x0000000066430000 - 0x0000000066cb9000 	C:\Program Files\Java\jdk1.8.0_65\jre\bin\server\jvm.dll
0x000007fefb2c0000 - 0x000007fefb2c9000 	C:\Windows\system32\WSOCK32.dll
0x000007fefe3f0000 - 0x000007fefe43d000 	C:\Windows\system32\WS2_32.dll
0x000007fefe4e0000 - 0x000007fefe4e8000 	C:\Windows\system32\NSI.dll
0x000007fefbaa0000 - 0x000007fefbadb000 	C:\Windows\system32\WINMM.dll
0x000007fefca80000 - 0x000007fefca8c000 	C:\Windows\system32\VERSION.dll
0x0000000077df0000 - 0x0000000077df7000 	C:\Windows\system32\PSAPI.DLL
0x00000000741e0000 - 0x00000000741ef000 	C:\Program Files\Java\jdk1.8.0_65\jre\bin\verify.dll
0x0000000072890000 - 0x00000000728b9000 	C:\Program Files\Java\jdk1.8.0_65\jre\bin\java.dll
0x0000000073eb0000 - 0x0000000073ec6000 	C:\Program Files\Java\jdk1.8.0_65\jre\bin\zip.dll
0x000007feff0a0000 - 0x000007feffe2a000 	C:\Windows\system32\SHELL32.dll
0x000007fefe1e0000 - 0x000007fefe3e3000 	C:\Windows\system32\ole32.dll
0x000007fefd9a0000 - 0x000007fefd9af000 	C:\Windows\system32\profapi.dll

VM Arguments:
jvm_args: -Djava.awt.headless=true -Xmx1024M -Dfile.encoding=windows-1252 -Duser.country=US -Duser.language=en -Duser.variant 
java_command: com.android.dx.command.Main --dex --num-threads=4 --multi-dex --main-dex-list C:\Users\ddasgupta\AndroidStudioProjects\CommonApp\app\build\intermediates\multi-dex\debug\maindexlist.txt --output C:\Users\ddasgupta\AndroidStudioProjects\CommonApp\app\build\intermediates\transforms\dex\debug\folders\1000\1f\main C:\Users\ddasgupta\AndroidStudioProjects\CommonApp\app\build\intermediates\transforms\jarMerging\debug\jars\1\1f\combined.jar
java_class_path (initial): C:\Users\ddasgupta\AppData\Local\Android\Sdk\build-tools\23.0.2\lib\dx.jar
Launcher Type: SUN_STANDARD

Environment Variables:
PATH=C:\Program Files (x86)\RSA SecurID Token Common;C:\ProgramData\Oracle\Java\javapath;C:\Windows\system32;C:\Windows;C:\Windows\System32\Wbem;C:\Windows\System32\WindowsPowerShell\v1.0\;C:\Program Files (x86)\Skype\Phone\;C:\Program Files\Git\cmd;C:\Program Files\Git\mingw64\bin;C:\Program Files\Git\usr\bin
USERNAME=ddasgupta
OS=Windows_NT
PROCESSOR_IDENTIFIER=Intel64 Family 6 Model 30 Stepping 5, GenuineIntel



---------------  S Y S T E M  ---------------

OS: Windows 7 , 64 bit Build 7601 (6.1.7601.23392)

CPU:total 4 (4 cores per cpu, 1 threads per core) family 6 model 30 stepping 5, cmov, cx8, fxsr, mmx, sse, sse2, sse3, ssse3, sse4.1, sse4.2, popcnt, tsc, tscinvbit

Memory: 4k page, physical 6249592k(612516k free), swap 6264120k(4920k free)

vm_info: Java HotSpot(TM) 64-Bit Server VM (25.65-b01) for windows-amd64 JRE (1.8.0_65-b17), built on Oct  6 2015 16:39:20 by "java_re" with MS VC++ 10.0 (VS2010)

time: Fri Apr 22 17:38:20 2016
elapsed time: 16 seconds (0d 0h 0m 16s)

