#
# There is insufficient memory for the Java Runtime Environment to continue.
# Native memory allocation (malloc) failed to allocate 98576 bytes for Chunk::new
# Possible reasons:
#   The system is out of physical RAM or swap space
#   In 32 bit mode, the process size limit was hit
# Possible solutions:
#   Reduce memory load on the system
#   Increase physical memory or swap space
#   Check if swap backing store is full
#   Use 64 bit Java on a 64 bit OS
#   Decrease Java heap size (-Xmx/-Xms)
#   Decrease number of Java threads
#   Decrease Java thread stack sizes (-Xss)
#   Set larger code cache with -XX:ReservedCodeCacheSize=
# This output file may be truncated or incomplete.
#
#  Out of Memory Error (allocation.cpp:390), pid=5928, tid=6156
#
# JRE version: Java(TM) SE Runtime Environment (8.0_65-b17) (build 1.8.0_65-b17)
# Java VM: Java HotSpot(TM) 64-Bit Server VM (25.65-b01 mixed mode windows-amd64 compressed oops)
# Failed to write core dump. Minidumps are not enabled by default on client versions of Windows
#

---------------  T H R E A D  ---------------

Current thread (0x000000005656a800):  JavaThread "C2 CompilerThread1" daemon [_thread_in_native, id=6156, stack(0x0000000056360000,0x0000000056460000)]

Stack: [0x0000000056360000,0x0000000056460000]
[error occurred during error reporting (printing stack bounds), id 0xc0000005]

Native frames: (J=compiled Java code, j=interpreted, Vv=VM code, C=native code)


Current CompileTask:
C2:16062995 18706       4       java.io.PrintWriter::print (13 bytes)


---------------  P R O C E S S  ---------------

Java Threads: ( => current thread )
  0x000000005bded800 JavaThread "Forward streams with process: command 'C:\Program Files\Java\jdk1.8.0_65\bin\java.exe' Thread 3" [_thread_in_native, id=4600, stack(0x000000005c940000,0x000000005ca40000)]
  0x000000005753e800 JavaThread "Forward streams with process: command 'C:\Program Files\Java\jdk1.8.0_65\bin\java.exe' Thread 2" [_thread_in_native, id=7236, stack(0x0000000061fb0000,0x00000000620b0000)]
  0x000000005bdf2800 JavaThread "Run command 'C:\Program Files\Java\jdk1.8.0_65\bin\java.exe'" [_thread_in_native, id=3764, stack(0x000000005b5d0000,0x000000005b6d0000)]
  0x000000005bdee000 JavaThread "Handler for socket connection from /127.0.0.1:53245 to /127.0.0.1:60319" [_thread_blocked, id=3636, stack(0x00000000593e0000,0x00000000594e0000)]
  0x000000005bdf0800 JavaThread "Daemon worker Thread 13" [_thread_blocked, id=1136, stack(0x0000000059600000,0x0000000059700000)]
  0x000000005bdef800 JavaThread "Daemon Thread 13" [_thread_blocked, id=8284, stack(0x0000000059170000,0x0000000059270000)]
  0x000000005835c000 JavaThread "File lock request listener" [_thread_in_native, id=704, stack(0x000000005af00000,0x000000005b000000)]
  0x0000000057fd4800 JavaThread "Incoming local TCP Connector on port 53245" [_thread_in_native, id=2012, stack(0x0000000058e70000,0x0000000058f70000)]
  0x00000000565fa800 JavaThread "Service Thread" daemon [_thread_blocked, id=7556, stack(0x0000000057110000,0x0000000057210000)]
  0x000000005656c000 JavaThread "C1 CompilerThread2" daemon [_thread_blocked, id=6852, stack(0x0000000056e20000,0x0000000056f20000)]
=>0x000000005656a800 JavaThread "C2 CompilerThread1" daemon [_thread_in_native, id=6156, stack(0x0000000056360000,0x0000000056460000)]
  0x0000000056563800 JavaThread "C2 CompilerThread0" daemon [_thread_in_native, id=8472, stack(0x0000000056c70000,0x0000000056d70000)]
  0x0000000055206000 JavaThread "Attach Listener" daemon [_thread_blocked, id=8264, stack(0x0000000056b30000,0x0000000056c30000)]
  0x0000000055205000 JavaThread "Signal Dispatcher" daemon [_thread_blocked, id=7320, stack(0x0000000056960000,0x0000000056a60000)]
  0x00000000551ab000 JavaThread "Finalizer" daemon [_thread_blocked, id=4108, stack(0x0000000056460000,0x0000000056560000)]
  0x00000000551a4800 JavaThread "Reference Handler" daemon [_thread_blocked, id=7868, stack(0x0000000056210000,0x0000000056310000)]
  0x000000000209e800 JavaThread "main" [_thread_in_Java, id=7596, stack(0x00000000023a0000,0x00000000024a0000)]

Other Threads:
  0x000000005519b000 VMThread [stack: 0x0000000056050000,0x0000000056150000] [id=6680]
  0x0000000056594000 WatcherThread [stack: 0x0000000056f90000,0x0000000057090000] [id=5980]

VM state:not at safepoint (normal execution)

VM Mutex/Monitor currently owned by a thread: None

Heap:
 PSYoungGen      total 261632K, used 47368K [0x00000000eab00000, 0x00000000ff980000, 0x0000000100000000)
  eden space 182784K, 19% used [0x00000000eab00000,0x00000000ecdd19e0,0x00000000f5d80000)
  from space 78848K, 14% used [0x00000000f5d80000,0x00000000f68f0818,0x00000000faa80000)
  to   space 74752K, 0% used [0x00000000fb080000,0x00000000fb080000,0x00000000ff980000)
 ParOldGen       total 250368K, used 40339K [0x00000000c0000000, 0x00000000cf480000, 0x00000000eab00000)
  object space 250368K, 16% used [0x00000000c0000000,0x00000000c2764c18,0x00000000cf480000)
 Metaspace       used 58994K, capacity 62148K, committed 62592K, reserved 1103872K
  class space    used 7619K, capacity 8032K, committed 8320K, reserved 1048576K

Card table byte_map: [0x0000000011b30000,0x0000000011d40000] byte_map_base: 0x0000000011530000

Marking Bits: (ParMarkBitMap*) 0x0000000066c3a5b0
 Begin Bits: [0x0000000012610000, 0x0000000013610000)
 End Bits:   [0x0000000013610000, 0x0000000014610000)

Polling page: 0x0000000001b60000

CodeCache: size=245760Kb used=51580Kb max_used=51593Kb free=194179Kb
 bounds [0x0000000002770000, 0x0000000005a20000, 0x0000000011770000]
 total_blobs=13784 nmethods=13064 adapters=631
 compilation: enabled

Compilation events (10 events):
Event: 15969.572 Thread 0x000000005656c000 18700       3       java.lang.Thread::init (212 bytes)
Event: 15969.574 Thread 0x000000005656c000 nmethod 18700 0x0000000005a13b50 code [0x0000000005a13ea0, 0x0000000005a15d58]
Event: 15969.590 Thread 0x000000005656a800 18703       4       sun.nio.ch.WindowsSelectorImpl$StartLock::access$300 (5 bytes)
Event: 15969.592 Thread 0x000000005656a800 nmethod 18703 0x0000000005a19b90 code [0x0000000005a19ce0, 0x0000000005a19fa8]
Event: 16059.694 Thread 0x000000005656c000 18704       3       java.util.concurrent.locks.AbstractQueuedSynchronizer::transferForSignal (45 bytes)
Event: 16059.695 Thread 0x000000005656c000 nmethod 18704 0x0000000005a19390 code [0x0000000005a19520, 0x0000000005a199d8]
Event: 16059.697 Thread 0x0000000056563800 18705       4       java.lang.ReflectiveOperationException::<init> (6 bytes)
Event: 16059.699 Thread 0x0000000056563800 nmethod 18705 0x0000000005a17890 code [0x0000000005a179e0, 0x0000000005a17d28]
Event: 16059.702 Thread 0x000000005656a800 18706       4       java.io.PrintWriter::print (13 bytes)
Event: 16059.702 Thread 0x0000000056563800 18707   !   4       java.io.PrintWriter::write (58 bytes)

GC Heap History (10 events):
Event: 15293.355 GC heap before
{Heap before GC invocations=112 (full 20):
 PSYoungGen      total 265728K, used 265712K [0x00000000eab00000, 0x0000000100000000, 0x0000000100000000)
  eden space 195072K, 100% used [0x00000000eab00000,0x00000000f6980000,0x00000000f6980000)
  from space 70656K, 99% used [0x00000000f6980000,0x00000000fae7c398,0x00000000fae80000)
  to   space 83456K, 0% used [0x00000000fae80000,0x00000000fae80000,0x0000000100000000)
 ParOldGen       total 250368K, used 103226K [0x00000000c0000000, 0x00000000cf480000, 0x00000000eab00000)
  object space 250368K, 41% used [0x00000000c0000000,0x00000000c64ceba0,0x00000000cf480000)
 Metaspace       used 58849K, capacity 62004K, committed 62592K, reserved 1103872K
  class space    used 7609K, capacity 8011K, committed 8320K, reserved 1048576K
Event: 15293.428 GC heap after
Heap after GC invocations=112 (full 20):
 PSYoungGen      total 266240K, used 22912K [0x00000000eab00000, 0x0000000100000000, 0x0000000100000000)
  eden space 182784K, 0% used [0x00000000eab00000,0x00000000eab00000,0x00000000f5d80000)
  from space 83456K, 27% used [0x00000000fae80000,0x00000000fc4e0000,0x0000000100000000)
  to   space 82944K, 0% used [0x00000000f5d80000,0x00000000f5d80000,0x00000000fae80000)
 ParOldGen       total 250368K, used 160928K [0x00000000c0000000, 0x00000000cf480000, 0x00000000eab00000)
  object space 250368K, 64% used [0x00000000c0000000,0x00000000c9d28050,0x00000000cf480000)
 Metaspace       used 58849K, capacity 62004K, committed 62592K, reserved 1103872K
  class space    used 7609K, capacity 8011K, committed 8320K, reserved 1048576K
}
Event: 15294.076 GC heap before
{Heap before GC invocations=113 (full 20):
 PSYoungGen      total 266240K, used 205696K [0x00000000eab00000, 0x0000000100000000, 0x0000000100000000)
  eden space 182784K, 100% used [0x00000000eab00000,0x00000000f5d80000,0x00000000f5d80000)
  from space 83456K, 27% used [0x00000000fae80000,0x00000000fc4e0000,0x0000000100000000)
  to   space 82944K, 0% used [0x00000000f5d80000,0x00000000f5d80000,0x00000000fae80000)
 ParOldGen       total 250368K, used 160928K [0x00000000c0000000, 0x00000000cf480000, 0x00000000eab00000)
  object space 250368K, 64% used [0x00000000c0000000,0x00000000c9d28050,0x00000000cf480000)
 Metaspace       used 58852K, capacity 62004K, committed 62592K, reserved 1103872K
  class space    used 7609K, capacity 8011K, committed 8320K, reserved 1048576K
Event: 15294.114 GC heap after
Heap after GC invocations=113 (full 20):
 PSYoungGen      total 192512K, used 9600K [0x00000000eab00000, 0x00000000ffa80000, 0x0000000100000000)
  eden space 182784K, 0% used [0x00000000eab00000,0x00000000eab00000,0x00000000f5d80000)
  from space 9728K, 98% used [0x00000000f5d80000,0x00000000f66e0000,0x00000000f6700000)
  to   space 80384K, 0% used [0x00000000fac00000,0x00000000fac00000,0x00000000ffa80000)
 ParOldGen       total 250368K, used 183496K [0x00000000c0000000, 0x00000000cf480000, 0x00000000eab00000)
  object space 250368K, 73% used [0x00000000c0000000,0x00000000cb332050,0x00000000cf480000)
 Metaspace       used 58852K, capacity 62004K, committed 62592K, reserved 1103872K
  class space    used 7609K, capacity 8011K, committed 8320K, reserved 1048576K
}
Event: 15314.907 GC heap before
{Heap before GC invocations=114 (full 20):
 PSYoungGen      total 192512K, used 120982K [0x00000000eab00000, 0x00000000ffa80000, 0x0000000100000000)
  eden space 182784K, 60% used [0x00000000eab00000,0x00000000f17c5930,0x00000000f5d80000)
  from space 9728K, 98% used [0x00000000f5d80000,0x00000000f66e0000,0x00000000f6700000)
  to   space 80384K, 0% used [0x00000000fac00000,0x00000000fac00000,0x00000000ffa80000)
 ParOldGen       total 250368K, used 183496K [0x00000000c0000000, 0x00000000cf480000, 0x00000000eab00000)
  object space 250368K, 73% used [0x00000000c0000000,0x00000000cb332050,0x00000000cf480000)
 Metaspace       used 58903K, capacity 62042K, committed 62592K, reserved 1103872K
  class space    used 7617K, capacity 8044K, committed 8320K, reserved 1048576K
Event: 15314.945 GC heap after
Heap after GC invocations=114 (full 20):
 PSYoungGen      total 260096K, used 672K [0x00000000eab00000, 0x00000000ff780000, 0x0000000100000000)
  eden space 182784K, 0% used [0x00000000eab00000,0x00000000eab00000,0x00000000f5d80000)
  from space 77312K, 0% used [0x00000000fac00000,0x00000000faca8000,0x00000000ff780000)
  to   space 78848K, 0% used [0x00000000f5d80000,0x00000000f5d80000,0x00000000faa80000)
 ParOldGen       total 250368K, used 189448K [0x00000000c0000000, 0x00000000cf480000, 0x00000000eab00000)
  object space 250368K, 75% used [0x00000000c0000000,0x00000000cb902050,0x00000000cf480000)
 Metaspace       used 58903K, capacity 62042K, committed 62592K, reserved 1103872K
  class space    used 7617K, capacity 8044K, committed 8320K, reserved 1048576K
}
Event: 15314.945 GC heap before
{Heap before GC invocations=115 (full 21):
 PSYoungGen      total 260096K, used 672K [0x00000000eab00000, 0x00000000ff780000, 0x0000000100000000)
  eden space 182784K, 0% used [0x00000000eab00000,0x00000000eab00000,0x00000000f5d80000)
  from space 77312K, 0% used [0x00000000fac00000,0x00000000faca8000,0x00000000ff780000)
  to   space 78848K, 0% used [0x00000000f5d80000,0x00000000f5d80000,0x00000000faa80000)
 ParOldGen       total 250368K, used 189448K [0x00000000c0000000, 0x00000000cf480000, 0x00000000eab00000)
  object space 250368K, 75% used [0x00000000c0000000,0x00000000cb902050,0x00000000cf480000)
 Metaspace       used 58903K, capacity 62042K, committed 62592K, reserved 1103872K
  class space    used 7617K, capacity 8044K, committed 8320K, reserved 1048576K
Event: 15315.180 GC heap after
Heap after GC invocations=115 (full 21):
 PSYoungGen      total 260096K, used 0K [0x00000000eab00000, 0x00000000ff780000, 0x0000000100000000)
  eden space 182784K, 0% used [0x00000000eab00000,0x00000000eab00000,0x00000000f5d80000)
  from space 77312K, 0% used [0x00000000fac00000,0x00000000fac00000,0x00000000ff780000)
  to   space 78848K, 0% used [0x00000000f5d80000,0x00000000f5d80000,0x00000000faa80000)
 ParOldGen       total 250368K, used 40331K [0x00000000c0000000, 0x00000000cf480000, 0x00000000eab00000)
  object space 250368K, 16% used [0x00000000c0000000,0x00000000c2762c18,0x00000000cf480000)
 Metaspace       used 58405K, capacity 61100K, committed 62592K, reserved 1103872K
  class space    used 7491K, capacity 7786K, committed 8320K, reserved 1048576K
}
Event: 15336.654 GC heap before
{Heap before GC invocations=116 (full 21):
 PSYoungGen      total 260096K, used 182784K [0x00000000eab00000, 0x00000000ff780000, 0x0000000100000000)
  eden space 182784K, 100% used [0x00000000eab00000,0x00000000f5d80000,0x00000000f5d80000)
  from space 77312K, 0% used [0x00000000fac00000,0x00000000fac00000,0x00000000ff780000)
  to   space 78848K, 0% used [0x00000000f5d80000,0x00000000f5d80000,0x00000000faa80000)
 ParOldGen       total 250368K, used 40331K [0x00000000c0000000, 0x00000000cf480000, 0x00000000eab00000)
  object space 250368K, 16% used [0x00000000c0000000,0x00000000c2762c18,0x00000000cf480000)
 Metaspace       used 58959K, capacity 62112K, committed 62592K, reserved 1103872K
  class space    used 7615K, capacity 8026K, committed 8320K, reserved 1048576K
Event: 15336.665 GC heap after
Heap after GC invocations=116 (full 21):
 PSYoungGen      total 261632K, used 11714K [0x00000000eab00000, 0x00000000ff980000, 0x0000000100000000)
  eden space 182784K, 0% used [0x00000000eab00000,0x00000000eab00000,0x00000000f5d80000)
  from space 78848K, 14% used [0x00000000f5d80000,0x00000000f68f0818,0x00000000faa80000)
  to   space 74752K, 0% used [0x00000000fb080000,0x00000000fb080000,0x00000000ff980000)
 ParOldGen       total 250368K, used 40339K [0x00000000c0000000, 0x00000000cf480000, 0x00000000eab00000)
  object space 250368K, 16% used [0x00000000c0000000,0x00000000c2764c18,0x00000000cf480000)
 Metaspace       used 58959K, capacity 62112K, committed 62592K, reserved 1103872K
  class space    used 7615K, capacity 8026K, committed 8320K, reserved 1048576K
}

Deoptimization events (10 events):
Event: 15335.574 Thread 0x000000005bdf0800 Uncommon trap: reason=array_check action=maybe_recompile pc=0x000000000480e6d4 method=java.util.ComparableTimSort.mergeLo(IIII)V @ 465
Event: 15340.351 Thread 0x000000005bdf0800 Uncommon trap: reason=unstable_if action=reinterpret pc=0x00000000043ad58c method=org.gradle.api.internal.changedetection.state.DefaultFileCollectionSnapshotter$FileCollectionSnapshotImpl$2.next(Lorg/gradle/util/ChangeListener;)Z @ 123
Event: 16059.695 Thread 0x000000005bdee000 Uncommon trap: reason=unloaded action=reinterpret pc=0x000000000542f8dc method=org.gradle.messaging.remote.internal.inet.SocketConnection.dispatch(Ljava/lang/Object;)V @ 21
Event: 16059.698 Thread 0x000000005bdef800 Uncommon trap: reason=unloaded action=reinterpret pc=0x0000000004c70250 method=com.esotericsoftware.kryo.io.Output.flush()V @ 28
Event: 16059.698 Thread 0x000000000209e800 Uncommon trap: reason=unstable_if action=reinterpret pc=0x0000000003e56744 method=java.lang.ref.SoftReference.get()Ljava/lang/Object; @ 6
Event: 16059.702 Thread 0x000000005bdef800 Uncommon trap: reason=class_check action=maybe_recompile pc=0x00000000028ea648 method=java.io.PrintWriter.write(Ljava/lang/String;II)V @ 19
Event: 16059.702 Thread 0x000000005bdef800 Uncommon trap: reason=class_check action=maybe_recompile pc=0x00000000028ea648 method=java.io.PrintWriter.write(Ljava/lang/String;II)V @ 19
Event: 16059.702 Thread 0x000000005bdef800 Uncommon trap: reason=class_check action=maybe_recompile pc=0x00000000028ea648 method=java.io.PrintWriter.write(Ljava/lang/String;II)V @ 19
Event: 16059.702 Thread 0x000000005bdef800 Uncommon trap: reason=class_check action=maybe_recompile pc=0x00000000028ea648 method=java.io.PrintWriter.write(Ljava/lang/String;II)V @ 19
Event: 16059.702 Thread 0x000000005bdef800 Uncommon trap: reason=class_check action=maybe_recompile pc=0x00000000039148c8 method=java.io.PrintWriter.write(Ljava/lang/String;II)V @ 19

Internal exceptions (10 events):
Event: 15969.587 Thread 0x000000005bdf6800 Exception <a 'java/lang/NoSuchMethodError': <clinit>> (0x00000000ec823270) thrown at [C:\workspace\8-2-build-windows-amd64-cygwin\jdk8u65\4987\hotspot\src\share\vm\prims\jni.cpp, line 1591]
Event: 16059.694 Thread 0x000000005bdee000 Exception <a 'java/io/IOException'> (0x00000000eca2a190) thrown at [C:\workspace\8-2-build-windows-amd64-cygwin\jdk8u65\4987\hotspot\src\share\vm\prims\jni.cpp, line 709]
Event: 16059.695 Thread 0x000000005bdee000 Exception <a 'java/io/IOException'> (0x00000000eca2ba70) thrown at [C:\workspace\8-2-build-windows-amd64-cygwin\jdk8u65\4987\hotspot\src\share\vm\prims\jni.cpp, line 709]
Event: 16059.697 Thread 0x000000005bdef800 Exception <a 'java/lang/NoSuchMethodError': <clinit>> (0x00000000ec9e5af0) thrown at [C:\workspace\8-2-build-windows-amd64-cygwin\jdk8u65\4987\hotspot\src\share\vm\prims\jni.cpp, line 1591]
Event: 16059.698 Thread 0x000000005bdef800 Exception <a 'java/io/IOException'> (0x00000000ec9ea900) thrown at [C:\workspace\8-2-build-windows-amd64-cygwin\jdk8u65\4987\hotspot\src\share\vm\prims\jni.cpp, line 709]
Event: 16059.698 Thread 0x000000005bdef800 Exception <a 'java/io/IOException'> (0x00000000ec9eb3e8) thrown at [C:\workspace\8-2-build-windows-amd64-cygwin\jdk8u65\4987\hotspot\src\share\vm\prims\jni.cpp, line 709]
Event: 16059.698 Thread 0x000000005bdef800 Exception <a 'java/io/IOException'> (0x00000000ec9ebed0) thrown at [C:\workspace\8-2-build-windows-amd64-cygwin\jdk8u65\4987\hotspot\src\share\vm\prims\jni.cpp, line 709]
Event: 16059.698 Thread 0x000000000209e800 Implicit null exception at 0x0000000003e5371a to 0x0000000003e566fd
Event: 16059.703 Thread 0x000000005bdef800 Exception <a 'java/io/IOException'> (0x00000000eca16988) thrown at [C:\workspace\8-2-build-windows-amd64-cygwin\jdk8u65\4987\hotspot\src\share\vm\prims\jni.cpp, line 709]
Event: 16059.703 Thread 0x000000005bdef800 Exception <a 'java/io/IOException'> (0x00000000eca183c8) thrown at [C:\workspace\8-2-build-windows-amd64-cygwin\jdk8u65\4987\hotspot\src\share\vm\prims\jni.cpp, line 709]

Events (10 events):
Event: 16059.702 Thread 0x000000005bdef800 Uncommon trap: trap_request=0xffffffde fr.pc=0x00000000028ea648
Event: 16059.702 Thread 0x000000005bdef800 DEOPT PACKING pc=0x00000000028ea648 sp=0x000000005926ed40
Event: 16059.702 Thread 0x000000005bdef800 DEOPT UNPACKING pc=0x00000000027b582a sp=0x000000005926ec60 mode 2
Event: 16059.702 Thread 0x000000005bdef800 Uncommon trap: trap_request=0xffffffde fr.pc=0x00000000039148c8
Event: 16059.702 Thread 0x000000005bdef800 DEOPT PACKING pc=0x00000000039148c8 sp=0x000000005926ec90
Event: 16059.702 Thread 0x000000005bdef800 DEOPT UNPACKING pc=0x00000000027b582a sp=0x000000005926ec60 mode 2
Event: 16059.703 Executing VM operation: RevokeBias
Event: 16059.703 Executing VM operation: RevokeBias done
Event: 16059.703 Executing VM operation: RevokeBias
Event: 16059.703 Executing VM operation: RevokeBias done


Dynamic libraries:
0x000000013f380000 - 0x000000013f3b7000 	C:\Program Files\Java\jdk1.8.0_65\bin\java.exe
0x0000000077c20000 - 0x0000000077dca000 	C:\Windows\SYSTEM32\ntdll.dll
0x0000000077a00000 - 0x0000000077b1f000 	C:\Windows\system32\kernel32.dll
0x000007fefdcb0000 - 0x000007fefdd1a000 	C:\Windows\system32\KERNELBASE.dll
0x000007fefee40000 - 0x000007fefef1b000 	C:\Windows\system32\ADVAPI32.dll
0x000007fefe140000 - 0x000007fefe1df000 	C:\Windows\system32\msvcrt.dll
0x000007feff080000 - 0x000007feff09f000 	C:\Windows\SYSTEM32\sechost.dll
0x000007fefed10000 - 0x000007fefee3d000 	C:\Windows\system32\RPCRT4.dll
0x0000000077b20000 - 0x0000000077c1a000 	C:\Windows\system32\USER32.dll
0x000007fefdd60000 - 0x000007fefddc7000 	C:\Windows\system32\GDI32.dll
0x000007fefef40000 - 0x000007fefef4e000 	C:\Windows\system32\LPK.dll
0x000007fefef50000 - 0x000007feff01a000 	C:\Windows\system32\USP10.dll
0x000007fefc3f0000 - 0x000007fefc5e4000 	C:\Windows\WinSxS\amd64_microsoft.windows.common-controls_6595b64144ccf1df_6.0.7601.18837_none_fa3b1e3d17594757\COMCTL32.dll
0x000007feffe30000 - 0x000007feffea1000 	C:\Windows\system32\SHLWAPI.dll
0x000007fefebd0000 - 0x000007fefebfe000 	C:\Windows\system32\IMM32.DLL
0x000007fefec00000 - 0x000007fefed09000 	C:\Windows\system32\MSCTF.dll
0x00000000725e0000 - 0x00000000726b2000 	C:\Program Files\Java\jdk1.8.0_65\jre\bin\msvcr100.dll
0x0000000066430000 - 0x0000000066cb9000 	C:\Program Files\Java\jdk1.8.0_65\jre\bin\server\jvm.dll
0x000007fefb2c0000 - 0x000007fefb2c9000 	C:\Windows\system32\WSOCK32.dll
0x000007fefe3f0000 - 0x000007fefe43d000 	C:\Windows\system32\WS2_32.dll
0x000007fefe4e0000 - 0x000007fefe4e8000 	C:\Windows\system32\NSI.dll
0x000007fefbaa0000 - 0x000007fefbadb000 	C:\Windows\system32\WINMM.dll
0x000007fefca80000 - 0x000007fefca8c000 	C:\Windows\system32\VERSION.dll
0x0000000077df0000 - 0x0000000077df7000 	C:\Windows\system32\PSAPI.DLL
0x00000000741e0000 - 0x00000000741ef000 	C:\Program Files\Java\jdk1.8.0_65\jre\bin\verify.dll
0x0000000072890000 - 0x00000000728b9000 	C:\Program Files\Java\jdk1.8.0_65\jre\bin\java.dll
0x0000000073eb0000 - 0x0000000073ec6000 	C:\Program Files\Java\jdk1.8.0_65\jre\bin\zip.dll
0x000007feff0a0000 - 0x000007feffe2a000 	C:\Windows\system32\SHELL32.dll
0x000007fefe1e0000 - 0x000007fefe3e3000 	C:\Windows\system32\ole32.dll
0x000007fefd9a0000 - 0x000007fefd9af000 	C:\Windows\system32\profapi.dll
0x00000000735c0000 - 0x00000000735da000 	C:\Program Files\Java\jdk1.8.0_65\jre\bin\net.dll
0x000007fefd140000 - 0x000007fefd195000 	C:\Windows\system32\mswsock.dll
0x000007fefd130000 - 0x000007fefd137000 	C:\Windows\System32\wship6.dll
0x00000000734d0000 - 0x00000000734e1000 	C:\Program Files\Java\jdk1.8.0_65\jre\bin\nio.dll
0x000007fef75f0000 - 0x000007fef7602000 	C:\Users\ddasgupta\.gradle\native\19\windows-amd64\native-platform.dll
0x000007fefa810000 - 0x000007fefa837000 	C:\Windows\system32\IPHLPAPI.DLL
0x000007fefa800000 - 0x000007fefa80b000 	C:\Windows\system32\WINNSI.DLL
0x000007fefa720000 - 0x000007fefa731000 	C:\Windows\system32\dhcpcsvc6.DLL
0x000007fefa700000 - 0x000007fefa718000 	C:\Windows\system32\dhcpcsvc.DLL
0x000007fefd350000 - 0x000007fefd368000 	C:\Windows\system32\CRYPTSP.dll
0x000007fefcea0000 - 0x000007fefcee7000 	C:\Windows\system32\rsaenh.dll
0x000007fefdd30000 - 0x000007fefdd4e000 	C:\Windows\system32\USERENV.dll
0x000007fefd800000 - 0x000007fefd80f000 	C:\Windows\system32\CRYPTBASE.dll
0x000007fefd7a0000 - 0x000007fefd7f7000 	C:\Windows\system32\apphelp.dll
0x00000000741d0000 - 0x00000000741dd000 	C:\Program Files\Java\jdk1.8.0_65\jre\bin\management.dll

VM Arguments:
jvm_args: -XX:MaxPermSize=256m -XX:+HeapDumpOnOutOfMemoryError -Xmx1024m -Dfile.encoding=windows-1252 -Duser.country=US -Duser.language=en -Duser.variant 
java_command: org.gradle.launcher.daemon.bootstrap.GradleDaemon 2.8
java_class_path (initial): C:\Users\ddasgupta\.gradle\wrapper\dists\gradle-2.8-all\ah86jmo43de9lfa8xg9ux3c4h\gradle-2.8\lib\gradle-launcher-2.8.jar
Launcher Type: SUN_STANDARD

Environment Variables:
PATH=C:\Program Files (x86)\RSA SecurID Token Common;C:\ProgramData\Oracle\Java\javapath;C:\Windows\system32;C:\Windows;C:\Windows\System32\Wbem;C:\Windows\System32\WindowsPowerShell\v1.0\;C:\Program Files (x86)\Skype\Phone\;C:\Program Files\Git\cmd;C:\Program Files\Git\mingw64\bin;C:\Program Files\Git\usr\bin
USERNAME=ddasgupta
OS=Windows_NT
PROCESSOR_IDENTIFIER=Intel64 Family 6 Model 30 Stepping 5, GenuineIntel



---------------  S Y S T E M  ---------------

OS: Windows 7 , 64 bit Build 7601 (6.1.7601.23392)

CPU:total 4 (4 cores per cpu, 1 threads per core) family 6 model 30 stepping 5, cmov, cx8, fxsr, mmx, sse, sse2, sse3, ssse3, sse4.1, sse4.2, popcnt, tsc, tscinvbit

Memory: 4k page, physical 6249592k(554988k free), swap 6264120k(5192k free)

vm_info: Java HotSpot(TM) 64-Bit Server VM (25.65-b01) for windows-amd64 JRE (1.8.0_65-b17), built on Oct  6 2015 16:39:20 by "java_re" with MS VC++ 10.0 (VS2010)

time: Fri Apr 22 17:50:45 2016
elapsed time: 16059 seconds (0d 4h 27m 39s)

