#
# There is insufficient memory for the Java Runtime Environment to continue.
# Native memory allocation (malloc) failed to allocate 1660176 bytes for Chunk::new
# Possible reasons:
#   The system is out of physical RAM or swap space
#   In 32 bit mode, the process size limit was hit
# Possible solutions:
#   Reduce memory load on the system
#   Increase physical memory or swap space
#   Check if swap backing store is full
#   Use 64 bit Java on a 64 bit OS
#   Decrease Java heap size (-Xmx/-Xms)
#   Decrease number of Java threads
#   Decrease Java thread stack sizes (-Xss)
#   Set larger code cache with -XX:ReservedCodeCacheSize=
# This output file may be truncated or incomplete.
#
#  Out of Memory Error (allocation.cpp:390), pid=1716, tid=7496
#
# JRE version: Java(TM) SE Runtime Environment (8.0_65-b17) (build 1.8.0_65-b17)
# Java VM: Java HotSpot(TM) 64-Bit Server VM (25.65-b01 mixed mode windows-amd64 compressed oops)
# Failed to write core dump. Minidumps are not enabled by default on client versions of Windows
#

---------------  T H R E A D  ---------------

Current thread (0x00000000551d9800):  JavaThread "C2 CompilerThread0" daemon [_thread_in_native, id=7496, stack(0x0000000056760000,0x0000000056860000)]

Stack: [0x0000000056760000,0x0000000056860000]
[error occurred during error reporting (printing stack bounds), id 0xc0000005]

Native frames: (J=compiled Java code, j=interpreted, Vv=VM code, C=native code)


Current CompileTask:
C2:   2241 1459   !   4       java.net.URLClassLoader$1::run (63 bytes)


---------------  P R O C E S S  ---------------

Java Threads: ( => current thread )
  0x0000000058b22800 JavaThread "File lock request listener" [_thread_in_native, id=7128, stack(0x000000005ae40000,0x000000005af40000)]
  0x000000005823d000 JavaThread "Stdin handler" [_thread_blocked, id=6796, stack(0x0000000059400000,0x0000000059500000)]
  0x0000000058203000 JavaThread "Daemon worker" [_thread_in_native, id=2032, stack(0x0000000059000000,0x0000000059100000)]
  0x0000000058000000 JavaThread "Cancel handler" [_thread_blocked, id=1072, stack(0x00000000591b0000,0x00000000592b0000)]
  0x00000000581b2800 JavaThread "Handler for socket connection from /127.0.0.1:55487 to /127.0.0.1:55489" [_thread_in_native, id=5168, stack(0x0000000057a80000,0x0000000057b80000)]
  0x00000000581b0000 JavaThread "Daemon" [_thread_blocked, id=4716, stack(0x0000000058bf0000,0x0000000058cf0000)]
  0x0000000057f56000 JavaThread "Incoming local TCP Connector on port 55487" [_thread_in_native, id=6236, stack(0x0000000058cf0000,0x0000000058df0000)]
  0x00000000568f2000 JavaThread "Service Thread" daemon [_thread_blocked, id=6516, stack(0x00000000570f0000,0x00000000571f0000)]
  0x0000000056862000 JavaThread "C1 CompilerThread2" daemon [_thread_blocked, id=1352, stack(0x0000000056f20000,0x0000000057020000)]
  0x0000000056861000 JavaThread "C2 CompilerThread1" daemon [_thread_in_native, id=7588, stack(0x0000000056cf0000,0x0000000056df0000)]
=>0x00000000551d9800 JavaThread "C2 CompilerThread0" daemon [_thread_in_native, id=7496, stack(0x0000000056760000,0x0000000056860000)]
  0x00000000551d4800 JavaThread "Attach Listener" daemon [_thread_blocked, id=2940, stack(0x0000000056640000,0x0000000056740000)]
  0x00000000551d3800 JavaThread "Signal Dispatcher" daemon [_thread_blocked, id=4936, stack(0x0000000056500000,0x0000000056600000)]
  0x0000000055177800 JavaThread "Finalizer" daemon [_thread_blocked, id=7916, stack(0x0000000056340000,0x0000000056440000)]
  0x0000000055170800 JavaThread "Reference Handler" daemon [_thread_blocked, id=3136, stack(0x0000000056230000,0x0000000056330000)]
  0x000000000209e800 JavaThread "main" [_thread_blocked, id=8036, stack(0x0000000002420000,0x0000000002520000)]

Other Threads:
  0x000000005516b000 VMThread [stack: 0x0000000056130000,0x0000000056230000] [id=3780]
  0x0000000056908000 WatcherThread [stack: 0x0000000056df0000,0x0000000056ef0000] [id=5724]

VM state:not at safepoint (normal execution)

VM Mutex/Monitor currently owned by a thread: None

Heap:
 PSYoungGen      total 28672K, used 23049K [0x00000000eab00000, 0x00000000ee300000, 0x0000000100000000)
  eden space 24576K, 77% used [0x00000000eab00000,0x00000000ebd825e8,0x00000000ec300000)
  from space 4096K, 100% used [0x00000000ec300000,0x00000000ec700000,0x00000000ec700000)
  to   space 4096K, 0% used [0x00000000edf00000,0x00000000edf00000,0x00000000ee300000)
 ParOldGen       total 65536K, used 4180K [0x00000000c0000000, 0x00000000c4000000, 0x00000000eab00000)
  object space 65536K, 6% used [0x00000000c0000000,0x00000000c0415058,0x00000000c4000000)
 Metaspace       used 17813K, capacity 18226K, committed 18560K, reserved 1064960K
  class space    used 2436K, capacity 2567K, committed 2688K, reserved 1048576K

Card table byte_map: [0x0000000011bb0000,0x0000000011dc0000] byte_map_base: 0x00000000115b0000

Marking Bits: (ParMarkBitMap*) 0x000000005e7da5b0
 Begin Bits: [0x00000000125e0000, 0x00000000135e0000)
 End Bits:   [0x00000000135e0000, 0x00000000145e0000)

Polling page: 0x00000000001c0000

CodeCache: size=245760Kb used=4953Kb max_used=4953Kb free=240806Kb
 bounds [0x00000000027f0000, 0x0000000002cd0000, 0x00000000117f0000]
 total_blobs=1847 nmethods=1468 adapters=292
 compilation: enabled

Compilation events (10 events):
Event: 2.215 Thread 0x0000000056862000 1466       3       java.util.StringTokenizer::nextToken (92 bytes)
Event: 2.216 Thread 0x0000000056862000 nmethod 1466 0x0000000002cc6210 code [0x0000000002cc63c0, 0x0000000002cc67f8]
Event: 2.216 Thread 0x0000000056862000 1467       3       java.lang.String::trim (77 bytes)
Event: 2.216 Thread 0x0000000056862000 nmethod 1467 0x0000000002cc6990 code [0x0000000002cc6b20, 0x0000000002cc6fc8]
Event: 2.218 Thread 0x0000000056862000 1469       3       java.lang.AbstractStringBuilder::append (50 bytes)
Event: 2.219 Thread 0x0000000056862000 nmethod 1469 0x0000000002cc7150 code [0x0000000002cc72e0, 0x0000000002cc77e8]
Event: 2.219 Thread 0x0000000056862000 1470       3       java.util.regex.Pattern$Node::study (21 bytes)
Event: 2.219 Thread 0x0000000056862000 nmethod 1470 0x0000000002cc79d0 code [0x0000000002cc7b40, 0x0000000002cc7da8]
Event: 2.219 Thread 0x0000000056862000 1471       3       java.io.File::<init> (20 bytes)
Event: 2.220 Thread 0x0000000056862000 nmethod 1471 0x0000000002cc7e90 code [0x0000000002cc7fe0, 0x0000000002cc81d0]

GC Heap History (6 events):
Event: 0.553 GC heap before
{Heap before GC invocations=1 (full 0):
 PSYoungGen      total 28672K, used 24379K [0x00000000eab00000, 0x00000000ecb00000, 0x0000000100000000)
  eden space 24576K, 99% used [0x00000000eab00000,0x00000000ec2ceeb0,0x00000000ec300000)
  from space 4096K, 0% used [0x00000000ec700000,0x00000000ec700000,0x00000000ecb00000)
  to   space 4096K, 0% used [0x00000000ec300000,0x00000000ec300000,0x00000000ec700000)
 ParOldGen       total 65536K, used 0K [0x00000000c0000000, 0x00000000c4000000, 0x00000000eab00000)
  object space 65536K, 0% used [0x00000000c0000000,0x00000000c0000000,0x00000000c4000000)
 Metaspace       used 5464K, capacity 5982K, committed 6144K, reserved 1056768K
  class space    used 697K, capacity 762K, committed 768K, reserved 1048576K
Event: 0.558 GC heap after
Heap after GC invocations=1 (full 0):
 PSYoungGen      total 28672K, used 3273K [0x00000000eab00000, 0x00000000ecb00000, 0x0000000100000000)
  eden space 24576K, 0% used [0x00000000eab00000,0x00000000eab00000,0x00000000ec300000)
  from space 4096K, 79% used [0x00000000ec300000,0x00000000ec632578,0x00000000ec700000)
  to   space 4096K, 0% used [0x00000000ec700000,0x00000000ec700000,0x00000000ecb00000)
 ParOldGen       total 65536K, used 8K [0x00000000c0000000, 0x00000000c4000000, 0x00000000eab00000)
  object space 65536K, 0% used [0x00000000c0000000,0x00000000c0002000,0x00000000c4000000)
 Metaspace       used 5464K, capacity 5982K, committed 6144K, reserved 1056768K
  class space    used 697K, capacity 762K, committed 768K, reserved 1048576K
}
Event: 1.473 GC heap before
{Heap before GC invocations=2 (full 0):
 PSYoungGen      total 28672K, used 27849K [0x00000000eab00000, 0x00000000ecb00000, 0x0000000100000000)
  eden space 24576K, 100% used [0x00000000eab00000,0x00000000ec300000,0x00000000ec300000)
  from space 4096K, 79% used [0x00000000ec300000,0x00000000ec632578,0x00000000ec700000)
  to   space 4096K, 0% used [0x00000000ec700000,0x00000000ec700000,0x00000000ecb00000)
 ParOldGen       total 65536K, used 8K [0x00000000c0000000, 0x00000000c4000000, 0x00000000eab00000)
  object space 65536K, 0% used [0x00000000c0000000,0x00000000c0002000,0x00000000c4000000)
 Metaspace       used 10852K, capacity 11228K, committed 11392K, reserved 1058816K
  class space    used 1428K, capacity 1562K, committed 1664K, reserved 1048576K
Event: 1.492 GC heap after
Heap after GC invocations=2 (full 0):
 PSYoungGen      total 28672K, used 4070K [0x00000000eab00000, 0x00000000ee300000, 0x0000000100000000)
  eden space 24576K, 0% used [0x00000000eab00000,0x00000000eab00000,0x00000000ec300000)
  from space 4096K, 99% used [0x00000000ec700000,0x00000000ecaf9ae8,0x00000000ecb00000)
  to   space 4096K, 0% used [0x00000000ec300000,0x00000000ec300000,0x00000000ec700000)
 ParOldGen       total 65536K, used 849K [0x00000000c0000000, 0x00000000c4000000, 0x00000000eab00000)
  object space 65536K, 1% used [0x00000000c0000000,0x00000000c00d4758,0x00000000c4000000)
 Metaspace       used 10852K, capacity 11228K, committed 11392K, reserved 1058816K
  class space    used 1428K, capacity 1562K, committed 1664K, reserved 1048576K
}
Event: 1.802 GC heap before
{Heap before GC invocations=3 (full 0):
 PSYoungGen      total 28672K, used 28646K [0x00000000eab00000, 0x00000000ee300000, 0x0000000100000000)
  eden space 24576K, 100% used [0x00000000eab00000,0x00000000ec300000,0x00000000ec300000)
  from space 4096K, 99% used [0x00000000ec700000,0x00000000ecaf9ae8,0x00000000ecb00000)
  to   space 4096K, 0% used [0x00000000ec300000,0x00000000ec300000,0x00000000ec700000)
 ParOldGen       total 65536K, used 849K [0x00000000c0000000, 0x00000000c4000000, 0x00000000eab00000)
  object space 65536K, 1% used [0x00000000c0000000,0x00000000c00d4758,0x00000000c4000000)
 Metaspace       used 15547K, capacity 15868K, committed 16000K, reserved 1062912K
  class space    used 2051K, capacity 2170K, committed 2176K, reserved 1048576K
Event: 1.809 GC heap after
Heap after GC invocations=3 (full 0):
 PSYoungGen      total 28672K, used 4096K [0x00000000eab00000, 0x00000000ee300000, 0x0000000100000000)
  eden space 24576K, 0% used [0x00000000eab00000,0x00000000eab00000,0x00000000ec300000)
  from space 4096K, 100% used [0x00000000ec300000,0x00000000ec700000,0x00000000ec700000)
  to   space 4096K, 0% used [0x00000000edf00000,0x00000000edf00000,0x00000000ee300000)
 ParOldGen       total 65536K, used 4180K [0x00000000c0000000, 0x00000000c4000000, 0x00000000eab00000)
  object space 65536K, 6% used [0x00000000c0000000,0x00000000c0415058,0x00000000c4000000)
 Metaspace       used 15547K, capacity 15868K, committed 16000K, reserved 1062912K
  class space    used 2051K, capacity 2170K, committed 2176K, reserved 1048576K
}

Deoptimization events (10 events):
Event: 1.574 Thread 0x0000000058203000 Uncommon trap: reason=bimorphic action=maybe_recompile pc=0x0000000002bd0d80 method=java.util.HashMap.putVal(ILjava/lang/Object;Ljava/lang/Object;ZZ)Ljava/lang/Object; @ 203
Event: 1.618 Thread 0x0000000058203000 Uncommon trap: reason=unstable_if action=reinterpret pc=0x000000000293c488 method=java.net.URI.match(CJJ)Z @ 19
Event: 1.813 Thread 0x0000000058203000 Uncommon trap: reason=unstable_if action=reinterpret pc=0x0000000002a8ba40 method=java.util.HashMap.getNode(ILjava/lang/Object;)Ljava/util/HashMap$Node; @ 129
Event: 1.813 Thread 0x0000000058203000 Uncommon trap: reason=unstable_if action=reinterpret pc=0x0000000002a675e8 method=java.util.HashMap.getNode(ILjava/lang/Object;)Ljava/util/HashMap$Node; @ 129
Event: 1.957 Thread 0x0000000058203000 Uncommon trap: reason=class_check action=maybe_recompile pc=0x0000000002c76b64 method=org.gradle.internal.service.DefaultServiceRegistry$SingletonService.getService(Lorg/gradle/internal/service/DefaultServiceRegistry$LookupContext;Lorg/gradle/internal/serv.¹D-BNÿ?
Event: 1.957 Thread 0x0000000058203000 Uncommon trap: reason=class_check action=maybe_recompile pc=0x0000000002c76b64 method=org.gradle.internal.service.DefaultServiceRegistry$SingletonService.getService(Lorg/gradle/internal/service/DefaultServiceRegistry$LookupContext;Lorg/gradle/internal/servAlÜSNÿ?
Event: 1.957 Thread 0x0000000058203000 Uncommon trap: reason=class_check action=maybe_recompile pc=0x0000000002c76b64 method=org.gradle.internal.service.DefaultServiceRegistry$SingletonService.getService(Lorg/gradle/internal/service/DefaultServiceRegistry$LookupContext;Lorg/gradle/internal/servKýSddNÿ?
Event: 1.957 Thread 0x0000000058203000 Uncommon trap: reason=class_check action=maybe_recompile pc=0x0000000002c76b64 method=org.gradle.internal.service.DefaultServiceRegistry$SingletonService.getService(Lorg/gradle/internal/service/DefaultServiceRegistry$LookupContext;Lorg/gradle/internal/serv²ÝÊÀ¶@
Event: 2.214 Thread 0x0000000058203000 Uncommon trap: reason=unstable_if action=reinterpret pc=0x0000000002ae2248 method=java.lang.AbstractStringBuilder.append(Ljava/lang/String;)Ljava/lang/AbstractStringBuilder; @ 1
Event: 2.214 Thread 0x0000000058203000 Uncommon trap: reason=unstable_if action=reinterpret pc=0x0000000002a41930 method=java.lang.AbstractStringBuilder.append(Ljava/lang/String;)Ljava/lang/AbstractStringBuilder; @ 1

Internal exceptions (10 events):
Event: 1.810 Thread 0x0000000058203000 Exception <a 'java/lang/ClassNotFoundException': org/gradle/api/internal/plugins/DefaultExtraPropertiesExtensionCustomizer> (0x00000000eab0c120) thrown at [C:\workspace\8-2-build-windows-amd64-cygwin\jdk8u65\4987\hotspot\src\share\vm\classfile\systemDictio•Âµ¬B<@
Event: 2.154 Thread 0x0000000058203000 Exception <a 'java/lang/NoSuchMethodError': <clinit>> (0x00000000eba8e850) thrown at [C:\workspace\8-2-build-windows-amd64-cygwin\jdk8u65\4987\hotspot\src\share\vm\prims\jni.cpp, line 1591]
Event: 2.160 Thread 0x0000000058203000 Exception <a 'java/lang/NoSuchMethodError': <clinit>> (0x00000000ebac66e8) thrown at [C:\workspace\8-2-build-windows-amd64-cygwin\jdk8u65\4987\hotspot\src\share\vm\prims\jni.cpp, line 1591]
Event: 2.162 Thread 0x0000000058203000 Exception <a 'java/lang/NoSuchMethodError': <clinit>> (0x00000000ebadf658) thrown at [C:\workspace\8-2-build-windows-amd64-cygwin\jdk8u65\4987\hotspot\src\share\vm\prims\jni.cpp, line 1591]
Event: 2.164 Thread 0x0000000058203000 Exception <a 'java/lang/NoSuchMethodError': <clinit>> (0x00000000ebaf5270) thrown at [C:\workspace\8-2-build-windows-amd64-cygwin\jdk8u65\4987\hotspot\src\share\vm\prims\jni.cpp, line 1591]
Event: 2.164 Thread 0x0000000058203000 Exception <a 'java/lang/NoSuchMethodError': <clinit>> (0x00000000ebb047f8) thrown at [C:\workspace\8-2-build-windows-amd64-cygwin\jdk8u65\4987\hotspot\src\share\vm\prims\jni.cpp, line 1591]
Event: 2.171 Thread 0x0000000058203000 Exception <a 'java/lang/NoSuchMethodError': <clinit>> (0x00000000ebb41468) thrown at [C:\workspace\8-2-build-windows-amd64-cygwin\jdk8u65\4987\hotspot\src\share\vm\prims\jni.cpp, line 1591]
Event: 2.171 Thread 0x0000000058203000 Exception <a 'java/lang/NoSuchMethodError': <clinit>> (0x00000000ebb4fcd8) thrown at [C:\workspace\8-2-build-windows-amd64-cygwin\jdk8u65\4987\hotspot\src\share\vm\prims\jni.cpp, line 1591]
Event: 2.214 Thread 0x0000000058203000 Implicit null exception at 0x0000000002ae1f06 to 0x0000000002ae2231
Event: 2.214 Thread 0x0000000058203000 Implicit null exception at 0x0000000002a41606 to 0x0000000002a41919

Events (10 events):
Event: 2.216 loading class org/apache/commons/io/IOUtils
Event: 2.216 loading class org/apache/commons/io/IOUtils done
Event: 2.217 loading class org/apache/commons/io/output/ByteArrayOutputStream
Event: 2.217 loading class org/apache/commons/io/output/ByteArrayOutputStream done
Event: 2.217 loading class java/io/CharArrayWriter
Event: 2.217 loading class java/io/CharArrayWriter done
Event: 2.218 loading class org/gradle/groovy/scripts/internal/FileCacheBackedScriptClassCompiler$ProgressReportingInitializer
Event: 2.218 loading class org/gradle/groovy/scripts/internal/FileCacheBackedScriptClassCompiler$ProgressReportingInitializer done
Event: 2.219 loading class org/gradle/groovy/scripts/internal/FileCacheBackedScriptClassCompiler$CacheInitializer
Event: 2.219 loading class org/gradle/groovy/scripts/internal/FileCacheBackedScriptClassCompiler$CacheInitializer done


Dynamic libraries:
0x000000013f450000 - 0x000000013f487000 	C:\Program Files\Java\jdk1.8.0_65\bin\java.exe
0x0000000077c40000 - 0x0000000077dea000 	C:\Windows\SYSTEM32\ntdll.dll
0x0000000077b20000 - 0x0000000077c3f000 	C:\Windows\system32\kernel32.dll
0x000007fefda60000 - 0x000007fefdacb000 	C:\Windows\system32\KERNELBASE.dll
0x000007fefee00000 - 0x000007fefeedb000 	C:\Windows\system32\ADVAPI32.dll
0x000007feff9c0000 - 0x000007feffa5f000 	C:\Windows\system32\msvcrt.dll
0x000007feffd00000 - 0x000007feffd1f000 	C:\Windows\SYSTEM32\sechost.dll
0x000007fefeb20000 - 0x000007fefec4d000 	C:\Windows\system32\RPCRT4.dll
0x0000000077a20000 - 0x0000000077b1a000 	C:\Windows\system32\USER32.dll
0x000007feff620000 - 0x000007feff687000 	C:\Windows\system32\GDI32.dll
0x000007fefdd80000 - 0x000007fefdd8e000 	C:\Windows\system32\LPK.dll
0x000007feffe80000 - 0x000007fefff4a000 	C:\Windows\system32\USP10.dll
0x000007fefc410000 - 0x000007fefc604000 	C:\Windows\WinSxS\amd64_microsoft.windows.common-controls_6595b64144ccf1df_6.0.7601.18837_none_fa3b1e3d17594757\COMCTL32.dll
0x000007feffd20000 - 0x000007feffd91000 	C:\Windows\system32\SHLWAPI.dll
0x000007feffc40000 - 0x000007feffc6e000 	C:\Windows\system32\IMM32.DLL
0x000007fefec50000 - 0x000007fefed59000 	C:\Windows\system32\MSCTF.dll
0x00000000641c0000 - 0x0000000064292000 	C:\Program Files\Java\jdk1.8.0_65\jre\bin\msvcr100.dll
0x000000005dfd0000 - 0x000000005e859000 	C:\Program Files\Java\jdk1.8.0_65\jre\bin\server\jvm.dll
0x000007fef95c0000 - 0x000007fef95c9000 	C:\Windows\system32\WSOCK32.dll
0x000007fefeee0000 - 0x000007fefef2d000 	C:\Windows\system32\WS2_32.dll
0x000007feffc70000 - 0x000007feffc78000 	C:\Windows\system32\NSI.dll
0x000007fefb740000 - 0x000007fefb77b000 	C:\Windows\system32\WINMM.dll
0x000007fefcaa0000 - 0x000007fefcaac000 	C:\Windows\system32\VERSION.dll
0x0000000077e10000 - 0x0000000077e17000 	C:\Windows\system32\PSAPI.DLL
0x000000006f9b0000 - 0x000000006f9bf000 	C:\Program Files\Java\jdk1.8.0_65\jre\bin\verify.dll
0x00000000649f0000 - 0x0000000064a19000 	C:\Program Files\Java\jdk1.8.0_65\jre\bin\java.dll
0x000000006f710000 - 0x000000006f726000 	C:\Program Files\Java\jdk1.8.0_65\jre\bin\zip.dll
0x000007fefdd90000 - 0x000007fefeb1a000 	C:\Windows\system32\SHELL32.dll
0x000007feff180000 - 0x000007feff383000 	C:\Windows\system32\ole32.dll
0x000007fefd9d0000 - 0x000007fefd9df000 	C:\Windows\system32\profapi.dll
0x000000006f3e0000 - 0x000000006f3fa000 	C:\Program Files\Java\jdk1.8.0_65\jre\bin\net.dll
0x000007fefd1a0000 - 0x000007fefd1f5000 	C:\Windows\system32\mswsock.dll
0x000007fefd190000 - 0x000007fefd197000 	C:\Windows\System32\wship6.dll
0x0000000064a30000 - 0x0000000064a41000 	C:\Program Files\Java\jdk1.8.0_65\jre\bin\nio.dll
0x000007fef32a0000 - 0x000007fef32b2000 	C:\Users\ddasgupta\.gradle\native\19\windows-amd64\native-platform.dll
0x000007fefb3f0000 - 0x000007fefb417000 	C:\Windows\system32\IPHLPAPI.DLL
0x000007fefb3e0000 - 0x000007fefb3eb000 	C:\Windows\system32\WINNSI.DLL
0x000007fefb240000 - 0x000007fefb251000 	C:\Windows\system32\dhcpcsvc6.DLL
0x000007fefb180000 - 0x000007fefb198000 	C:\Windows\system32\dhcpcsvc.DLL
0x000007fefd200000 - 0x000007fefd218000 	C:\Windows\system32\CRYPTSP.dll
0x000007fefcec0000 - 0x000007fefcf07000 	C:\Windows\system32\rsaenh.dll
0x000007fefdd50000 - 0x000007fefdd6e000 	C:\Windows\system32\USERENV.dll
0x000007fefd860000 - 0x000007fefd86f000 	C:\Windows\system32\CRYPTBASE.dll

VM Arguments:
jvm_args: -XX:MaxPermSize=256m -XX:+HeapDumpOnOutOfMemoryError -Xmx1024m -Dfile.encoding=windows-1252 -Duser.country=US -Duser.language=en -Duser.variant 
java_command: org.gradle.launcher.daemon.bootstrap.GradleDaemon 2.8
java_class_path (initial): C:\Users\ddasgupta\.gradle\wrapper\dists\gradle-2.8-all\ah86jmo43de9lfa8xg9ux3c4h\gradle-2.8\lib\gradle-launcher-2.8.jar
Launcher Type: SUN_STANDARD

Environment Variables:
PATH=C:\Program Files (x86)\RSA SecurID Token Common;C:\ProgramData\Oracle\Java\javapath;C:\Windows\system32;C:\Windows;C:\Windows\System32\Wbem;C:\Windows\System32\WindowsPowerShell\v1.0\;C:\Program Files (x86)\Skype\Phone\;C:\Program Files\Git\cmd;C:\Program Files\Git\mingw64\bin;C:\Program Files\Git\usr\bin
USERNAME=ddasgupta
OS=Windows_NT
PROCESSOR_IDENTIFIER=Intel64 Family 6 Model 30 Stepping 5, GenuineIntel



---------------  S Y S T E M  ---------------

OS: Windows 7 , 64 bit Build 7601 (6.1.7601.19160)

CPU:total 4 (4 cores per cpu, 1 threads per core) family 6 model 30 stepping 5, cmov, cx8, fxsr, mmx, sse, sse2, sse3, ssse3, sse4.1, sse4.2, popcnt, tsc, tscinvbit

Memory: 4k page, physical 6249592k(710248k free), swap 6264140k(5132k free)

vm_info: Java HotSpot(TM) 64-Bit Server VM (25.65-b01) for windows-amd64 JRE (1.8.0_65-b17), built on Oct  6 2015 16:39:20 by "java_re" with MS VC++ 10.0 (VS2010)

time: Tue Mar 22 15:45:52 2016
elapsed time: 2 seconds (0d 0h 0m 2s)

