#
# There is insufficient memory for the Java Runtime Environment to continue.
# Native memory allocation (malloc) failed to allocate 83648 bytes for Chunk::new
# Possible reasons:
#   The system is out of physical RAM or swap space
#   In 32 bit mode, the process size limit was hit
# Possible solutions:
#   Reduce memory load on the system
#   Increase physical memory or swap space
#   Check if swap backing store is full
#   Use 64 bit Java on a 64 bit OS
#   Decrease Java heap size (-Xmx/-Xms)
#   Decrease number of Java threads
#   Decrease Java thread stack sizes (-Xss)
#   Set larger code cache with -XX:ReservedCodeCacheSize=
# This output file may be truncated or incomplete.
#
#  Out of Memory Error (allocation.cpp:390), pid=6504, tid=3220
#
# JRE version: Java(TM) SE Runtime Environment (8.0_65-b17) (build 1.8.0_65-b17)
# Java VM: Java HotSpot(TM) 64-Bit Server VM (25.65-b01 mixed mode windows-amd64 compressed oops)
# Failed to write core dump. Minidumps are not enabled by default on client versions of Windows
#

---------------  T H R E A D  ---------------

Current thread (0x00000000565fb800):  JavaThread "C2 CompilerThread1" daemon [_thread_in_native, id=3220, stack(0x0000000056e40000,0x0000000056f40000)]

Stack: [0x0000000056e40000,0x0000000056f40000]
[error occurred during error reporting (printing stack bounds), id 0xc0000005]

Native frames: (J=compiled Java code, j=interpreted, Vv=VM code, C=native code)


Current CompileTask:
C2:   1908 1384       4       java.net.URLClassLoader$1::run (5 bytes)


---------------  P R O C E S S  ---------------

Java Threads: ( => current thread )
  0x0000000058194800 JavaThread "Stdin handler" [_thread_blocked, id=4376, stack(0x0000000057ca0000,0x0000000057da0000)]
  0x000000005823f000 JavaThread "Daemon worker" [_thread_in_Java, id=4296, stack(0x0000000059740000,0x0000000059840000)]
  0x0000000058240000 JavaThread "Cancel handler" [_thread_blocked, id=7644, stack(0x0000000056f90000,0x0000000057090000)]
  0x00000000582da000 JavaThread "Handler for socket connection from /127.0.0.1:55403 to /127.0.0.1:55404" [_thread_in_native, id=7476, stack(0x0000000059520000,0x0000000059620000)]
  0x00000000582d7000 JavaThread "Daemon" [_thread_blocked, id=4872, stack(0x0000000059400000,0x0000000059500000)]
  0x00000000580ee000 JavaThread "Incoming local TCP Connector on port 55403" [_thread_in_native, id=6028, stack(0x0000000059040000,0x0000000059140000)]
  0x000000005667e800 JavaThread "Service Thread" daemon [_thread_blocked, id=5556, stack(0x00000000571c0000,0x00000000572c0000)]
  0x0000000055125800 JavaThread "C1 CompilerThread2" daemon [_thread_blocked, id=6756, stack(0x00000000570b0000,0x00000000571b0000)]
=>0x00000000565fb800 JavaThread "C2 CompilerThread1" daemon [_thread_in_native, id=3220, stack(0x0000000056e40000,0x0000000056f40000)]
  0x00000000565f4800 JavaThread "C2 CompilerThread0" daemon [_thread_in_native, id=5468, stack(0x0000000056c80000,0x0000000056d80000)]
  0x00000000565f0800 JavaThread "Attach Listener" daemon [_thread_blocked, id=8088, stack(0x0000000056ab0000,0x0000000056bb0000)]
  0x0000000055123800 JavaThread "Signal Dispatcher" daemon [_thread_blocked, id=5416, stack(0x0000000056240000,0x0000000056340000)]
  0x00000000550c7800 JavaThread "Finalizer" daemon [_thread_blocked, id=6776, stack(0x00000000564f0000,0x00000000565f0000)]
  0x00000000550c0800 JavaThread "Reference Handler" daemon [_thread_blocked, id=6784, stack(0x00000000563c0000,0x00000000564c0000)]
  0x0000000001c2e800 JavaThread "main" [_thread_blocked, id=6520, stack(0x00000000023c0000,0x00000000024c0000)]

Other Threads:
  0x00000000550bb000 VMThread [stack: 0x0000000056100000,0x0000000056200000] [id=6772]
  0x0000000056694800 WatcherThread [stack: 0x0000000057380000,0x0000000057480000] [id=7072]

VM state:not at safepoint (normal execution)

VM Mutex/Monitor currently owned by a thread: None

Heap:
 PSYoungGen      total 28672K, used 17452K [0x00000000eab00000, 0x00000000ee300000, 0x0000000100000000)
  eden space 24576K, 54% used [0x00000000eab00000,0x00000000eb80b230,0x00000000ec300000)
  from space 4096K, 100% used [0x00000000ec300000,0x00000000ec700000,0x00000000ec700000)
  to   space 4096K, 0% used [0x00000000edf00000,0x00000000edf00000,0x00000000ee300000)
 ParOldGen       total 65536K, used 4128K [0x00000000c0000000, 0x00000000c4000000, 0x00000000eab00000)
  object space 65536K, 6% used [0x00000000c0000000,0x00000000c04083e0,0x00000000c4000000)
 Metaspace       used 16847K, capacity 17240K, committed 17280K, reserved 1064960K
  class space    used 2289K, capacity 2420K, committed 2432K, reserved 1048576K

Card table byte_map: [0x0000000011b50000,0x0000000011d60000] byte_map_base: 0x0000000011550000

Marking Bits: (ParMarkBitMap*) 0x000000005e7da5b0
 Begin Bits: [0x0000000012530000, 0x0000000013530000)
 End Bits:   [0x0000000013530000, 0x0000000014530000)

Polling page: 0x0000000000430000

CodeCache: size=245760Kb used=4635Kb max_used=4635Kb free=241124Kb
 bounds [0x0000000002790000, 0x0000000002c20000, 0x0000000011790000]
 total_blobs=1761 nmethods=1389 adapters=285
 compilation: enabled

Compilation events (10 events):
Event: 1.860 Thread 0x0000000055125800 1387       3       sun.misc.JarIndex::get (49 bytes)
Event: 1.861 Thread 0x0000000055125800 nmethod 1387 0x0000000002c14410 code [0x0000000002c145e0, 0x0000000002c14e18]
Event: 1.868 Thread 0x0000000055125800 1388       3       sun.net.util.URLUtil::urlNoFragString (114 bytes)
Event: 1.869 Thread 0x0000000055125800 nmethod 1388 0x0000000002bfd350 code [0x0000000002bfd5e0, 0x0000000002bfea48]
Event: 1.877 Thread 0x0000000055125800 1389       3       java.util.regex.Pattern$1::isSatisfiedBy (13 bytes)
Event: 1.877 Thread 0x0000000055125800 nmethod 1389 0x0000000002bfce50 code [0x0000000002bfcfc0, 0x0000000002bfd270]
Event: 1.877 Thread 0x0000000055125800 1390       3       java.util.regex.Pattern::access$200 (7 bytes)
Event: 1.877 Thread 0x0000000055125800 nmethod 1390 0x0000000002c13fd0 code [0x0000000002c14140, 0x0000000002c14370]
Event: 1.878 Thread 0x0000000055125800 1391       3       java.util.regex.Pattern$5::isSatisfiedBy (28 bytes)
Event: 1.878 Thread 0x0000000055125800 nmethod 1391 0x0000000002c139d0 code [0x0000000002c13b60, 0x0000000002c13ed8]

GC Heap History (6 events):
Event: 0.591 GC heap before
{Heap before GC invocations=1 (full 0):
 PSYoungGen      total 28672K, used 24379K [0x00000000eab00000, 0x00000000ecb00000, 0x0000000100000000)
  eden space 24576K, 99% used [0x00000000eab00000,0x00000000ec2cec80,0x00000000ec300000)
  from space 4096K, 0% used [0x00000000ec700000,0x00000000ec700000,0x00000000ecb00000)
  to   space 4096K, 0% used [0x00000000ec300000,0x00000000ec300000,0x00000000ec700000)
 ParOldGen       total 65536K, used 0K [0x00000000c0000000, 0x00000000c4000000, 0x00000000eab00000)
  object space 65536K, 0% used [0x00000000c0000000,0x00000000c0000000,0x00000000c4000000)
 Metaspace       used 5466K, capacity 5982K, committed 6144K, reserved 1056768K
  class space    used 697K, capacity 762K, committed 768K, reserved 1048576K
Event: 0.594 GC heap after
Heap after GC invocations=1 (full 0):
 PSYoungGen      total 28672K, used 3296K [0x00000000eab00000, 0x00000000ecb00000, 0x0000000100000000)
  eden space 24576K, 0% used [0x00000000eab00000,0x00000000eab00000,0x00000000ec300000)
  from space 4096K, 80% used [0x00000000ec300000,0x00000000ec638220,0x00000000ec700000)
  to   space 4096K, 0% used [0x00000000ec700000,0x00000000ec700000,0x00000000ecb00000)
 ParOldGen       total 65536K, used 8K [0x00000000c0000000, 0x00000000c4000000, 0x00000000eab00000)
  object space 65536K, 0% used [0x00000000c0000000,0x00000000c0002000,0x00000000c4000000)
 Metaspace       used 5466K, capacity 5982K, committed 6144K, reserved 1056768K
  class space    used 697K, capacity 762K, committed 768K, reserved 1048576K
}
Event: 1.431 GC heap before
{Heap before GC invocations=2 (full 0):
 PSYoungGen      total 28672K, used 27872K [0x00000000eab00000, 0x00000000ecb00000, 0x0000000100000000)
  eden space 24576K, 100% used [0x00000000eab00000,0x00000000ec300000,0x00000000ec300000)
  from space 4096K, 80% used [0x00000000ec300000,0x00000000ec638220,0x00000000ec700000)
  to   space 4096K, 0% used [0x00000000ec700000,0x00000000ec700000,0x00000000ecb00000)
 ParOldGen       total 65536K, used 8K [0x00000000c0000000, 0x00000000c4000000, 0x00000000eab00000)
  object space 65536K, 0% used [0x00000000c0000000,0x00000000c0002000,0x00000000c4000000)
 Metaspace       used 10800K, capacity 11128K, committed 11392K, reserved 1058816K
  class space    used 1425K, capacity 1556K, committed 1664K, reserved 1048576K
Event: 1.436 GC heap after
Heap after GC invocations=2 (full 0):
 PSYoungGen      total 28672K, used 4090K [0x00000000eab00000, 0x00000000ecb00000, 0x0000000100000000)
  eden space 24576K, 0% used [0x00000000eab00000,0x00000000eab00000,0x00000000ec300000)
  from space 4096K, 99% used [0x00000000ec700000,0x00000000ecafea50,0x00000000ecb00000)
  to   space 4096K, 0% used [0x00000000ec300000,0x00000000ec300000,0x00000000ec700000)
 ParOldGen       total 65536K, used 828K [0x00000000c0000000, 0x00000000c4000000, 0x00000000eab00000)
  object space 65536K, 1% used [0x00000000c0000000,0x00000000c00cf3f8,0x00000000c4000000)
 Metaspace       used 10800K, capacity 11128K, committed 11392K, reserved 1058816K
  class space    used 1425K, capacity 1556K, committed 1664K, reserved 1048576K
}
Event: 1.755 GC heap before
{Heap before GC invocations=3 (full 0):
 PSYoungGen      total 28672K, used 28666K [0x00000000eab00000, 0x00000000ecb00000, 0x0000000100000000)
  eden space 24576K, 100% used [0x00000000eab00000,0x00000000ec300000,0x00000000ec300000)
  from space 4096K, 99% used [0x00000000ec700000,0x00000000ecafea50,0x00000000ecb00000)
  to   space 4096K, 0% used [0x00000000ec300000,0x00000000ec300000,0x00000000ec700000)
 ParOldGen       total 65536K, used 828K [0x00000000c0000000, 0x00000000c4000000, 0x00000000eab00000)
  object space 65536K, 1% used [0x00000000c0000000,0x00000000c00cf3f8,0x00000000c4000000)
 Metaspace       used 15490K, capacity 15832K, committed 16000K, reserved 1062912K
  class space    used 2048K, capacity 2164K, committed 2176K, reserved 1048576K
Event: 1.764 GC heap after
Heap after GC invocations=3 (full 0):
 PSYoungGen      total 28672K, used 4096K [0x00000000eab00000, 0x00000000ee300000, 0x0000000100000000)
  eden space 24576K, 0% used [0x00000000eab00000,0x00000000eab00000,0x00000000ec300000)
  from space 4096K, 100% used [0x00000000ec300000,0x00000000ec700000,0x00000000ec700000)
  to   space 4096K, 0% used [0x00000000edf00000,0x00000000edf00000,0x00000000ee300000)
 ParOldGen       total 65536K, used 4128K [0x00000000c0000000, 0x00000000c4000000, 0x00000000eab00000)
  object space 65536K, 6% used [0x00000000c0000000,0x00000000c04083e0,0x00000000c4000000)
 Metaspace       used 15490K, capacity 15832K, committed 16000K, reserved 1062912K
  class space    used 2048K, capacity 2164K, committed 2176K, reserved 1048576K
}

Deoptimization events (10 events):
Event: 1.414 Thread 0x000000005823f000 Uncommon trap: reason=bimorphic action=maybe_recompile pc=0x00000000029c7ed8 method=java.util.HashMap.putVal(ILjava/lang/Object;Ljava/lang/Object;ZZ)Ljava/lang/Object; @ 253
Event: 1.414 Thread 0x000000005823f000 Uncommon trap: reason=bimorphic action=maybe_recompile pc=0x00000000029bfcd8 method=java.util.HashMap.putVal(ILjava/lang/Object;Ljava/lang/Object;ZZ)Ljava/lang/Object; @ 253
Event: 1.515 Thread 0x000000005823f000 Uncommon trap: reason=class_check action=maybe_recompile pc=0x0000000002a30a8c method=java.util.HashMap.putVal(ILjava/lang/Object;Ljava/lang/Object;ZZ)Ljava/lang/Object; @ 203
Event: 1.516 Thread 0x000000005823f000 Uncommon trap: reason=class_check action=maybe_recompile pc=0x0000000002a30a8c method=java.util.HashMap.putVal(ILjava/lang/Object;Ljava/lang/Object;ZZ)Ljava/lang/Object; @ 203
Event: 1.516 Thread 0x000000005823f000 Uncommon trap: reason=class_check action=maybe_recompile pc=0x0000000002a30a8c method=java.util.HashMap.putVal(ILjava/lang/Object;Ljava/lang/Object;ZZ)Ljava/lang/Object; @ 203
Event: 1.557 Thread 0x000000005823f000 Uncommon trap: reason=unstable_if action=reinterpret pc=0x00000000028d9ec8 method=java.net.URI.match(CJJ)Z @ 19
Event: 1.768 Thread 0x000000005823f000 Uncommon trap: reason=unstable_if action=reinterpret pc=0x0000000002a13cc0 method=java.util.HashMap.getNode(ILjava/lang/Object;)Ljava/util/HashMap$Node; @ 129
Event: 1.768 Thread 0x000000005823f000 Uncommon trap: reason=bimorphic action=maybe_recompile pc=0x0000000002b4ce80 method=java.util.HashMap.putVal(ILjava/lang/Object;Ljava/lang/Object;ZZ)Ljava/lang/Object; @ 203
Event: 1.768 Thread 0x000000005823f000 Uncommon trap: reason=unstable_if action=reinterpret pc=0x00000000029fbb68 method=java.util.HashMap.getNode(ILjava/lang/Object;)Ljava/util/HashMap$Node; @ 129
Event: 1.768 Thread 0x000000005823f000 Uncommon trap: reason=bimorphic action=maybe_recompile pc=0x0000000002b4ce80 method=java.util.HashMap.putVal(ILjava/lang/Object;Ljava/lang/Object;ZZ)Ljava/lang/Object; @ 203

Internal exceptions (10 events):
Event: 1.740 Thread 0x000000005823f000 Exception <a 'java/lang/ClassNotFoundException': groovy/lang/ExpandoMetaClassBeanInfo> (0x00000000ec202070) thrown at [C:\workspace\8-2-build-windows-amd64-cygwin\jdk8u65\4987\hotspot\src\share\vm\classfile\systemDictionary.cpp, line 210]
Event: 1.740 Thread 0x000000005823f000 Exception <a 'java/lang/ClassNotFoundException': groovy/lang/MetaClassImplBeanInfo> (0x00000000ec20c8c8) thrown at [C:\workspace\8-2-build-windows-amd64-cygwin\jdk8u65\4987\hotspot\src\share\vm\classfile\systemDictionary.cpp, line 210]
Event: 1.740 Thread 0x000000005823f000 Exception <a 'java/lang/ClassNotFoundException': java/lang/ObjectBeanInfo> (0x00000000ec2116a0) thrown at [C:\workspace\8-2-build-windows-amd64-cygwin\jdk8u65\4987\hotspot\src\share\vm\classfile\systemDictionary.cpp, line 210]
Event: 1.740 Thread 0x000000005823f000 Exception <a 'java/lang/ClassNotFoundException': java/lang/ObjectCustomizer> (0x00000000ec2165c0) thrown at [C:\workspace\8-2-build-windows-amd64-cygwin\jdk8u65\4987\hotspot\src\share\vm\classfile\systemDictionary.cpp, line 210]
Event: 1.743 Thread 0x000000005823f000 Exception <a 'java/lang/ClassNotFoundException': groovy/lang/MetaClassImplCustomizer> (0x00000000ec228b90) thrown at [C:\workspace\8-2-build-windows-amd64-cygwin\jdk8u65\4987\hotspot\src\share\vm\classfile\systemDictionary.cpp, line 210]
Event: 1.746 Thread 0x000000005823f000 Exception <a 'java/lang/ClassNotFoundException': groovy/lang/ExpandoMetaClassCustomizer> (0x00000000ec25c570) thrown at [C:\workspace\8-2-build-windows-amd64-cygwin\jdk8u65\4987\hotspot\src\share\vm\classfile\systemDictionary.cpp, line 210]
Event: 1.754 Thread 0x000000005823f000 Exception <a 'java/lang/ClassNotFoundException': org/gradle/api/internal/plugins/DefaultExtraPropertiesExtensionBeanInfo> (0x00000000ec2dcc18) thrown at [C:\workspace\8-2-build-windows-amd64-cygwin\jdk8u65\4987\hotspot\src\share\vm\classfile\systemDictiona2F_ü?
Event: 1.754 Thread 0x000000005823f000 Exception <a 'java/lang/ClassNotFoundException': groovy/lang/GroovyObjectSupportBeanInfo> (0x00000000ec2e8570) thrown at [C:\workspace\8-2-build-windows-amd64-cygwin\jdk8u65\4987\hotspot\src\share\vm\classfile\systemDictionary.cpp, line 210]
Event: 1.754 Thread 0x000000005823f000 Exception <a 'java/lang/ClassNotFoundException': groovy/lang/GroovyObjectSupportCustomizer> (0x00000000ec2f42a0) thrown at [C:\workspace\8-2-build-windows-amd64-cygwin\jdk8u65\4987\hotspot\src\share\vm\classfile\systemDictionary.cpp, line 210]
Event: 1.765 Thread 0x000000005823f000 Exception <a 'java/lang/ClassNotFoundException': org/gradle/api/internal/plugins/DefaultExtraPropertiesExtensionCustomizer> (0x00000000eab09f70) thrown at [C:\workspace\8-2-build-windows-amd64-cygwin\jdk8u65\4987\hotspot\src\share\vm\classfile\systemDictio

Events (10 events):
Event: 1.906 loading class com/google/common/base/CharMatcher$And
Event: 1.906 loading class com/google/common/base/CharMatcher$And done
Event: 1.907 loading class com/google/common/base/CharMatcher$1
Event: 1.907 loading class com/google/common/base/CharMatcher$1 done
Event: 1.907 loading class com/google/common/base/CharMatcher$RangesMatcher
Event: 1.907 loading class com/google/common/base/CharMatcher$RangesMatcher done
Event: 1.907 loading class com/google/common/base/CharMatcher$2
Event: 1.907 loading class com/google/common/base/CharMatcher$2 done
Event: 1.907 loading class com/google/common/base/CharMatcher$3
Event: 1.907 loading class com/google/common/base/CharMatcher$3 done


Dynamic libraries:
0x000000013f450000 - 0x000000013f487000 	C:\Program Files\Java\jdk1.8.0_65\bin\java.exe
0x0000000077c40000 - 0x0000000077dea000 	C:\Windows\SYSTEM32\ntdll.dll
0x0000000077b20000 - 0x0000000077c3f000 	C:\Windows\system32\kernel32.dll
0x000007fefda60000 - 0x000007fefdacb000 	C:\Windows\system32\KERNELBASE.dll
0x000007fefee00000 - 0x000007fefeedb000 	C:\Windows\system32\ADVAPI32.dll
0x000007feff9c0000 - 0x000007feffa5f000 	C:\Windows\system32\msvcrt.dll
0x000007feffd00000 - 0x000007feffd1f000 	C:\Windows\SYSTEM32\sechost.dll
0x000007fefeb20000 - 0x000007fefec4d000 	C:\Windows\system32\RPCRT4.dll
0x0000000077a20000 - 0x0000000077b1a000 	C:\Windows\system32\USER32.dll
0x000007feff620000 - 0x000007feff687000 	C:\Windows\system32\GDI32.dll
0x000007fefdd80000 - 0x000007fefdd8e000 	C:\Windows\system32\LPK.dll
0x000007feffe80000 - 0x000007fefff4a000 	C:\Windows\system32\USP10.dll
0x000007fefc410000 - 0x000007fefc604000 	C:\Windows\WinSxS\amd64_microsoft.windows.common-controls_6595b64144ccf1df_6.0.7601.18837_none_fa3b1e3d17594757\COMCTL32.dll
0x000007feffd20000 - 0x000007feffd91000 	C:\Windows\system32\SHLWAPI.dll
0x000007feffc40000 - 0x000007feffc6e000 	C:\Windows\system32\IMM32.DLL
0x000007fefec50000 - 0x000007fefed59000 	C:\Windows\system32\MSCTF.dll
0x00000000641c0000 - 0x0000000064292000 	C:\Program Files\Java\jdk1.8.0_65\jre\bin\msvcr100.dll
0x000000005dfd0000 - 0x000000005e859000 	C:\Program Files\Java\jdk1.8.0_65\jre\bin\server\jvm.dll
0x000007fef95c0000 - 0x000007fef95c9000 	C:\Windows\system32\WSOCK32.dll
0x000007fefeee0000 - 0x000007fefef2d000 	C:\Windows\system32\WS2_32.dll
0x000007feffc70000 - 0x000007feffc78000 	C:\Windows\system32\NSI.dll
0x000007fefb740000 - 0x000007fefb77b000 	C:\Windows\system32\WINMM.dll
0x000007fefcaa0000 - 0x000007fefcaac000 	C:\Windows\system32\VERSION.dll
0x0000000077e10000 - 0x0000000077e17000 	C:\Windows\system32\PSAPI.DLL
0x000000006f9b0000 - 0x000000006f9bf000 	C:\Program Files\Java\jdk1.8.0_65\jre\bin\verify.dll
0x00000000649f0000 - 0x0000000064a19000 	C:\Program Files\Java\jdk1.8.0_65\jre\bin\java.dll
0x000000006f710000 - 0x000000006f726000 	C:\Program Files\Java\jdk1.8.0_65\jre\bin\zip.dll
0x000007fefdd90000 - 0x000007fefeb1a000 	C:\Windows\system32\SHELL32.dll
0x000007feff180000 - 0x000007feff383000 	C:\Windows\system32\ole32.dll
0x000007fefd9d0000 - 0x000007fefd9df000 	C:\Windows\system32\profapi.dll
0x000000006f3e0000 - 0x000000006f3fa000 	C:\Program Files\Java\jdk1.8.0_65\jre\bin\net.dll
0x000007fefd1a0000 - 0x000007fefd1f5000 	C:\Windows\system32\mswsock.dll
0x000007fefd190000 - 0x000007fefd197000 	C:\Windows\System32\wship6.dll
0x0000000064a30000 - 0x0000000064a41000 	C:\Program Files\Java\jdk1.8.0_65\jre\bin\nio.dll
0x000007fef32a0000 - 0x000007fef32b2000 	C:\Users\ddasgupta\.gradle\native\19\windows-amd64\native-platform.dll
0x000007fefb3f0000 - 0x000007fefb417000 	C:\Windows\system32\IPHLPAPI.DLL
0x000007fefb3e0000 - 0x000007fefb3eb000 	C:\Windows\system32\WINNSI.DLL
0x000007fefb240000 - 0x000007fefb251000 	C:\Windows\system32\dhcpcsvc6.DLL
0x000007fefb180000 - 0x000007fefb198000 	C:\Windows\system32\dhcpcsvc.DLL
0x000007fefd200000 - 0x000007fefd218000 	C:\Windows\system32\CRYPTSP.dll
0x000007fefcec0000 - 0x000007fefcf07000 	C:\Windows\system32\rsaenh.dll
0x000007fefdd50000 - 0x000007fefdd6e000 	C:\Windows\system32\USERENV.dll
0x000007fefd860000 - 0x000007fefd86f000 	C:\Windows\system32\CRYPTBASE.dll

VM Arguments:
jvm_args: -XX:MaxPermSize=256m -XX:+HeapDumpOnOutOfMemoryError -Xmx1024m -Dfile.encoding=windows-1252 -Duser.country=US -Duser.language=en -Duser.variant 
java_command: org.gradle.launcher.daemon.bootstrap.GradleDaemon 2.8
java_class_path (initial): C:\Users\ddasgupta\.gradle\wrapper\dists\gradle-2.8-all\ah86jmo43de9lfa8xg9ux3c4h\gradle-2.8\lib\gradle-launcher-2.8.jar
Launcher Type: SUN_STANDARD

Environment Variables:
PATH=C:\Program Files (x86)\RSA SecurID Token Common;C:\ProgramData\Oracle\Java\javapath;C:\Windows\system32;C:\Windows;C:\Windows\System32\Wbem;C:\Windows\System32\WindowsPowerShell\v1.0\;C:\Program Files (x86)\Skype\Phone\;C:\Program Files\Git\cmd;C:\Program Files\Git\mingw64\bin;C:\Program Files\Git\usr\bin
USERNAME=ddasgupta
OS=Windows_NT
PROCESSOR_IDENTIFIER=Intel64 Family 6 Model 30 Stepping 5, GenuineIntel



---------------  S Y S T E M  ---------------

OS: Windows 7 , 64 bit Build 7601 (6.1.7601.19160)

CPU:total 4 (4 cores per cpu, 1 threads per core) family 6 model 30 stepping 5, cmov, cx8, fxsr, mmx, sse, sse2, sse3, ssse3, sse4.1, sse4.2, popcnt, tsc, tscinvbit

Memory: 4k page, physical 6249592k(703236k free), swap 6264140k(5096k free)

vm_info: Java HotSpot(TM) 64-Bit Server VM (25.65-b01) for windows-amd64 JRE (1.8.0_65-b17), built on Oct  6 2015 16:39:20 by "java_re" with MS VC++ 10.0 (VS2010)

time: Tue Mar 22 15:44:58 2016
elapsed time: 1 seconds (0d 0h 0m 1s)

