JvmtiExport can_access_local_variables 0
JvmtiExport can_hotswap_or_post_breakpoint 0
JvmtiExport can_post_on_exceptions 0
# 106 ciObject found
ciMethod sun/security/provider/SHA implCompress ([BI)V 929 133633 406 0 -1
ciMethod sun/security/provider/ByteArrayAccess b2iBig64 ([BI[I)V 945 1 406 0 -1
ciMethodData sun/security/provider/SHA implCompress ([BI)V 2 58464 orig 264 136 160 23 82 0 0 0 0 0 134 228 20 0 0 0 0 144 2 0 0 216 0 0 0 0 0 0 0 0 0 0 0 0 0 0 0 0 0 0 0 0 0 0 0 0 0 0 0 0 0 0 0 0 0 0 0 0 0 0 0 0 0 0 0 0 0 0 0 0 0 0 0 0 0 0 0 0 0 0 0 77 68 79 32 101 120 116 114 97 32 100 97 116 97 32 108 111 99 107 0 0 0 0 0 0 0 0 0 0 0 0 0 0 0 0 0 0 0 0 0 0 0 0 0 0 0 0 0 0 0 0 0 0 0 0 0 0 0 0 0 0 0 0 0 0 0 0 0 0 0 0 0 0 0 0 0 0 0 0 0 0 0 0 0 0 0 0 0 0 0 0 0 0 0 0 0 0 0 0 0 0 0 0 0 0 0 0 0 0 0 0 0 0 0 0 0 0 0 0 0 0 0 0 0 0 0 0 0 0 0 0 0 0 0 0 0 64 65 0 0 17 9 0 0 1 25 5 0 0 0 0 0 0 0 0 0 2 0 0 0 5 0 18 0 2 0 0 0 40 1 0 0 255 255 255 255 2 0 6 0 0 0 0 0 data 37 0x60002 0x122 0xf0007 0x122 0x38 0x4880 0x4d0003 0x4880 0xffffffffffffffe0 0x7e0007 0x122 0x38 0x16a8 0xc40003 0x16a8 0xffffffffffffffe0 0xcf0007 0x122 0x38 0x16a8 0x1100003 0x16a8 0xffffffffffffffe0 0x11b0007 0x122 0x38 0x16a8 0x1650003 0x16a8 0xffffffffffffffe0 0x1700007 0x122 0x38 0x16a8 0x1b10003 0x16a8 0xffffffffffffffe0 oops 0
instanceKlass org/gradle/messaging/remote/internal/Message$1
instanceKlass org/gradle/messaging/remote/internal/Message$ExceptionPlaceholder
instanceKlass org/gradle/launcher/daemon/registry/PersistentDaemonRegistry$1
instanceKlass com/android/builder/core/DexProcessBuilder$2
instanceKlass com/android/builder/core/DexProcessBuilder$1
instanceKlass java/util/zip/ZipFile$ZipEntryIterator
instanceKlass org/gradle/process/internal/JavaExecAction
instanceKlass com/android/build/gradle/internal/process/GradleJavaProcessExecutor$ExecAction
instanceKlass com/android/ide/common/process/ProcessInfoBuilder$JavaProcessInfoImpl
instanceKlass proguard/classfile/io/RuntimeDataOutput
instanceKlass proguard/io/DataEntryDirectoryFilter
instanceKlass proguard/io/ClassRewriter
instanceKlass proguard/io/DataEntryParentFilter
instanceKlass proguard/io/DirectoryWriter
instanceKlass proguard/io/JarWriter
instanceKlass proguard/io/Finisher
instanceKlass proguard/io/ParentDataEntryWriter
instanceKlass proguard/io/CascadingDataEntryWriter
instanceKlass proguard/io/FilteredDataEntryWriter
instanceKlass proguard/io/DataEntryWriter
instanceKlass proguard/DataEntryWriterFactory
instanceKlass proguard/io/DataEntryCopier
instanceKlass proguard/OutputWriter
instanceKlass proguard/classfile/attribute/visitor/MultiAttributeVisitor
instanceKlass proguard/shrink/UsedClassFilter
instanceKlass proguard/classfile/visitor/ConcreteClassDownTraveler
instanceKlass proguard/classfile/visitor/MemberAccessFilter
instanceKlass proguard/classfile/visitor/ProgramClassFilter
instanceKlass proguard/shrink/UsageMarker$MyInterfaceUsageMarker
instanceKlass proguard/shrink/Shrinker
instanceKlass proguard/classfile/visitor/ClassCounter
instanceKlass proguard/LibraryKeepChecker
instanceKlass proguard/optimize/KeptMemberFilter
instanceKlass proguard/classfile/visitor/AllMemberVisitor
instanceKlass proguard/classfile/visitor/ClassAccessFilter
instanceKlass proguard/classfile/visitor/MultiClassPoolVisitor
instanceKlass proguard/classfile/visitor/MultiMemberVisitor
instanceKlass proguard/classfile/visitor/AllClassVisitor
instanceKlass proguard/classfile/visitor/NamedClassVisitor
instanceKlass proguard/classfile/visitor/ClassPoolVisitor
instanceKlass proguard/ClassSpecificationVisitorFactory
instanceKlass proguard/optimize/KeepMarker
instanceKlass proguard/classfile/util/ClassSubHierarchyInitializer
instanceKlass proguard/classfile/visitor/MultiClassVisitor
instanceKlass proguard/classfile/visitor/ClassHierarchyTraveler
instanceKlass proguard/util/NameParser
instanceKlass proguard/util/VariableStringMatcher
instanceKlass proguard/classfile/visitor/MemberDescriptorFilter
instanceKlass proguard/classfile/visitor/MemberNameFilter
instanceKlass proguard/classfile/visitor/AllFieldVisitor
instanceKlass proguard/classfile/instruction/InstructionFactory
instanceKlass proguard/classfile/visitor/LibraryClassFilter
instanceKlass proguard/classfile/visitor/MemberClassAccessFilter
instanceKlass proguard/classfile/util/DescriptorClassEnumeration
instanceKlass proguard/classfile/visitor/NamedMethodVisitor
instanceKlass proguard/classfile/visitor/NamedFieldVisitor
instanceKlass proguard/classfile/constant/visitor/AllConstantVisitor
instanceKlass proguard/classfile/instruction/visitor/InstructionVisitor
instanceKlass proguard/Initializer
instanceKlass proguard/classfile/editor/AttributesEditor
instanceKlass proguard/classfile/visitor/AllMethodVisitor
instanceKlass proguard/classfile/visitor/ClassVersionFilter
instanceKlass proguard/classfile/util/AccessUtil
instanceKlass proguard/classfile/attribute/LocalVariableTypeInfo
instanceKlass proguard/classfile/attribute/LocalVariableInfo
instanceKlass proguard/classfile/attribute/LineNumberInfo
instanceKlass proguard/classfile/attribute/ExceptionInfo
instanceKlass proguard/classfile/attribute/InnerClassesInfo
instanceKlass proguard/classfile/io/RuntimeDataInput
instanceKlass proguard/classfile/attribute/annotation/Annotation
instanceKlass proguard/classfile/attribute/annotation/visitor/ElementValueVisitor
instanceKlass proguard/classfile/attribute/annotation/target/visitor/LocalVariableTargetElementVisitor
instanceKlass proguard/classfile/attribute/annotation/visitor/TypePathInfoVisitor
instanceKlass proguard/classfile/attribute/annotation/target/visitor/TargetInfoVisitor
instanceKlass proguard/classfile/attribute/annotation/visitor/TypeAnnotationVisitor
instanceKlass proguard/classfile/attribute/annotation/visitor/AnnotationVisitor
instanceKlass proguard/classfile/attribute/visitor/LocalVariableTypeInfoVisitor
instanceKlass proguard/classfile/attribute/visitor/LocalVariableInfoVisitor
instanceKlass proguard/classfile/attribute/visitor/ParameterInfoVisitor
instanceKlass proguard/classfile/attribute/visitor/LineNumberInfoVisitor
instanceKlass proguard/classfile/attribute/preverification/visitor/VerificationTypeVisitor
instanceKlass proguard/classfile/attribute/preverification/visitor/StackMapFrameVisitor
instanceKlass proguard/classfile/attribute/visitor/ExceptionInfoVisitor
instanceKlass proguard/classfile/attribute/visitor/InnerClassesInfoVisitor
instanceKlass proguard/classfile/attribute/visitor/BootstrapMethodInfoVisitor
instanceKlass proguard/io/ZipDataEntry
instanceKlass proguard/io/FileDataEntry
instanceKlass proguard/io/DirectoryPump
instanceKlass proguard/io/DataEntryPump
instanceKlass proguard/io/DataEntry
instanceKlass proguard/io/JarReader
instanceKlass proguard/DataEntryReaderFactory
instanceKlass proguard/util/ExtensionMatcher
instanceKlass proguard/io/DataEntryNameFilter
instanceKlass proguard/classfile/ProgramMember
instanceKlass proguard/classfile/Field
instanceKlass proguard/classfile/Method
instanceKlass proguard/classfile/LibraryMember
instanceKlass proguard/classfile/constant/Constant
instanceKlass proguard/classfile/constant/visitor/ConstantVisitor
instanceKlass proguard/classfile/instruction/Instruction
instanceKlass proguard/classfile/attribute/preverification/StackMapFrame
instanceKlass proguard/classfile/attribute/preverification/VerificationType
instanceKlass proguard/classfile/attribute/annotation/ElementValue
instanceKlass proguard/classfile/attribute/Attribute
instanceKlass proguard/classfile/Member
instanceKlass proguard/classfile/attribute/annotation/target/TargetInfo
instanceKlass proguard/classfile/util/SimplifiedVisitor
instanceKlass proguard/classfile/visitor/ClassPresenceFilter
instanceKlass proguard/classfile/ProgramClass
instanceKlass proguard/classfile/LibraryClass
instanceKlass proguard/classfile/Clazz
instanceKlass proguard/classfile/VisitorAccepter
instanceKlass proguard/io/ClassReader
instanceKlass proguard/io/DataEntryFilter
instanceKlass proguard/io/FilteredDataEntryReader
instanceKlass proguard/DuplicateClassPrinter
instanceKlass proguard/util/FixedStringMatcher
instanceKlass proguard/util/OrMatcher
instanceKlass proguard/util/EmptyStringMatcher
instanceKlass proguard/util/ClassNameParser
instanceKlass proguard/util/ConstantMatcher
instanceKlass proguard/util/NotMatcher
instanceKlass proguard/util/StringMatcher
instanceKlass proguard/util/ListParser
instanceKlass proguard/io/DataEntryReader
instanceKlass proguard/InputReader
instanceKlass proguard/UpToDateChecker$ModificationTimeChecker
instanceKlass proguard/UpToDateChecker
instanceKlass proguard/AssumeNoSideEffectsChecker
instanceKlass proguard/KeepClassMemberChecker
instanceKlass proguard/util/StringParser
instanceKlass proguard/classfile/util/WarningPrinter
instanceKlass proguard/ConfigurationChecker
instanceKlass proguard/classfile/util/InternalTypeEnumeration
instanceKlass proguard/ConfigurationWriter
instanceKlass java/lang/Throwable$PrintStreamOrWriter
instanceKlass proguard/GPL
instanceKlass proguard/classfile/ClassPool
instanceKlass proguard/classfile/visitor/MemberVisitor
instanceKlass proguard/classfile/attribute/visitor/AttributeVisitor
instanceKlass proguard/classfile/visitor/ClassVisitor
instanceKlass proguard/ProGuard
instanceKlass proguard/ClassPathEntry
instanceKlass proguard/MemberSpecification
instanceKlass proguard/ClassSpecification
instanceKlass proguard/classfile/util/ClassUtil
instanceKlass proguard/util/ListUtil
instanceKlass proguard/WordReader
instanceKlass proguard/ConfigurationParser
instanceKlass com/android/build/gradle/internal/pipeline/IntermediateFolderUtils$7
instanceKlass com/android/build/gradle/internal/pipeline/IntermediateFolderUtils$6
instanceKlass com/android/build/gradle/internal/pipeline/IntermediateFolderUtils$5
instanceKlass com/android/build/gradle/internal/pipeline/IntermediateFolderUtils$1
instanceKlass com/sun/org/apache/xerces/internal/jaxp/UnparsedEntityHandler
instanceKlass com/sun/org/apache/xerces/internal/xs/ElementPSVI
instanceKlass com/sun/org/apache/xerces/internal/xs/AttributePSVI
instanceKlass com/sun/org/apache/xerces/internal/xs/ItemPSVI
instanceKlass org/xml/sax/HandlerBase
instanceKlass org/xml/sax/DocumentHandler
instanceKlass javax/xml/validation/Validator
instanceKlass javax/xml/validation/ValidatorHandler
instanceKlass java/util/Vector$Itr
instanceKlass java/util/zip/ZipOutputStream$XEntry
instanceKlass java/util/zip/Deflater
instanceKlass com/android/build/gradle/internal/transforms/JarMergingTransform$1
instanceKlass com/android/build/gradle/internal/transforms/JarMerger
instanceKlass com/android/build/gradle/internal/pipeline/IntermediateFolderUtils$8
instanceKlass com/android/build/gradle/internal/pipeline/TransformOutputProviderImpl
instanceKlass com/android/build/api/transform/DirectoryInput
instanceKlass com/android/build/gradle/internal/pipeline/QualifiedContentImpl
instanceKlass com/android/build/api/transform/JarInput
instanceKlass com/android/ide/common/util/ReferenceHolder
instanceKlass com/google/common/collect/ImmutableMap$SerializedForm
instanceKlass sun/security/jca/GetInstance$1
instanceKlass java/util/WeakHashMap$HashIterator
instanceKlass com/sun/tools/javac/util/AbstractDiagnosticFormatter$2
instanceKlass com/sun/tools/javac/util/RichDiagnosticFormatter$ClassNameSimplifier
instanceKlass com/sun/tools/javac/util/Log$2
instanceKlass com/sun/tools/javac/comp/Check$3
instanceKlass com/sun/tools/javac/comp/Infer$IncorporationBinaryOp
instanceKlass java/util/EnumMap$EntryIterator$Entry
instanceKlass java/util/EnumMap$EnumMapIterator
instanceKlass com/sun/tools/javac/code/Type$UndetVar$2
instanceKlass com/sun/tools/javac/comp/Infer$MultiUndetVarListener
instanceKlass com/sun/tools/javac/comp/Infer$BoundFilter
instanceKlass com/sun/tools/javac/comp/ConstFold$1
instanceKlass com/sun/tools/javac/code/Types$MembersClosureCache$MembersScope$1
instanceKlass com/sun/tools/javac/comp/Infer$InferenceContext$2
instanceKlass com/sun/tools/javac/comp/Check$2
instanceKlass com/sun/tools/javac/code/Type$UndetVar$UndetVarListener
instanceKlass com/sun/tools/javac/tree/TreeInfo$1
instanceKlass com/sun/tools/javac/tree/TreeMaker$1
instanceKlass com/sun/tools/javac/code/Types$TypePair
instanceKlass com/sun/tools/javac/jvm/ClassFile$NameAndType
instanceKlass com/sun/tools/javac/jvm/ClassWriter$1
instanceKlass javax/tools/StandardLocation$2
instanceKlass com/sun/tools/javac/jvm/ClassWriter$StackMapTableFrame
instanceKlass com/sun/tools/javac/jvm/Code$StackMapFrame
instanceKlass com/sun/tools/javac/jvm/Code$Chain
instanceKlass com/sun/tools/javac/code/Types$UniqueType
instanceKlass com/sun/tools/javac/model/FilteredMemberList$1
instanceKlass com/sun/tools/javac/jvm/Code$LocalVar$Range
instanceKlass com/sun/tools/javac/jvm/Items
instanceKlass com/sun/tools/javac/jvm/Code$LocalVar
instanceKlass com/sun/tools/javac/jvm/Code$State
instanceKlass com/sun/tools/javac/jvm/Code$1
instanceKlass com/sun/tools/javac/jvm/Code
instanceKlass com/sun/tools/javac/jvm/Gen$GenContext
instanceKlass com/sun/tools/javac/jvm/Gen$3
instanceKlass com/sun/tools/javac/comp/Lower$7
instanceKlass com/sun/tools/javac/comp/Flow$2
instanceKlass com/sun/tools/javac/util/Bits$1
instanceKlass com/sun/tools/javac/util/Bits
instanceKlass com/sun/tools/javac/comp/Flow$BaseAnalyzer$PendingExit
instanceKlass com/sun/tools/javac/comp/Resolve$MostSpecificCheck
instanceKlass com/sun/tools/javac/comp/Resolve$MethodCheckContext
instanceKlass com/sun/tools/javac/code/Scope$CompoundScope$CompoundScopeIterator
instanceKlass com/sun/tools/javac/code/Scope$CompoundScope$2
instanceKlass com/sun/tools/javac/comp/Check$ClashFilter
instanceKlass com/sun/tools/javac/main/JavaCompiler$2
instanceKlass com/sun/tools/javac/code/Flags
instanceKlass com/sun/tools/javac/code/Types$ImplementationCache$Entry
instanceKlass com/sun/tools/javac/comp/Resolve$MethodResolutionContext$Candidate
instanceKlass com/sun/tools/javac/code/Scope$4$1
instanceKlass com/sun/tools/javac/code/Scope$4
instanceKlass com/sun/tools/javac/comp/Resolve$LookupFilter
instanceKlass com/sun/tools/javac/comp/Resolve$5$1
instanceKlass com/sun/tools/javac/comp/Resolve$5
instanceKlass com/sun/tools/javac/comp/Resolve$MethodResolutionContext
instanceKlass com/sun/tools/javac/comp/Annotate$AnnotateRepeatedContext
instanceKlass com/sun/tools/javac/comp/MemberEnter$4
instanceKlass com/sun/tools/javac/comp/MemberEnter$3
instanceKlass com/sun/tools/javac/code/Types$27
instanceKlass com/sun/tools/javac/comp/Check$7
instanceKlass com/sun/tools/javac/code/Symbol$VarSymbol$2
instanceKlass com/sun/tools/javac/comp/MemberEnter$6
instanceKlass com/sun/tools/javac/comp/MemberEnter$5
instanceKlass com/sun/tools/javac/code/SymbolMetadata
instanceKlass com/sun/tools/javac/util/Pair
instanceKlass com/sun/tools/javac/jvm/ClassReader$AnnotationDeproxy
instanceKlass com/sun/tools/javac/jvm/ClassReader$ProxyVisitor
instanceKlass com/sun/tools/javac/code/Scope$1
instanceKlass com/sun/tools/javac/comp/Attr$14
instanceKlass com/sun/tools/javac/jvm/ClassReader$25
instanceKlass com/sun/tools/javac/comp/AttrContext
instanceKlass com/sun/tools/javac/file/ZipFileIndex$Entry
instanceKlass com/sun/tools/javac/file/ZipFileIndex$DirectoryEntry
instanceKlass com/sun/tools/javac/file/ZipFileIndex$ZipDirectory
instanceKlass com/sun/tools/javac/file/ZipFileIndex
instanceKlass com/sun/tools/javac/file/ZipFileIndexArchive
instanceKlass com/sun/tools/javac/util/Position$LineMapImpl
instanceKlass com/sun/tools/javac/util/Position$LineMap
instanceKlass com/sun/tools/javac/util/Position
instanceKlass com/sun/tools/javac/parser/JavaTokenizer$BasicComment
instanceKlass com/sun/tools/javac/tree/TreeInfo$2
instanceKlass com/sun/tools/javac/parser/JavacParser$2
instanceKlass com/sun/tools/javac/parser/JavaTokenizer$1
instanceKlass com/sun/tools/javac/util/ArrayUtils
instanceKlass com/sun/tools/javac/parser/JavacParser$1
instanceKlass com/sun/tools/javac/parser/JavacParser$ErrorRecoveryAction
instanceKlass com/sun/tools/javac/parser/JavacParser$AbstractEndPosTable
instanceKlass com/sun/tools/javac/tree/EndPosTable
instanceKlass com/sun/tools/javac/tree/DocCommentTable
instanceKlass com/sun/tools/javac/parser/JavacParser
instanceKlass com/sun/tools/javac/parser/UnicodeReader
instanceKlass sun/misc/FloatingDecimal$HexFloatPattern
instanceKlass com/sun/tools/javac/parser/Tokens$Comment
instanceKlass com/sun/tools/javac/parser/Scanner
instanceKlass com/sun/source/tree/LineMap
instanceKlass com/sun/tools/javac/util/BaseFileManager$ContentCacheEntry
instanceKlass com/sun/tools/javac/util/DiagnosticSource
instanceKlass com/sun/tools/javac/processing/JavacProcessingEnvironment$DiscoveredProcessors$ProcessorStateIterator
instanceKlass com/sun/tools/javac/processing/JavacProcessingEnvironment$DiscoveredProcessors
instanceKlass com/sun/tools/javac/util/ServiceLoader$1
instanceKlass com/sun/tools/javac/util/ServiceLoader$LazyIterator
instanceKlass com/sun/tools/javac/util/ServiceLoader
instanceKlass javax/annotation/processing/Processor
instanceKlass com/sun/tools/javac/processing/JavacProcessingEnvironment$ServiceIterator
instanceKlass com/sun/tools/javac/model/JavacTypes
instanceKlass com/sun/tools/javac/model/JavacElements
instanceKlass com/sun/tools/javac/processing/JavacMessager
instanceKlass com/sun/tools/javac/processing/JavacFiler
instanceKlass javax/annotation/processing/Messager
instanceKlass javax/annotation/processing/Filer
instanceKlass javax/annotation/processing/RoundEnvironment
instanceKlass com/sun/tools/javac/processing/JavacProcessingEnvironment
instanceKlass com/sun/tools/javac/util/ForwardingDiagnosticFormatter$ForwardingConfiguration
instanceKlass com/sun/tools/javac/code/Types$DefaultSymbolVisitor
instanceKlass com/sun/tools/javac/util/ForwardingDiagnosticFormatter
instanceKlass com/sun/tools/javac/util/StringUtils
instanceKlass com/sun/tools/javac/file/Locations$1
instanceKlass com/sun/tools/javac/util/ListBuffer$1
instanceKlass com/sun/tools/javac/api/MultiTaskListener
instanceKlass com/sun/tools/javac/comp/TransTypes$1
instanceKlass com/sun/tools/javac/jvm/Pool
instanceKlass com/sun/tools/javac/comp/Lower$TreeBuilder
instanceKlass com/sun/tools/javac/jvm/Gen$GenFinalizer
instanceKlass com/sun/tools/javac/jvm/Items$Item
instanceKlass com/sun/tools/javac/parser/JavaTokenizer
instanceKlass com/sun/tools/javac/parser/ScannerFactory
instanceKlass com/sun/tools/javac/parser/Tokens$Token
instanceKlass com/sun/tools/javac/parser/Tokens
instanceKlass com/sun/tools/javac/tree/DocTreeMaker
instanceKlass com/sun/tools/javac/parser/Lexer
instanceKlass com/sun/tools/javac/parser/ParserFactory
instanceKlass com/sun/tools/javac/jvm/JNIWriter
instanceKlass com/sun/tools/javac/code/Types$SignatureGenerator
instanceKlass com/sun/tools/javac/jvm/ClassWriter$AttributeWriter
instanceKlass com/sun/tools/javac/util/ByteBuffer
instanceKlass com/sun/tools/javac/jvm/ClassFile
instanceKlass com/sun/tools/javac/jvm/ClassReader$AttributeReader
instanceKlass com/sun/tools/javac/util/MandatoryWarningHandler
instanceKlass com/sun/tools/javac/tree/TreeInfo
instanceKlass com/sun/tools/javac/comp/DeferredAttr$4
instanceKlass com/sun/tools/javac/comp/DeferredAttr$3
instanceKlass com/sun/tools/javac/comp/DeferredAttr$2
instanceKlass com/sun/tools/javac/comp/DeferredAttr$DeferredAttrContext
instanceKlass com/sun/tools/javac/comp/DeferredAttr$DeferredStuckPolicy
instanceKlass com/sun/tools/javac/comp/DeferredAttr$DeferredTypeCompleter
instanceKlass com/sun/tools/javac/comp/Infer$GraphStrategy
instanceKlass com/sun/tools/javac/comp/Infer$InferenceContext
instanceKlass javax/lang/model/element/TypeParameterElement
instanceKlass com/sun/tools/javac/comp/Infer
instanceKlass com/sun/tools/javac/code/DeferredLintHandler$1
instanceKlass com/sun/tools/javac/code/DeferredLintHandler
instanceKlass com/sun/tools/javac/code/TypeAnnotations
instanceKlass com/sun/tools/javac/comp/TypeEnvs
instanceKlass com/sun/tools/javac/comp/ConstFold
instanceKlass javax/lang/model/element/AnnotationMirror
instanceKlass com/sun/tools/javac/comp/Annotate
instanceKlass com/sun/tools/javac/tree/TreeMaker$AnnotationBuilder
instanceKlass com/sun/tools/javac/tree/TreeMaker
instanceKlass com/sun/tools/javac/tree/JCTree$Factory
instanceKlass com/sun/tools/javac/comp/Env
instanceKlass com/sun/tools/javac/comp/Flow
instanceKlass com/sun/source/util/SimpleTreeVisitor
instanceKlass com/sun/tools/javac/comp/Attr$13
instanceKlass javax/lang/model/type/UnionType
instanceKlass com/sun/tools/javac/comp/Check$NestedCheckContext
instanceKlass com/sun/source/tree/VariableTree
instanceKlass com/sun/source/tree/UnionTypeTree
instanceKlass com/sun/source/tree/InstanceOfTree
instanceKlass com/sun/source/tree/PrimitiveTypeTree
instanceKlass com/sun/source/tree/ArrayTypeTree
instanceKlass com/sun/source/tree/ParameterizedTypeTree
instanceKlass com/sun/source/tree/EmptyStatementTree
instanceKlass com/sun/source/tree/MemberReferenceTree
instanceKlass com/sun/source/tree/ParenthesizedTree
instanceKlass com/sun/source/tree/LambdaExpressionTree
instanceKlass com/sun/source/tree/LabeledStatementTree
instanceKlass com/sun/source/tree/ArrayAccessTree
instanceKlass com/sun/source/tree/EnhancedForLoopTree
instanceKlass com/sun/source/tree/ExpressionStatementTree
instanceKlass com/sun/source/tree/DoWhileLoopTree
instanceKlass com/sun/source/tree/ConditionalExpressionTree
instanceKlass com/sun/source/tree/CompoundAssignmentTree
instanceKlass com/sun/source/tree/MethodInvocationTree
instanceKlass com/sun/source/tree/UnaryTree
instanceKlass com/sun/source/tree/TypeCastTree
instanceKlass com/sun/source/tree/TryTree
instanceKlass com/sun/source/tree/ThrowTree
instanceKlass com/sun/source/tree/ReturnTree
instanceKlass com/sun/source/tree/NewArrayTree
instanceKlass com/sun/source/tree/LiteralTree
instanceKlass com/sun/source/tree/IfTree
instanceKlass com/sun/source/tree/ErroneousTree
instanceKlass com/sun/source/tree/ContinueTree
instanceKlass com/sun/source/tree/CatchTree
instanceKlass com/sun/source/tree/CaseTree
instanceKlass com/sun/source/tree/BreakTree
instanceKlass com/sun/source/tree/BinaryTree
instanceKlass com/sun/source/tree/AssertTree
instanceKlass com/sun/source/tree/IntersectionTypeTree
instanceKlass com/sun/source/tree/SynchronizedTree
instanceKlass com/sun/source/tree/AnnotatedTypeTree
instanceKlass com/sun/source/tree/ModifiersTree
instanceKlass com/sun/source/tree/ImportTree
instanceKlass com/sun/source/tree/BlockTree
instanceKlass com/sun/source/tree/AssignmentTree
instanceKlass com/sun/source/tree/TypeParameterTree
instanceKlass com/sun/source/tree/SwitchTree
instanceKlass com/sun/source/tree/WhileLoopTree
instanceKlass com/sun/source/tree/ForLoopTree
instanceKlass com/sun/source/tree/WildcardTree
instanceKlass com/sun/tools/javac/api/Formattable$LocalizedString
instanceKlass com/sun/tools/javac/api/Formattable
instanceKlass com/sun/tools/javac/comp/Resolve$7
instanceKlass com/sun/tools/javac/comp/Resolve$6
instanceKlass com/sun/tools/javac/comp/Attr$ResultInfo
instanceKlass com/sun/tools/javac/comp/Resolve$AbstractMethodCheck
instanceKlass com/sun/tools/javac/comp/Resolve$2
instanceKlass com/sun/tools/javac/comp/Resolve$LookupHelper
instanceKlass com/sun/tools/javac/comp/Resolve$LogResolveHelper
instanceKlass com/sun/tools/javac/comp/Resolve$MethodCheck
instanceKlass com/sun/tools/javac/comp/Resolve
instanceKlass com/sun/tools/javac/comp/Check$6
instanceKlass com/sun/tools/javac/comp/Check$1
instanceKlass com/sun/source/tree/MethodTree
instanceKlass com/sun/source/tree/NewClassTree
instanceKlass com/sun/tools/javac/util/Warner
instanceKlass com/sun/source/tree/AnnotationTree
instanceKlass com/sun/tools/javac/tree/JCTree$Visitor
instanceKlass com/sun/tools/javac/code/DeferredLintHandler$LintLogger
instanceKlass com/sun/tools/javac/comp/Infer$FreeTypeListener
instanceKlass com/sun/tools/javac/comp/Check$CheckContext
instanceKlass com/sun/tools/javac/comp/Check
instanceKlass com/sun/tools/javac/code/Types$ImplementationCache
instanceKlass com/sun/tools/javac/code/Types$3
instanceKlass com/sun/tools/javac/code/Types$DescriptorCache$FunctionDescriptor
instanceKlass com/sun/tools/javac/util/JCDiagnostic
instanceKlass com/sun/tools/javac/code/Types$DescriptorCache
instanceKlass com/sun/tools/javac/code/Scope$ScopeListener
instanceKlass javax/lang/model/type/IntersectionType
instanceKlass com/sun/tools/javac/code/Type$Mapping
instanceKlass com/sun/tools/javac/code/Types$DefaultTypeVisitor
instanceKlass com/sun/tools/javac/code/Types
instanceKlass com/sun/tools/javac/code/Symtab$2
instanceKlass com/sun/tools/javac/code/Symtab$1
instanceKlass com/sun/tools/javac/code/Symbol$MethodSymbol$2
instanceKlass com/sun/tools/javac/code/Scope$2
instanceKlass com/sun/tools/javac/code/Scope$Entry
instanceKlass com/sun/tools/javac/util/Filter
instanceKlass com/sun/tools/javac/util/Assert
instanceKlass java/lang/annotation/Repeatable
instanceKlass javax/lang/model/type/NullType
instanceKlass com/sun/tools/javac/code/Symtab
instanceKlass com/sun/tools/javac/jvm/ClassReader$1
instanceKlass com/sun/tools/javac/code/Attribute
instanceKlass javax/lang/model/element/AnnotationValue
instanceKlass com/sun/tools/javac/comp/Annotate$Worker
instanceKlass javax/lang/model/type/NoType
instanceKlass javax/lang/model/type/ExecutableType
instanceKlass com/sun/tools/javac/code/Scope
instanceKlass com/sun/tools/javac/code/Symbol$Completer
instanceKlass com/sun/tools/javac/jvm/ClassReader
instanceKlass com/sun/tools/javac/util/Convert
instanceKlass com/sun/tools/javac/util/Name
instanceKlass javax/lang/model/element/Name
instanceKlass com/sun/tools/javac/util/Name$Table
instanceKlass com/sun/tools/javac/util/Names
instanceKlass com/sun/tools/javac/main/JavaCompiler$1
instanceKlass com/sun/source/tree/MemberSelectTree
instanceKlass com/sun/source/tree/IdentifierTree
instanceKlass com/sun/source/tree/ClassTree
instanceKlass com/sun/source/tree/StatementTree
instanceKlass javax/lang/model/element/PackageElement
instanceKlass javax/lang/model/element/TypeElement
instanceKlass javax/lang/model/element/QualifiedNameable
instanceKlass com/sun/source/tree/CompilationUnitTree
instanceKlass com/sun/tools/javac/jvm/ClassReader$SourceCompleter
instanceKlass com/sun/tools/javac/main/JavaCompiler
instanceKlass com/sun/tools/javac/file/CacheFSInfo$1
instanceKlass com/sun/tools/javac/main/CommandLine
instanceKlass com/sun/tools/javac/parser/Parser
instanceKlass com/sun/tools/javac/api/JavacTaskImpl$Filter
instanceKlass javax/lang/model/util/Types
instanceKlass javax/lang/model/util/Elements
instanceKlass javax/annotation/processing/ProcessingEnvironment
instanceKlass com/sun/tools/javac/main/Main
instanceKlass com/sun/source/util/TreeScanner
instanceKlass com/sun/source/tree/TreeVisitor
instanceKlass com/sun/tools/doclint/DocLint
instanceKlass com/sun/source/util/Plugin
instanceKlass com/sun/source/util/TaskListener
instanceKlass com/sun/tools/javac/api/ClientCodeWrapper
instanceKlass com/sun/tools/javac/file/BaseFileObject
instanceKlass com/sun/tools/javac/file/ZipFileIndexCache
instanceKlass com/sun/tools/javac/file/FSInfo
instanceKlass com/sun/tools/javac/code/Lint$AugmentVisitor
instanceKlass com/sun/tools/javac/code/Attribute$Visitor
instanceKlass com/sun/tools/javac/util/Log$1
instanceKlass javax/tools/DiagnosticListener
instanceKlass com/sun/tools/javac/util/JCDiagnostic$Factory$1
instanceKlass com/sun/tools/javac/util/Options
instanceKlass javax/lang/model/element/ExecutableElement
instanceKlass javax/lang/model/element/Parameterizable
instanceKlass javax/lang/model/type/WildcardType
instanceKlass javax/lang/model/type/PrimitiveType
instanceKlass javax/lang/model/element/VariableElement
instanceKlass javax/lang/model/type/TypeVariable
instanceKlass javax/lang/model/type/ErrorType
instanceKlass javax/lang/model/type/DeclaredType
instanceKlass javax/lang/model/type/ArrayType
instanceKlass javax/lang/model/type/ReferenceType
instanceKlass javax/lang/model/type/TypeMirror
instanceKlass com/sun/tools/javac/code/AnnoConstruct
instanceKlass javax/lang/model/element/Element
instanceKlass javax/lang/model/AnnotatedConstruct
instanceKlass com/sun/tools/javac/util/AbstractDiagnosticFormatter$SimpleConfiguration
instanceKlass com/sun/source/tree/ExpressionTree
instanceKlass com/sun/tools/javac/tree/JCTree
instanceKlass com/sun/source/tree/Tree
instanceKlass com/sun/tools/javac/api/DiagnosticFormatter$Configuration
instanceKlass com/sun/tools/javac/code/Printer
instanceKlass com/sun/tools/javac/code/Symbol$Visitor
instanceKlass com/sun/tools/javac/code/Type$Visitor
instanceKlass com/sun/tools/javac/util/AbstractDiagnosticFormatter
instanceKlass java/util/ResourceBundle$Control$1
instanceKlass com/sun/tools/javac/util/List$3
instanceKlass com/sun/tools/javac/util/List$2
instanceKlass com/sun/tools/javac/util/JavacMessages
instanceKlass com/sun/tools/javac/api/Messages
instanceKlass com/sun/tools/javac/util/JCDiagnostic$Factory
instanceKlass com/sun/tools/javac/file/Locations$LocationHandler
instanceKlass com/sun/tools/javac/file/Locations
instanceKlass com/sun/tools/javac/util/BaseFileManager$ByteBufferCache
instanceKlass com/sun/tools/javac/code/Lint
instanceKlass com/sun/tools/javac/file/JavacFileManager$Archive
instanceKlass com/sun/tools/javac/file/RelativePath
instanceKlass javax/tools/JavaFileManager$Location
instanceKlass javax/tools/JavaFileObject
instanceKlass javax/tools/FileObject
instanceKlass com/sun/tools/javac/util/BaseFileManager
instanceKlass com/sun/tools/javac/util/Context$Factory
instanceKlass javax/tools/Diagnostic
instanceKlass com/sun/tools/javac/api/DiagnosticFormatter
instanceKlass com/sun/tools/javac/util/Log$DiagnosticHandler
instanceKlass com/sun/tools/javac/util/JCDiagnostic$DiagnosticPosition
instanceKlass com/sun/tools/javac/util/AbstractLog
instanceKlass com/sun/tools/javac/util/Context$Key
instanceKlass com/sun/tools/javac/util/Context
instanceKlass com/sun/tools/javac/main/OptionHelper
instanceKlass com/sun/source/util/JavacTask
instanceKlass javax/tools/JavaCompiler$CompilationTask
instanceKlass javax/tools/StandardJavaFileManager
instanceKlass javax/tools/JavaFileManager
instanceKlass com/sun/tools/javac/api/JavacTool
instanceKlass org/gradle/internal/jvm/JdkTools
instanceKlass org/gradle/api/internal/tasks/compile/JavaCompilerArgumentsBuilder
instanceKlass org/gradle/internal/Transformers$ToStringTransformer
instanceKlass org/gradle/api/internal/tasks/compile/NormalizingJavaCompiler$1
instanceKlass org/gradle/language/base/internal/tasks/StaleClassCleaner
instanceKlass org/gradle/language/base/internal/compile/CompilerUtil
instanceKlass org/gradle/api/internal/tasks/compile/NormalizingJavaCompiler
instanceKlass org/gradle/api/internal/tasks/compile/JdkJavaCompiler
instanceKlass org/gradle/api/internal/tasks/DefaultJavaToolChain$JavaToolProvider
instanceKlass org/gradle/jvm/platform/internal/DefaultJavaPlatform
instanceKlass org/gradle/api/internal/tasks/compile/CommandLineJavaCompileSpec
instanceKlass org/gradle/api/internal/tasks/compile/ForkingJavaCompileSpec
instanceKlass org/gradle/api/internal/tasks/compile/AbstractJavaCompileSpecFactory
instanceKlass com/android/builder/internal/compiler/PreDexCache$1
instanceKlass com/google/common/hash/HashCode
instanceKlass com/android/builder/internal/compiler/PreProcessCache$StoredItem
instanceKlass com/android/build/gradle/internal/pipeline/ImmutableTransformInput
instanceKlass com/android/build/gradle/internal/pipeline/IntermediateFolderUtils$InputGenerator
instanceKlass com/android/build/gradle/internal/pipeline/IntermediateFolderUtils
instanceKlass org/codehaus/groovy/ast/ClassNode$1
instanceKlass org/gradle/launcher/daemon/registry/PersistentDaemonRegistry$3
instanceKlass org/gradle/cache/internal/DefaultMultiProcessSafePersistentIndexedCache$4
instanceKlass org/apache/tools/ant/IntrospectionHelper$AttributeSetter
instanceKlass org/apache/tools/ant/IntrospectionHelper$NestedCreator
instanceKlass org/apache/tools/ant/IntrospectionHelper
instanceKlass org/gradle/tooling/internal/provider/SerializedPayload
instanceKlass org/gradle/tooling/internal/provider/DefaultPayloadClassLoaderRegistry$1
instanceKlass org/gradle/tooling/internal/provider/BuildActionResult
instanceKlass org/gradle/tooling/internal/provider/jdk6/Jdk6ClassLookup
instanceKlass org/gradle/tooling/internal/provider/DefaultPayloadClassLoaderRegistry$DetailsToClassLoaderTransformer
instanceKlass org/gradle/tooling/internal/provider/DefaultPayloadClassLoaderRegistry$ClassLoaderToDetailsTransformer
instanceKlass org/gradle/tooling/internal/provider/SerializeMap
instanceKlass org/gradle/tooling/internal/provider/DeserializeMap
instanceKlass org/gradle/tooling/internal/provider/DefaultPayloadClassLoaderRegistry
instanceKlass org/gradle/tooling/internal/provider/ModelClassLoaderFactory
instanceKlass org/gradle/tooling/internal/provider/DaemonSidePayloadClassLoaderFactory
instanceKlass com/android/builder/internal/compiler/PreProcessCache$Key
instanceKlass com/android/builder/internal/compiler/PreProcessCache$KeyFactory
instanceKlass com/android/builder/internal/compiler/PreProcessCache$BaseItem
instanceKlass com/android/builder/internal/compiler/PreProcessCache
instanceKlass org/gradle/logging/internal/AbstractStyledTextOutput$StyleOverrideTextOutput
instanceKlass com/android/builder/internal/TemplateProcessor
instanceKlass com/android/builder/internal/TestManifestGenerator
instanceKlass com/google/common/collect/StandardTable$Row$RowEntrySet$1
instanceKlass com/google/common/collect/StandardTable$RowMap$EntrySet$1
instanceKlass com/google/common/collect/Tables$AbstractCell
instanceKlass com/google/common/collect/Tables$1
instanceKlass com/google/common/collect/RowSortedTable
instanceKlass com/google/common/collect/Table$Cell
instanceKlass com/google/common/collect/Tables
instanceKlass com/google/common/collect/StandardTable$CellIterator
instanceKlass com/android/builder/internal/SymbolWriter
instanceKlass com/android/builder/internal/SymbolLoader$SymbolEntry
instanceKlass com/google/common/collect/HashBasedTable$Factory
instanceKlass com/google/common/collect/AbstractTable
instanceKlass com/google/common/io/CharStreams
instanceKlass com/google/common/io/Files$1
instanceKlass com/google/common/collect/Table
instanceKlass com/android/builder/internal/SymbolLoader
instanceKlass com/android/build/gradle/internal/process/GradleProcessResult
instanceKlass org/gradle/process/internal/DefaultExecHandle$ExecResultImpl
instanceKlass org/gradle/process/internal/shutdown/ShutdownHookActionRegister$GradleShutdownHook
instanceKlass org/gradle/process/internal/shutdown/ShutdownHookActionRegister
instanceKlass org/gradle/process/internal/streams/ExecOutputHandleRunner
instanceKlass org/gradle/util/DisconnectableInputStream$1
instanceKlass org/gradle/util/DisconnectableInputStream$ThreadExecuter
instanceKlass net/rubygrapefruit/platform/internal/jni/WindowsHandleFunctions
instanceKlass org/gradle/process/internal/ProcessBuilderFactory
instanceKlass org/gradle/process/internal/ExecHandleRunner
instanceKlass org/gradle/process/internal/ExecHandleShutdownHookAction
instanceKlass net/rubygrapefruit/platform/internal/DefaultProcessLauncher
