JvmtiExport can_access_local_variables 0
JvmtiExport can_hotswap_or_post_breakpoint 0
JvmtiExport can_post_on_exceptions 0
# 420 ciObject found
instanceKlass org/gradle/cache/internal/DefaultCacheAccess$2
instanceKlass org/gradle/groovy/scripts/internal/FileCacheBackedScriptClassCompiler$CacheInitializer
instanceKlass org/gradle/groovy/scripts/internal/FileCacheBackedScriptClassCompiler$ProgressReportingInitializer
instanceKlass org/apache/commons/io/IOUtils
instanceKlass java/net/URLConnection$1
instanceKlass sun/net/www/MimeEntry
instanceKlass sun/net/www/MimeTable$DefaultInstanceHolder$1
instanceKlass sun/net/www/MimeTable$DefaultInstanceHolder
instanceKlass sun/net/www/MimeTable$1
instanceKlass sun/net/www/MimeTable
instanceKlass java/net/FileNameMap
instanceKlass sun/net/DefaultProgressMeteringPolicy
instanceKlass sun/net/ProgressMeteringPolicy
instanceKlass sun/net/ProgressMonitor
instanceKlass org/gradle/internal/Cast
instanceKlass org/gradle/groovy/scripts/internal/CachingScriptClassCompiler$Key
instanceKlass org/gradle/api/internal/initialization/ClassLoaderIds$DefaultClassLoaderId
instanceKlass org/gradle/api/internal/initialization/ClassLoaderIds
instanceKlass org/gradle/groovy/scripts/internal/FactoryBackedCompileOperation
instanceKlass org/codehaus/groovy/control/CompilationUnit$SourceUnitOperation
instanceKlass org/gradle/plugin/use/PluginDependenciesSpec
instanceKlass org/gradle/plugin/use/internal/PluginRequestCollector
instanceKlass org/codehaus/groovy/ast/GroovyCodeVisitor
instanceKlass org/gradle/plugin/use/internal/PluginUseScriptBlockMetadataExtractor
instanceKlass org/gradle/groovy/scripts/internal/InitialPassStatementTransformer
instanceKlass org/gradle/api/Script
instanceKlass org/gradle/internal/resource/DelegatingResource
instanceKlass org/gradle/groovy/scripts/DelegatingScriptSource
instanceKlass org/gradle/groovy/scripts/DefaultScriptCompilerFactory$ScriptCompilerImpl
instanceKlass org/gradle/configuration/DefaultScriptTarget
instanceKlass org/gradle/groovy/scripts/internal/CompileOperation
instanceKlass org/gradle/groovy/scripts/Transformer
instanceKlass org/gradle/groovy/scripts/internal/StatementTransformer
instanceKlass org/gradle/configuration/ScriptTarget
instanceKlass org/gradle/configuration/DefaultScriptPluginFactory$ScriptPluginImpl
instanceKlass org/gradle/api/internal/initialization/DefaultScriptHandler
instanceKlass org/gradle/api/internal/artifacts/DefaultDependencyManagementServices$DefaultDependencyResolutionServices
instanceKlass org/gradle/api/artifacts/dsl/ArtifactHandler
instanceKlass org/gradle/api/internal/artifacts/dsl/DefaultComponentMetadataHandler
instanceKlass org/gradle/api/internal/artifacts/ComponentMetadataProcessor
instanceKlass org/gradle/api/artifacts/dsl/DependencyHandler
instanceKlass org/gradle/api/artifacts/dsl/ComponentMetadataHandler
instanceKlass org/gradle/api/internal/artifacts/dsl/DefaultComponentModuleMetadataHandler
instanceKlass org/gradle/api/internal/artifacts/ComponentModuleMetadataProcessor
instanceKlass org/gradle/api/artifacts/dsl/ComponentModuleMetadataHandler
instanceKlass org/gradle/api/artifacts/dsl/RepositoryHandler
instanceKlass org/gradle/api/artifacts/ArtifactRepositoryContainer
instanceKlass org/gradle/api/NamedDomainObjectList
instanceKlass org/gradle/api/internal/artifacts/configurations/ConfigurationContainerInternal
instanceKlass org/gradle/api/artifacts/ConfigurationContainer
instanceKlass org/gradle/api/internal/artifacts/query/ArtifactResolutionQueryFactory
instanceKlass org/gradle/api/internal/artifacts/DependencyResolutionServices
instanceKlass org/gradle/api/internal/artifacts/ArtifactPublicationServices
instanceKlass org/gradle/api/internal/artifacts/BaseRepositoryFactory
instanceKlass org/gradle/api/internal/artifacts/ivyservice/ivyresolve/parser/MetaDataParser
instanceKlass org/gradle/api/internal/artifacts/GlobalDependencyResolutionRules
instanceKlass org/gradle/api/internal/artifacts/ConfigurationResolver
instanceKlass org/gradle/api/internal/artifacts/DefaultDependencyManagementServices$DependencyResolutionScopeServices
instanceKlass org/gradle/api/internal/initialization/BasicDomainObjectContext
instanceKlass org/gradle/groovy/scripts/AbstractUriScriptSource
instanceKlass org/gradle/internal/Factories$1
instanceKlass org/gradle/initialization/InitScriptHandler$1
instanceKlass org/gradle/initialization/DirectoryInitScriptFinder
instanceKlass org/gradle/initialization/CompositeInitScriptFinder
instanceKlass org/gradle/initialization/InitScriptFinder
instanceKlass org/gradle/logging/internal/ProgressLogEventGenerator$Operation
instanceKlass org/gradle/logging/internal/DefaultProgressLoggerFactory$ProgressLoggerImpl
instanceKlass org/gradle/internal/progress/DefaultBuildOperationExecutor$OperationDetails
instanceKlass org/gradle/internal/progress/OperationIdentifier
instanceKlass org/gradle/internal/progress/BuildOperationDetails$Builder
instanceKlass org/gradle/internal/progress/BuildOperationDetails
instanceKlass org/gradle/initialization/DefaultGradleLauncher$1
instanceKlass org/gradle/tooling/model/internal/outcomes/GradleFileBuildOutcome
instanceKlass org/gradle/tooling/model/internal/outcomes/GradleBuildOutcome
instanceKlass org/gradle/tooling/model/idea/IdeaModuleDependency
instanceKlass org/gradle/tooling/model/idea/IdeaSingleEntryLibraryDependency
instanceKlass org/gradle/tooling/model/ExternalDependency
instanceKlass org/gradle/tooling/model/idea/IdeaDependency
instanceKlass org/gradle/tooling/model/Dependency
instanceKlass org/gradle/tooling/internal/consumer/converters/ConsumerTargetTypeProvider
instanceKlass org/gradle/tooling/internal/adapter/ProtocolToModelAdapter$1
instanceKlass org/gradle/tooling/internal/adapter/ProtocolToModelAdapter$NoOpMapping
instanceKlass org/gradle/tooling/internal/adapter/NoOpMethodInvoker
instanceKlass org/gradle/tooling/internal/adapter/CollectionMapper
instanceKlass org/gradle/tooling/internal/adapter/TargetTypeProvider
instanceKlass org/gradle/api/Action
instanceKlass org/gradle/tooling/internal/adapter/MethodInvoker
instanceKlass org/gradle/tooling/model/gradle/GradleBuild
instanceKlass org/jetbrains/plugins/gradle/model/ExtIdeaCompilerOutput
instanceKlass org/jetbrains/plugins/gradle/model/ModuleExtendedModel
instanceKlass com/intellij/openapi/externalSystem/model/ExternalProject
instanceKlass com/android/builder/model/AndroidProject
instanceKlass org/gradle/tooling/model/DomainObjectSet
instanceKlass org/jetbrains/plugins/gradle/model/BuildScriptClasspathModel
instanceKlass com/google/appengine/gradle/model/AppEngineModel
instanceKlass org/gradle/tooling/model/idea/IdeaModule
instanceKlass org/gradle/tooling/model/HasGradleProject
instanceKlass org/gradle/tooling/model/HierarchicalElement
instanceKlass org/gradle/tooling/model/Element
instanceKlass org/jetbrains/plugins/gradle/model/ProjectImportAction$AllModels
instanceKlass org/gradle/tooling/model/Model
instanceKlass org/jetbrains/plugins/gradle/model/ProjectImportAction
instanceKlass org/gradle/tooling/internal/adapter/ProtocolToModelAdapter
instanceKlass org/gradle/tooling/BuildAction
instanceKlass org/gradle/tooling/BuildController
instanceKlass org/gradle/tooling/internal/consumer/connection/InternalBuildActionAdapter
instanceKlass org/gradle/tooling/internal/protocol/InternalBuildAction
instanceKlass org/gradle/tooling/internal/protocol/InternalProtocolInterface
instanceKlass org/gradle/tooling/internal/provider/JarCache$FileInfo
instanceKlass java/math/MutableBigInteger
instanceKlass org/gradle/internal/hash/HashValue
instanceKlass org/gradle/internal/hash/HashUtil
instanceKlass java/net/DatagramPacket$1
instanceKlass org/gradle/internal/Factories$2
instanceKlass org/gradle/internal/Factories
instanceKlass org/gradle/cache/internal/locklistener/DefaultFileLockContentionHandler$1
instanceKlass org/gradle/cache/internal/DefaultCacheAccess$5
instanceKlass org/gradle/cache/internal/cacheops/CacheOperation
instanceKlass org/gradle/cache/internal/cacheops/CacheOperationStack
instanceKlass org/gradle/tooling/internal/provider/DaemonSidePayloadClassLoaderFactory$1
instanceKlass org/gradle/tooling/internal/provider/DefaultPayloadClassLoaderRegistry$2
instanceKlass org/gradle/tooling/internal/provider/jdk6/Jdk6ClassLookup
instanceKlass org/gradle/tooling/internal/provider/DefaultPayloadClassLoaderRegistry$DetailsToClassLoaderTransformer
instanceKlass org/gradle/tooling/internal/provider/DefaultPayloadClassLoaderRegistry$ClassLoaderToDetailsTransformer
instanceKlass org/gradle/tooling/internal/provider/SerializeMap
instanceKlass org/gradle/tooling/internal/provider/DeserializeMap
instanceKlass org/gradle/tooling/internal/provider/DefaultPayloadClassLoaderRegistry
instanceKlass org/gradle/TaskExecutionRequest
instanceKlass org/gradle/tooling/internal/provider/ModelClassLoaderFactory
instanceKlass org/gradle/tooling/internal/provider/DaemonSidePayloadClassLoaderFactory
instanceKlass com/google/common/cache/LocalCache$AbstractReferenceEntry
instanceKlass java/util/concurrent/ConcurrentLinkedQueue$Node
instanceKlass org/gradle/launcher/cli/ExecuteBuildAction
instanceKlass org/gradle/launcher/exec/InProcessBuildActionExecuter$DefaultBuildController
instanceKlass org/gradle/deployment/internal/DefaultDeploymentRegistry
instanceKlass org/gradle/execution/TaskFailureHandler
instanceKlass org/gradle/execution/SelectedTaskExecutionAction
instanceKlass org/gradle/execution/DryRunBuildExecutionAction
instanceKlass org/gradle/execution/BuildExecutionAction
instanceKlass org/gradle/execution/DefaultBuildExecuter
instanceKlass org/gradle/execution/ExcludedTaskFilteringBuildConfigurationAction
instanceKlass org/gradle/execution/BuildExecutionContext
instanceKlass org/gradle/execution/DefaultBuildConfigurationActionExecuter
instanceKlass org/gradle/execution/TaskNameResolvingBuildConfigurationAction
instanceKlass org/gradle/execution/DefaultTasksBuildExecutionAction
instanceKlass org/gradle/execution/BuildConfigurationAction
instanceKlass org/gradle/execution/commandline/CommandLineTaskConfigurer
instanceKlass org/gradle/execution/taskpath/ProjectFinderByTaskPath
instanceKlass org/gradle/execution/taskpath/TaskPathResolver
instanceKlass org/gradle/execution/TaskSelectionResult
instanceKlass org/gradle/api/tasks/TaskContainer
instanceKlass org/gradle/api/PolymorphicDomainObjectContainer
instanceKlass org/gradle/api/NamedDomainObjectContainer
instanceKlass org/gradle/util/Configurable
instanceKlass org/gradle/api/tasks/TaskCollection
instanceKlass org/gradle/api/NamedDomainObjectSet
instanceKlass org/gradle/api/NamedDomainObjectCollection
instanceKlass org/gradle/execution/TaskNameResolver
instanceKlass org/gradle/internal/typeconversion/ValueAwareNotationParser
instanceKlass org/gradle/api/internal/tasks/options/OptionNotationParserFactory
instanceKlass com/google/common/collect/ListMultimap
instanceKlass org/gradle/initialization/ModelConfigurationListener
instanceKlass org/gradle/initialization/DefaultExceptionAnalyser
instanceKlass org/gradle/configuration/DefaultBuildConfigurer
instanceKlass org/gradle/execution/TaskPathProjectEvaluator
instanceKlass org/gradle/initialization/buildsrc/BuildSourceBuilder
instanceKlass org/gradle/initialization/layout/BuildLayoutFactory
instanceKlass org/gradle/initialization/SettingsLocation
instanceKlass org/gradle/initialization/DefaultSettingsFinder
instanceKlass org/gradle/initialization/SettingsHandler
instanceKlass org/gradle/initialization/NotifyingSettingsLoader
instanceKlass org/gradle/api/internal/project/ProjectFactory
instanceKlass org/gradle/api/internal/project/DefaultProjectRegistry
instanceKlass org/gradle/internal/service/DefaultServiceRegistry$ParameterizedTypeSpec
instanceKlass org/gradle/initialization/InstantiatingBuildLoader
instanceKlass org/gradle/initialization/ProjectPropertySettingBuildLoader
instanceKlass org/gradle/api/internal/SettingsInternal
instanceKlass org/gradle/initialization/SettingsFactory
instanceKlass org/gradle/initialization/ScriptEvaluatingSettingsProcessor
instanceKlass org/gradle/initialization/PropertiesLoadingSettingsProcessor
instanceKlass org/gradle/initialization/NotifyingSettingsProcessor
instanceKlass org/gradle/initialization/DefaultGradlePropertiesLoader
instanceKlass org/gradle/internal/id/LongIdGenerator
instanceKlass org/gradle/configuration/DefaultInitScriptProcessor
instanceKlass org/gradle/internal/progress/OperationStartEvent
instanceKlass org/gradle/internal/progress/OperationResult
instanceKlass org/gradle/internal/progress/BuildOperationInternal
instanceKlass org/gradle/internal/progress/InternalBuildListener
instanceKlass org/gradle/internal/progress/DefaultBuildOperationExecutor
instanceKlass org/gradle/plugin/use/internal/PluginRequests
instanceKlass org/gradle/plugin/use/internal/PluginRequestsSerializer
instanceKlass org/gradle/groovy/scripts/internal/BuildScriptDataSerializer
instanceKlass org/gradle/api/internal/file/DefaultFileLookup
instanceKlass org/gradle/plugin/use/resolve/internal/CompositePluginResolver
instanceKlass org/gradle/plugin/use/resolve/internal/CorePluginResolver
instanceKlass java/util/DualPivotQuicksort
instanceKlass com/google/common/base/CharMatcher
instanceKlass org/gradle/plugin/internal/PluginId
instanceKlass org/gradle/plugin/use/resolve/internal/NoopPluginResolver
instanceKlass org/gradle/internal/exceptions/FailureResolutionAware
instanceKlass org/gradle/plugin/use/resolve/internal/PluginResolutionResult
instanceKlass org/gradle/plugin/use/internal/DefaultPluginRequestApplicator
instanceKlass org/gradle/api/internal/initialization/DefaultClassLoaderScope
instanceKlass org/gradle/plugin/use/internal/PluginUsePluginServiceRegistry$BuildScopeServices$2
instanceKlass org/gradle/plugin/use/resolve/internal/PluginResolution
instanceKlass org/gradle/plugin/use/internal/PluginUsePluginServiceRegistry$BuildScopeServices$1
instanceKlass org/gradle/api/internal/artifacts/ivyservice/ivyresolve/strategy/VersionSelector
instanceKlass org/gradle/api/internal/artifacts/ivyservice/ivyresolve/strategy/DefaultVersionSelectorScheme
instanceKlass org/gradle/api/internal/artifacts/ivyservice/ivyresolve/strategy/DefaultVersionComparator$1
instanceKlass org/gradle/api/internal/artifacts/ivyservice/ivyresolve/strategy/Version
instanceKlass org/gradle/api/internal/artifacts/ivyservice/ivyresolve/strategy/VersionParser
instanceKlass org/gradle/api/internal/artifacts/ivyservice/ivyresolve/strategy/StaticVersionComparator
instanceKlass org/gradle/api/internal/artifacts/ivyservice/ivyresolve/strategy/DefaultVersionComparator
instanceKlass org/apache/ivy/plugins/matcher/Matcher
instanceKlass org/apache/ivy/plugins/matcher/AbstractPatternMatcher
instanceKlass org/apache/ivy/plugins/matcher/PatternMatcher
instanceKlass org/gradle/plugin/use/resolve/service/internal/DeprecationListeningPluginResolutionServiceClient$1
instanceKlass org/gradle/plugin/use/resolve/service/internal/DeprecationListeningPluginResolutionServiceClient
instanceKlass org/gradle/plugin/use/resolve/service/internal/InMemoryCachingPluginResolutionServiceClient
instanceKlass org/gradle/plugin/use/resolve/service/internal/ClientStatus$Serializer
instanceKlass org/gradle/plugin/use/resolve/service/internal/PersistentCachingPluginResolutionServiceClient$ClientStatusKey$Serializer
instanceKlass org/gradle/cache/internal/DefaultCacheAccess$3
instanceKlass org/gradle/cache/PersistentIndexedCacheParameters
instanceKlass org/gradle/plugin/use/resolve/service/internal/PersistentCachingPluginResolutionServiceClient$ResponseSerializer
instanceKlass org/gradle/plugin/use/resolve/service/internal/PluginUseMetaData$Serializer
instanceKlass org/gradle/plugin/use/resolve/service/internal/PersistentCachingPluginResolutionServiceClient$PluginRequestKey$Serializer
instanceKlass org/gradle/plugin/use/resolve/service/internal/PersistentCachingPluginResolutionServiceClient
instanceKlass org/gradle/cache/internal/DefaultCacheFactory$ReferenceTrackingCache
instanceKlass org/gradle/cache/internal/DefaultCacheFactory$DirCacheReference
instanceKlass org/gradle/cache/internal/cacheops/CacheAccessOperationsStack
instanceKlass org/gradle/cache/internal/DefaultPersistentDirectoryCache$Initializer
instanceKlass org/gradle/cache/internal/DefaultMultiProcessSafePersistentIndexedCache
instanceKlass org/gradle/cache/internal/MultiProcessSafePersistentIndexedCache
instanceKlass org/gradle/cache/internal/UnitOfWorkParticipant
instanceKlass org/gradle/cache/internal/DefaultCacheAccess
instanceKlass org/gradle/cache/internal/CacheInitializationAction
instanceKlass org/gradle/cache/internal/CacheCoordinator
instanceKlass org/gradle/cache/internal/DefaultPersistentDirectoryStore
instanceKlass org/gradle/cache/internal/DefaultCacheScopeMapping$1
instanceKlass org/gradle/cache/internal/DefaultCacheRepository$AbstractCacheBuilder
instanceKlass com/google/common/escape/Escaper$1
instanceKlass com/google/common/escape/Escaper
instanceKlass com/google/common/net/UrlEscapers
instanceKlass org/gradle/plugin/use/resolve/service/internal/PluginResolutionServiceClient$Response
instanceKlass org/gradle/internal/resource/transport/http/HttpResponseResource
instanceKlass org/gradle/internal/resource/transfer/ExternalResourceReadResponse
instanceKlass org/gradle/internal/resource/transport/http/HttpResourceAccessor
instanceKlass org/gradle/internal/resource/transfer/ExternalResourceAccessor
instanceKlass org/apache/http/HttpEntity
instanceKlass org/apache/http/client/protocol/ResponseContentEncoding
instanceKlass org/apache/http/client/protocol/RequestAcceptEncoding
instanceKlass org/apache/http/impl/client/DecompressingHttpClient
instanceKlass org/gradle/internal/resource/UriResource
instanceKlass org/gradle/internal/resource/Resource
instanceKlass org/apache/http/util/VersionInfo
instanceKlass org/apache/http/params/HttpConnectionParams
instanceKlass org/apache/http/params/CoreConnectionPNames
instanceKlass org/apache/http/Consts
instanceKlass org/apache/http/protocol/HTTP
instanceKlass org/apache/http/params/HttpProtocolParams
instanceKlass org/apache/http/params/CoreProtocolPNames
instanceKlass org/apache/http/params/AbstractHttpParams
instanceKlass org/apache/http/params/HttpParamsNames
instanceKlass org/gradle/internal/resource/transport/http/HttpClientConfigurer$2
instanceKlass org/apache/http/impl/auth/KerberosSchemeFactory
instanceKlass org/apache/http/impl/auth/SPNegoSchemeFactory
instanceKlass org/apache/http/impl/auth/NTLMSchemeFactory
instanceKlass org/apache/http/impl/auth/DigestSchemeFactory
instanceKlass org/apache/http/impl/auth/BasicSchemeFactory
instanceKlass org/apache/http/auth/AuthSchemeRegistry
instanceKlass org/apache/http/impl/auth/NTLMEngine
instanceKlass org/gradle/internal/resource/transport/http/ntlm/NTLMSchemeFactory
instanceKlass org/apache/http/auth/Credentials
instanceKlass org/apache/http/auth/AuthScheme
instanceKlass org/gradle/api/credentials/Credentials
instanceKlass org/gradle/internal/resource/transport/http/HttpClientConfigurer
instanceKlass org/apache/http/HttpEntityEnclosingRequest
instanceKlass org/apache/http/impl/client/DefaultRedirectStrategy
instanceKlass org/slf4j/spi/LocationAwareLogger
instanceKlass org/apache/commons/logging/impl/SLF4JLog
instanceKlass org/apache/commons/logging/impl/SLF4JLocationAwareLog
instanceKlass org/apache/commons/logging/Log
instanceKlass org/apache/commons/logging/LogFactory
instanceKlass org/apache/http/ProtocolVersion
instanceKlass org/apache/http/HttpHost
instanceKlass org/apache/http/conn/ConnectionKeepAliveStrategy
instanceKlass org/apache/http/conn/ClientConnectionManager
instanceKlass org/apache/http/auth/AuthSchemeFactory
instanceKlass org/apache/http/cookie/CookieSpecFactory
instanceKlass org/apache/http/ConnectionReuseStrategy
instanceKlass org/apache/http/client/HttpRequestRetryHandler
instanceKlass org/apache/http/client/RedirectHandler
instanceKlass org/apache/http/client/AuthenticationHandler
instanceKlass org/apache/http/client/CookieStore
instanceKlass org/apache/http/client/CredentialsProvider
instanceKlass org/apache/http/conn/routing/HttpRoutePlanner
instanceKlass org/apache/http/client/UserTokenHandler
instanceKlass org/apache/http/client/AuthenticationStrategy
instanceKlass org/apache/http/protocol/HttpProcessor
instanceKlass org/apache/http/HttpResponseInterceptor
instanceKlass org/apache/http/HttpRequestInterceptor
instanceKlass org/apache/http/client/RequestDirector
instanceKlass org/apache/http/params/HttpParams
instanceKlass org/apache/http/protocol/BasicHttpContext
instanceKlass org/apache/commons/lang/StringUtils
instanceKlass org/gradle/internal/resource/transport/http/JavaSystemPropertiesProxySettings
instanceKlass org/gradle/internal/resource/transport/http/HttpProxySettings
instanceKlass org/gradle/internal/resource/transport/http/DefaultHttpSettings
instanceKlass org/apache/http/client/RedirectStrategy
instanceKlass org/apache/http/impl/client/AbstractHttpClient
instanceKlass org/apache/http/client/HttpClient
instanceKlass org/apache/http/message/AbstractHttpMessage
instanceKlass org/apache/http/client/methods/AbortableHttpRequest
instanceKlass org/apache/http/protocol/HttpContext
instanceKlass org/apache/http/client/methods/HttpUriRequest
instanceKlass org/apache/http/HttpRequest
instanceKlass org/apache/http/HttpMessage
instanceKlass org/gradle/internal/resource/transport/http/HttpClientHelper
instanceKlass org/gradle/api/internal/plugins/PluginDescriptorLocator
instanceKlass org/gradle/api/internal/plugins/PluginImplementation
instanceKlass org/gradle/api/internal/plugins/DefaultPluginRegistry
instanceKlass org/gradle/api/internal/plugins/PotentialPlugin
instanceKlass com/google/common/cache/RemovalListener
instanceKlass com/google/common/cache/Weigher
instanceKlass com/google/common/cache/LocalCache$1
instanceKlass com/google/common/util/concurrent/ListenableFuture
instanceKlass java/util/concurrent/Future
instanceKlass com/google/common/util/concurrent/AbstractListeningExecutorService
instanceKlass com/google/common/util/concurrent/ListeningScheduledExecutorService
instanceKlass com/google/common/util/concurrent/ListeningExecutorService
instanceKlass java/util/concurrent/ScheduledExecutorService
instanceKlass com/google/common/util/concurrent/MoreExecutors
instanceKlass com/google/common/cache/LocalCache$ReferenceEntry
instanceKlass com/google/common/cache/LocalCache$LocalManualCache
instanceKlass com/google/common/cache/LocalCache$StrongValueReference
instanceKlass com/google/common/cache/LocalCache$ValueReference
instanceKlass com/google/common/cache/CacheBuilder$2
instanceKlass com/google/common/cache/CacheStats
instanceKlass com/google/common/base/Suppliers$SupplierOfInstance
instanceKlass com/google/common/base/Suppliers
instanceKlass com/google/common/cache/CacheBuilder$1
instanceKlass com/google/common/cache/AbstractCache$StatsCounter
instanceKlass com/google/common/base/Supplier
instanceKlass com/google/common/cache/LoadingCache
instanceKlass com/google/common/cache/Cache
instanceKlass com/google/common/cache/CacheBuilder
instanceKlass org/gradle/model/internal/inspect/ModelRuleSourceDetector$1
instanceKlass com/google/common/cache/CacheLoader
instanceKlass org/gradle/api/internal/initialization/DefaultScriptHandlerFactory$1
instanceKlass org/gradle/api/internal/artifacts/ModuleInternal
instanceKlass org/gradle/api/artifacts/Module
instanceKlass org/gradle/internal/service/scopes/BuildScopeServices$DependencyMetaDataProviderImpl
instanceKlass org/gradle/internal/exceptions/DiagnosticsVisitor
instanceKlass org/gradle/internal/typeconversion/ErrorHandlingNotationParser
instanceKlass org/gradle/internal/typeconversion/CompositeNotationConverter
instanceKlass org/gradle/internal/typeconversion/NotationConvertResult
instanceKlass org/gradle/internal/typeconversion/NotationConverterToNotationParserAdapter
instanceKlass org/gradle/internal/typeconversion/TypeInfo
instanceKlass org/gradle/internal/typeconversion/NotationParserBuilder
instanceKlass org/gradle/api/internal/file/FileOrUriNotationConverter
instanceKlass org/gradle/internal/typeconversion/NotationConverter
instanceKlass org/gradle/api/internal/file/FileTreeInternal
instanceKlass org/gradle/api/file/FileTree
instanceKlass org/gradle/api/resources/ReadableResource
instanceKlass org/gradle/api/resources/Resource
instanceKlass org/gradle/api/internal/file/FileCollectionInternal
instanceKlass org/gradle/api/file/FileCollection
instanceKlass org/gradle/api/Buildable
instanceKlass org/gradle/api/tasks/AntBuilderAware
instanceKlass org/gradle/internal/typeconversion/NotationParser
instanceKlass org/gradle/api/internal/file/AbstractFileResolver
instanceKlass org/apache/commons/io/filefilter/IOFileFilter
instanceKlass org/apache/commons/io/FileUtils
instanceKlass java/io/File$TempDirectory
instanceKlass org/gradle/internal/nativeintegration/filesystem/services/WindowsSymlink
instanceKlass org/gradle/internal/nativeintegration/filesystem/services/FallbackStat
instanceKlass org/gradle/internal/nativeintegration/filesystem/services/EmptyChmod
instanceKlass org/gradle/internal/nativeintegration/filesystem/services/GenericFileSystem
instanceKlass net/rubygrapefruit/platform/PosixFile
instanceKlass org/gradle/internal/nativeintegration/services/NativeServices$BrokenService
instanceKlass org/gradle/internal/nativeintegration/filesystem/services/UnavailablePosixFiles
instanceKlass net/rubygrapefruit/platform/FileSystems
instanceKlass net/rubygrapefruit/platform/Terminals
instanceKlass org/gradle/api/internal/artifacts/DefaultDependencyManagementServices
instanceKlass org/gradle/api/internal/initialization/ScriptHandlerInternal
instanceKlass org/gradle/api/initialization/dsl/ScriptHandler
instanceKlass org/gradle/api/internal/initialization/DefaultScriptHandlerFactory
instanceKlass org/gradle/groovy/scripts/ScriptRunner
instanceKlass org/gradle/groovy/scripts/internal/DefaultScriptRunnerFactory
instanceKlass org/gradle/groovy/scripts/internal/ShortCircuitEmptyScriptCompiler
instanceKlass org/gradle/groovy/scripts/internal/CachingScriptClassCompiler
instanceKlass org/gradle/groovy/scripts/ScriptCompiler
instanceKlass org/gradle/groovy/scripts/DefaultScriptCompilerFactory
instanceKlass org/gradle/groovy/scripts/ScriptSource
instanceKlass org/gradle/groovy/scripts/internal/DefaultScriptCompilationHandler$NoOpGroovyResourceLoader
instanceKlass org/gradle/groovy/scripts/internal/CompiledScript
instanceKlass groovy/lang/GroovyResourceLoader
instanceKlass org/gradle/groovy/scripts/internal/DefaultScriptCompilationHandler
instanceKlass org/gradle/internal/service/scopes/BuildScopeServices$2
instanceKlass com/google/common/io/LineBuffer
instanceKlass com/google/common/io/LineReader
instanceKlass com/google/common/io/CharSink
instanceKlass com/google/common/io/CharStreams
instanceKlass com/google/common/io/Closer$LoggingSuppressor
instanceKlass com/google/common/io/Closer$SuppressingSuppressor
instanceKlass com/google/common/io/Closer$Suppressor
instanceKlass com/google/common/io/Closer
instanceKlass org/gradle/configuration/DefaultImportsReader$1
instanceKlass com/google/common/hash/PrimitiveSink
instanceKlass com/google/common/io/CharSource
instanceKlass com/google/common/io/Resources
instanceKlass com/google/common/base/Charsets
instanceKlass org/gradle/configuration/DefaultImportsReader
instanceKlass org/gradle/cache/CacheBuilder
instanceKlass org/gradle/cache/internal/DefaultCacheRepository
instanceKlass org/gradle/cache/internal/DefaultCacheScopeMapping
instanceKlass org/gradle/cache/internal/ReferencablePersistentCache
instanceKlass org/gradle/cache/PersistentCache
instanceKlass org/gradle/cache/internal/DefaultCacheFactory
instanceKlass org/gradle/configuration/ScriptPlugin
instanceKlass org/gradle/api/Plugin
instanceKlass org/gradle/configuration/DefaultScriptPluginFactory
instanceKlass org/gradle/api/ProjectState
instanceKlass org/gradle/BuildResult
instanceKlass org/gradle/api/initialization/Settings
instanceKlass org/gradle/api/plugins/DeferredConfigurable
instanceKlass org/codehaus/groovy/runtime/metaclass/MetaClassRegistryImpl$1
instanceKlass org/codehaus/groovy/runtime/GroovyCategorySupport
instanceKlass java/util/concurrent/locks/ReentrantReadWriteLock
instanceKlass java/util/concurrent/locks/ReadWriteLock
instanceKlass org/codehaus/groovy/util/ComplexKeyHashMap$1
instanceKlass org/codehaus/groovy/reflection/CachedClass$1$1
instanceKlass java/beans/SimpleBeanInfo
instanceKlass java/beans/Transient
instanceKlass com/sun/beans/WildcardTypeImpl
instanceKlass java/lang/reflect/WildcardType
instanceKlass sun/reflect/generics/tree/Wildcard
instanceKlass sun/reflect/generics/tree/BottomSignature
instanceKlass com/sun/beans/TypeResolver
instanceKlass java/beans/MethodRef
instanceKlass com/sun/beans/util/Cache$CacheEntry
instanceKlass com/sun/beans/util/Cache
instanceKlass com/sun/beans/finder/AbstractFinder
instanceKlass com/sun/beans/finder/ClassFinder
instanceKlass com/sun/beans/finder/InstanceFinder
instanceKlass java/beans/WeakIdentityMap
instanceKlass java/beans/ThreadGroupContext
instanceKlass com/sun/beans/WeakCache
instanceKlass java/beans/Introspector
instanceKlass groovy/lang/MetaClassImpl$15
instanceKlass java/beans/BeanInfo
instanceKlass org/codehaus/groovy/reflection/CachedClass$CachedMethodComparatorWithString
instanceKlass org/codehaus/groovy/runtime/callsite/CallSiteArray
instanceKlass org/codehaus/groovy/util/AbstractConcurrentMapBase
instanceKlass java/lang/reflect/AnnotatedType
instanceKlass java/beans/FeatureDescriptor
instanceKlass org/codehaus/groovy/runtime/MetaClassHelper
instanceKlass groovy/lang/ClosureInvokingMethod
instanceKlass org/codehaus/groovy/reflection/CachedConstructor$1
instanceKlass groovy/lang/ExpandoMetaClass$Callable
instanceKlass org/codehaus/groovy/reflection/CachedClass$2$1
instanceKlass org/codehaus/groovy/runtime/metaclass/MetaMethodIndex$Header
instanceKlass org/codehaus/groovy/runtime/metaclass/MetaMethodIndex$Entry
instanceKlass org/codehaus/groovy/runtime/metaclass/MetaMethodIndex$EntryIterator
instanceKlass org/codehaus/groovy/runtime/metaclass/MetaMethodIndex
instanceKlass groovy/lang/MetaClassImpl$17
instanceKlass groovy/lang/MetaClassImpl$16
instanceKlass groovy/lang/MetaClassImpl$1
instanceKlass org/codehaus/groovy/control/CompilationUnit$ClassgenCallback
instanceKlass groovy/lang/MetaClassImpl$MethodIndexAction
instanceKlass org/codehaus/groovy/util/SingleKeyHashMap$Copier
instanceKlass org/codehaus/groovy/runtime/GeneratedClosure
instanceKlass groovy/lang/MetaClassImpl
instanceKlass groovy/lang/MutableMetaClass
instanceKlass javax/script/ScriptEngineManager
instanceKlass org/w3c/dom/UserDataHandler
instanceKlass org/w3c/dom/Document
instanceKlass org/w3c/dom/NamedNodeMap
instanceKlass org/w3c/dom/TypeInfo
instanceKlass org/w3c/dom/Attr
instanceKlass org/w3c/dom/Element
instanceKlass org/w3c/dom/Node
instanceKlass org/w3c/dom/NodeList
instanceKlass java/awt/LayoutManager
instanceKlass javax/swing/ButtonModel
instanceKlass javax/swing/Icon
instanceKlass javax/swing/AbstractButton$Handler
instanceKlass javax/swing/event/ChangeListener
instanceKlass javax/swing/event/TableModelListener
instanceKlass javax/swing/event/TableColumnModelListener
instanceKlass javax/swing/ListSelectionModel
instanceKlass javax/swing/MenuSelectionManager
instanceKlass javax/swing/InputVerifier
instanceKlass javax/swing/ArrayTable
instanceKlass javax/swing/border/Border
instanceKlass javax/swing/AncestorNotifier
instanceKlass javax/swing/ActionMap
instanceKlass javax/swing/TransferHandler$DropLocation
instanceKlass javax/swing/InputMap
instanceKlass java/beans/VetoableChangeListener
instanceKlass javax/swing/plaf/ComponentUI
instanceKlass java/awt/AWTKeyStroke
instanceKlass javax/swing/event/AncestorListener
instanceKlass javax/swing/TransferHandler
instanceKlass java/awt/event/ItemListener
instanceKlass sun/awt/RequestFocusController
instanceKlass java/awt/Toolkit
instanceKlass java/awt/im/InputMethodRequests
instanceKlass java/awt/im/InputContext
instanceKlass java/awt/dnd/DropTarget
instanceKlass java/awt/dnd/DropTargetListener
instanceKlass java/awt/Cursor
instanceKlass java/awt/image/ColorModel
instanceKlass java/awt/image/BufferStrategy
instanceKlass javax/accessibility/AccessibleStateSet
instanceKlass java/awt/ImageCapabilities
instanceKlass java/awt/image/ImageProducer
instanceKlass java/awt/BufferCapabilities
instanceKlass java/awt/event/MouseWheelListener
instanceKlass java/awt/event/MouseMotionListener
instanceKlass java/awt/event/MouseListener
instanceKlass java/awt/event/KeyListener
instanceKlass java/awt/event/InputMethodListener
instanceKlass java/awt/event/HierarchyListener
instanceKlass java/awt/event/HierarchyBoundsListener
instanceKlass java/awt/event/FocusListener
instanceKlass java/awt/event/ComponentListener
instanceKlass java/awt/GraphicsConfiguration
instanceKlass java/awt/PointerInfo
instanceKlass java/awt/ComponentOrientation
instanceKlass java/awt/peer/ComponentPeer
instanceKlass java/awt/FontMetrics
instanceKlass java/awt/Color
instanceKlass java/awt/Paint
instanceKlass java/awt/Transparency
instanceKlass java/util/EventObject
instanceKlass javax/accessibility/AccessibleContext
instanceKlass java/awt/geom/RectangularShape
instanceKlass java/awt/Shape
instanceKlass java/beans/PropertyChangeListener
instanceKlass sun/java2d/pipe/Region
instanceKlass java/awt/Insets
instanceKlass java/awt/geom/Dimension2D
instanceKlass java/awt/geom/Point2D
instanceKlass java/awt/Graphics
instanceKlass java/awt/Event
instanceKlass java/awt/Font
instanceKlass java/awt/MenuComponent
instanceKlass java/awt/Image
instanceKlass javax/swing/table/TableColumn
instanceKlass javax/swing/Action
instanceKlass javax/swing/ButtonGroup
instanceKlass javax/swing/table/AbstractTableModel
instanceKlass javax/swing/table/TableModel
instanceKlass javax/swing/table/TableColumnModel
instanceKlass javax/swing/tree/TreePath
instanceKlass javax/swing/MenuElement
instanceKlass javax/swing/tree/DefaultMutableTreeNode
instanceKlass javax/swing/AbstractListModel
instanceKlass javax/swing/MutableComboBoxModel
instanceKlass javax/swing/ComboBoxModel
instanceKlass javax/swing/SwingConstants
instanceKlass java/awt/Component
instanceKlass java/awt/MenuContainer
instanceKlass java/awt/image/ImageObserver
instanceKlass javax/swing/TransferHandler$HasGetTransferHandler
instanceKlass javax/accessibility/Accessible
instanceKlass java/awt/event/ActionListener
instanceKlass javax/swing/event/ListDataListener
instanceKlass java/awt/ItemSelectable
instanceKlass javax/swing/tree/MutableTreeNode
instanceKlass javax/swing/tree/TreeNode
instanceKlass javax/swing/ListModel
instanceKlass java/sql/SQLType
instanceKlass java/sql/Statement
instanceKlass java/sql/SQLXML
instanceKlass java/sql/RowId
instanceKlass java/sql/NClob
instanceKlass java/sql/Clob
instanceKlass java/sql/Blob
instanceKlass java/sql/Ref
instanceKlass java/sql/Array
instanceKlass groovy/sql/GroovyResultSet
instanceKlass java/sql/ResultSet
instanceKlass java/sql/ResultSetMetaData
instanceKlass java/sql/Wrapper
instanceKlass java/nio/file/CopyOption
instanceKlass java/nio/file/OpenOption
instanceKlass java/nio/file/WatchKey
instanceKlass java/nio/file/WatchEvent$Modifier
instanceKlass java/nio/file/WatchEvent$Kind
instanceKlass java/nio/file/WatchService
instanceKlass org/codehaus/groovy/runtime/metaclass/MethodHelper
instanceKlass javax/script/Bindings
instanceKlass javax/script/ScriptContext
instanceKlass javax/script/ScriptEngineFactory
instanceKlass javax/script/ScriptEngine
instanceKlass org/codehaus/groovy/jsr223/ScriptStaticExtensions
instanceKlass org/codehaus/groovy/runtime/XmlGroovyMethods
instanceKlass org/codehaus/groovy/runtime/SwingGroovyMethods
instanceKlass org/codehaus/groovy/runtime/SqlGroovyMethods
instanceKlass org/codehaus/groovy/jsr223/ScriptExtensions
instanceKlass org/codehaus/groovy/runtime/m12n/ExtensionModule
instanceKlass org/codehaus/groovy/runtime/m12n/PropertiesModuleFactory
instanceKlass org/codehaus/groovy/runtime/metaclass/MetaClassRegistryImpl$DefaultModuleListener
instanceKlass org/codehaus/groovy/runtime/m12n/ExtensionModuleScanner
instanceKlass java/time/ZoneId
instanceKlass org/codehaus/groovy/runtime/DefaultGroovyStaticMethods
instanceKlass java/lang/Deprecated
instanceKlass org/codehaus/groovy/runtime/RangeInfo
instanceKlass org/codehaus/groovy/vmplugin/v7/Java7$1
instanceKlass org/codehaus/groovy/ast/Variable
instanceKlass org/codehaus/groovy/vmplugin/v5/Java5
instanceKlass org/codehaus/groovy/vmplugin/VMPlugin
instanceKlass org/codehaus/groovy/vmplugin/VMPluginFactory
instanceKlass org/codehaus/groovy/runtime/EncodingGroovyMethods
instanceKlass org/codehaus/groovy/runtime/DefaultGroovyMethodsSupport
instanceKlass java/util/Spliterator$OfInt
instanceKlass java/util/Spliterator$OfPrimitive
instanceKlass java/time/Instant
instanceKlass java/time/temporal/TemporalAdjuster
instanceKlass java/time/temporal/Temporal
instanceKlass java/time/temporal/TemporalAccessor
instanceKlass org/codehaus/groovy/ast/ASTNode
instanceKlass groovyjarjarasm/asm/Opcodes
instanceKlass org/codehaus/groovy/reflection/CachedClass$CachedMethodComparatorByName
instanceKlass org/codehaus/groovy/reflection/CachedMethod$MyComparator
instanceKlass org/codehaus/groovy/runtime/callsite/CallSite
instanceKlass org/codehaus/groovy/runtime/memoize/MemoizeCache
instanceKlass org/codehaus/groovy/reflection/CachedClass$3$1
instanceKlass org/codehaus/groovy/reflection/stdclasses/CachedSAMClass$1
instanceKlass java/util/stream/Stream
instanceKlass java/util/stream/IntStream
instanceKlass java/util/stream/BaseStream
instanceKlass org/codehaus/groovy/transform/trait/Traits$Implemented
instanceKlass org/codehaus/groovy/util/ReferenceType$HardRef
instanceKlass org/codehaus/groovy/util/ManagedReference
instanceKlass org/codehaus/groovy/util/Finalizable
instanceKlass org/codehaus/groovy/reflection/ClassInfo$GlobalClassSet
instanceKlass org/codehaus/groovy/reflection/GroovyClassValue
instanceKlass org/codehaus/groovy/reflection/GroovyClassValueFactory
instanceKlass org/codehaus/groovy/reflection/ClassInfo$1
instanceKlass org/codehaus/groovy/reflection/CachedClass
instanceKlass org/codehaus/groovy/reflection/GroovyClassValue$ComputeValue
instanceKlass org/codehaus/groovy/reflection/ClassInfo
instanceKlass org/codehaus/groovy/util/ComplexKeyHashMap$Entry
instanceKlass org/codehaus/groovy/util/ComplexKeyHashMap$EntryIterator
instanceKlass org/codehaus/groovy/util/ComplexKeyHashMap
instanceKlass org/codehaus/groovy/reflection/ReflectionCache
instanceKlass groovy/lang/Buildable
instanceKlass java/lang/Process
instanceKlass groovy/lang/Writable
instanceKlass java/util/Timer
instanceKlass java/util/TimerTask
instanceKlass groovy/lang/MetaProperty
instanceKlass groovy/lang/ListWithDefault
instanceKlass groovy/lang/Range
instanceKlass org/codehaus/groovy/reflection/GeneratedMetaMethod$DgmMethodRecord
instanceKlass org/codehaus/groovy/runtime/m12n/ExtensionModuleRegistry
instanceKlass org/codehaus/groovy/util/Reference
instanceKlass org/codehaus/groovy/util/ReferenceManager
instanceKlass org/codehaus/groovy/util/ReferenceBundle
instanceKlass org/codehaus/groovy/util/ManagedLinkedList
instanceKlass org/codehaus/groovy/util/FastArray
instanceKlass org/codehaus/groovy/reflection/ParameterTypes
instanceKlass org/codehaus/groovy/runtime/m12n/ExtensionModuleScanner$ExtensionModuleListener
instanceKlass org/codehaus/groovy/runtime/metaclass/MetaClassRegistryImpl
instanceKlass org/codehaus/groovy/runtime/InvokerHelper
instanceKlass org/gradle/api/internal/plugins/ExtensionsStorage$ExtensionHolder
instanceKlass org/gradle/api/internal/plugins/ExtensionsStorage
instanceKlass org/gradle/api/internal/plugins/DefaultConvention$ExtensionsDynamicObject
instanceKlass org/gradle/api/internal/plugins/DefaultConvention
instanceKlass org/gradle/api/internal/plugins/ExtensionContainerInternal
instanceKlass org/gradle/api/internal/BeanDynamicObject$MetaClassAdapter
instanceKlass org/gradle/api/internal/coerce/StringToEnumTransformer
instanceKlass org/gradle/api/internal/coerce/PropertySetTransformer
instanceKlass org/gradle/api/internal/coerce/MethodArgumentsTransformer
instanceKlass org/gradle/api/internal/ConventionAwareHelper$Value
instanceKlass org/gradle/api/internal/initialization/loadercache/ClassLoaderId
instanceKlass org/gradle/api/internal/initialization/ClassLoaderScopeIdentifier
instanceKlass org/gradle/api/internal/initialization/RootClassLoaderScope
instanceKlass org/gradle/initialization/DefaultClassLoaderScopeRegistry
instanceKlass org/gradle/api/internal/initialization/loadercache/DefaultClassLoaderCache
instanceKlass org/gradle/api/internal/initialization/loadercache/ClassPathSnapshot
instanceKlass org/gradle/api/internal/initialization/loadercache/HashClassPathSnapshotter
instanceKlass org/gradle/cache/internal/NonThreadsafeInMemoryStore$CacheImpl
instanceKlass org/gradle/api/internal/changedetection/state/CachingFileSnapshotter$FileInfoSerializer
instanceKlass org/gradle/cache/PersistentIndexedCache
instanceKlass org/gradle/cache/internal/NonThreadsafeInMemoryStore
instanceKlass org/gradle/api/internal/hash/DefaultHasher
instanceKlass org/gradle/api/internal/changedetection/state/FileSnapshot
instanceKlass org/gradle/api/internal/changedetection/state/CachingFileSnapshotter
instanceKlass org/gradle/internal/concurrent/CompositeStoppable$2
instanceKlass org/gradle/language/nativeplatform/internal/incremental/DefaultCompilationStateCacheFactory
instanceKlass org/gradle/language/nativeplatform/internal/incremental/CompilationStateCacheFactory
instanceKlass org/gradle/api/internal/tasks/compile/daemon/InProcessCompilerDaemonFactory
instanceKlass org/gradle/api/internal/tasks/compile/incremental/jar/JarSnapshotCache
instanceKlass org/gradle/api/internal/tasks/compile/incremental/analyzer/ClassAnalysisCache
instanceKlass org/gradle/api/internal/tasks/compile/incremental/cache/GeneralCompileCaches
instanceKlass org/gradle/api/internal/tasks/CompileServices$BuildScopeCompileServices
instanceKlass org/gradle/internal/service/scopes/GradleScopeServices$1
instanceKlass org/gradle/api/internal/changedetection/TaskArtifactStateRepository
instanceKlass org/gradle/api/internal/changedetection/state/TaskHistoryRepository
instanceKlass org/gradle/api/internal/changedetection/state/FileSnapshotRepository
instanceKlass org/gradle/api/internal/changedetection/state/FileCollectionSnapshotter
instanceKlass org/gradle/api/internal/tasks/TaskExecuter
instanceKlass org/gradle/api/internal/changedetection/state/TaskArtifactStateCacheAccess
instanceKlass org/gradle/api/internal/changedetection/state/NoOpDecorator
instanceKlass org/gradle/internal/operations/BuildOperationProcessor
instanceKlass org/gradle/internal/service/scopes/TaskExecutionServices
instanceKlass org/gradle/api/internal/tasks/options/OptionReader
instanceKlass org/gradle/execution/taskgraph/TaskPlanExecutor
instanceKlass org/gradle/execution/TaskSelector
instanceKlass org/gradle/execution/commandline/CommandLineTaskParser
instanceKlass org/gradle/execution/BuildExecuter
instanceKlass org/gradle/execution/BuildConfigurationActionExecuter
instanceKlass org/gradle/util/CollectionUtils
instanceKlass org/gradle/api/internal/AsmBackedClassGenerator$ClassBuilderImpl$12
instanceKlass org/gradle/api/internal/ClosureBackedAction
instanceKlass org/gradle/model/internal/asm/AsmClassGeneratorUtils
instanceKlass org/gradle/api/internal/ConventionMapping$MappedProperty
instanceKlass org/gradle/api/internal/ConventionAwareHelper
instanceKlass org/gradle/api/internal/AsmBackedClassGenerator$ClassBuilderImpl$5
instanceKlass org/gradle/api/internal/AsmBackedClassGenerator$ClassBuilderImpl$4
instanceKlass org/gradle/api/internal/AsmBackedClassGenerator$ClassBuilderImpl$11
instanceKlass org/gradle/api/internal/AsmBackedClassGenerator$ClassBuilderImpl$10
instanceKlass org/gradle/api/internal/AsmBackedClassGenerator$ClassBuilderImpl$9
instanceKlass org/gradle/api/internal/AsmBackedClassGenerator$ClassBuilderImpl$8
instanceKlass groovy/lang/MetaClassRegistryChangeEventListener
instanceKlass java/util/EventListener
instanceKlass groovy/lang/MetaClassRegistry$MetaClassCreationHandle
instanceKlass groovy/lang/MetaClassRegistry
instanceKlass groovy/lang/GroovySystem
instanceKlass org/gradle/api/internal/AsmBackedClassGenerator$ClassBuilderImpl$7
instanceKlass org/gradle/api/internal/AsmBackedClassGenerator$ClassBuilderImpl$6
instanceKlass groovy/lang/MetaClass
instanceKlass groovy/lang/MetaObjectProtocol
instanceKlass org/objectweb/asm/Edge
instanceKlass org/gradle/api/internal/AsmBackedClassGenerator$ClassBuilderImpl$3
instanceKlass org/gradle/api/internal/AsmBackedClassGenerator$ClassBuilderImpl$2
instanceKlass org/gradle/api/plugins/ExtraPropertiesExtension
instanceKlass org/objectweb/asm/Frame
instanceKlass org/objectweb/asm/Label
instanceKlass org/gradle/api/internal/AsmBackedClassGenerator$ClassBuilderImpl$1
instanceKlass org/objectweb/asm/Item
instanceKlass org/objectweb/asm/ByteVector
instanceKlass org/objectweb/asm/FieldVisitor
instanceKlass org/objectweb/asm/MethodVisitor
instanceKlass org/objectweb/asm/AnnotationVisitor
instanceKlass org/objectweb/asm/ClassVisitor
instanceKlass org/gradle/api/internal/AbstractDynamicObject
instanceKlass org/gradle/api/plugins/Convention
instanceKlass org/gradle/api/plugins/ExtensionContainer
instanceKlass org/gradle/api/internal/ConventionMapping
instanceKlass org/gradle/api/internal/DynamicObject
instanceKlass org/gradle/api/internal/HasConvention
instanceKlass org/gradle/api/internal/DynamicObjectAware
instanceKlass org/objectweb/asm/Type
instanceKlass org/gradle/api/internal/IConventionAware
instanceKlass org/gradle/api/internal/AsmBackedClassGenerator$MethodCodeBody
instanceKlass org/gradle/api/internal/AsmBackedClassGenerator$ClassBuilderImpl
instanceKlass com/google/common/collect/LinkedHashMultimap$ValueSet$1
instanceKlass com/google/common/collect/AbstractMapBasedMultimap$WrappedCollection$WrappedIterator
instanceKlass org/gradle/api/internal/AbstractClassGenerator$PropertyMetaData
instanceKlass javax/inject/Inject
instanceKlass org/gradle/api/plugins/PluginContainer
instanceKlass org/gradle/api/plugins/PluginCollection
instanceKlass org/gradle/api/DomainObjectSet
instanceKlass org/gradle/api/DomainObjectCollection
instanceKlass org/gradle/internal/reflect/MutablePropertyDetails
instanceKlass org/gradle/internal/reflect/MethodSignature
instanceKlass org/gradle/api/internal/plugins/DefaultObjectConfigurationAction
instanceKlass org/gradle/api/plugins/ObjectConfigurationAction
instanceKlass org/gradle/api/internal/initialization/ClassLoaderScope
instanceKlass org/gradle/api/internal/plugins/PluginManagerInternal
instanceKlass org/gradle/execution/TaskGraphExecuter
instanceKlass groovy/lang/GroovyObjectSupport
instanceKlass groovy/lang/GroovyObject
instanceKlass groovy/lang/GroovyCallable
instanceKlass org/gradle/listener/ActionBroadcast
instanceKlass org/gradle/api/execution/TaskExecutionGraph
instanceKlass org/gradle/api/plugins/PluginManager
instanceKlass org/gradle/internal/reflect/MethodSet
instanceKlass org/gradle/internal/reflect/PropertyDetails
instanceKlass org/gradle/internal/reflect/MutableClassDetails
instanceKlass org/gradle/internal/reflect/ClassDetails
instanceKlass org/gradle/internal/reflect/ClassInspector
instanceKlass com/google/common/collect/AbstractMapEntry
instanceKlass com/google/common/collect/LinkedHashMultimap$ValueSetLink
instanceKlass com/google/common/collect/CollectPreconditions
instanceKlass com/google/common/collect/AbstractMultimap
instanceKlass com/google/common/collect/SetMultimap
instanceKlass com/google/common/collect/Multimap
instanceKlass org/gradle/api/internal/AbstractClassGenerator$ClassMetaData
instanceKlass java/lang/annotation/Target
instanceKlass sun/reflect/annotation/AnnotationInvocationHandler
instanceKlass sun/reflect/annotation/AnnotationParser$1
instanceKlass sun/reflect/annotation/ExceptionProxy
instanceKlass java/lang/annotation/Documented
instanceKlass java/lang/annotation/Retention
instanceKlass sun/reflect/annotation/AnnotationType$1
instanceKlass java/lang/reflect/GenericArrayType
instanceKlass org/gradle/api/Incubating
instanceKlass java/lang/annotation/Inherited
instanceKlass org/gradle/api/NonExtensible
instanceKlass sun/reflect/annotation/AnnotationParser
instanceKlass org/gradle/api/internal/NoConventionMapping
instanceKlass org/apache/commons/collections/map/AbstractHashedMap$HashEntry
instanceKlass org/apache/commons/collections/KeyValue
instanceKlass org/apache/commons/collections/MapIterator
instanceKlass org/apache/commons/collections/IterableMap
instanceKlass org/gradle/api/internal/ThreadGlobalInstantiator
instanceKlass org/gradle/internal/service/scopes/BuildScopeServiceRegistryFactory
instanceKlass org/gradle/api/internal/project/AbstractPluginAware
instanceKlass org/gradle/api/internal/GradleInternal
instanceKlass org/gradle/api/internal/ClassGeneratorBackedInstantiator
instanceKlass org/gradle/api/internal/AbstractClassGenerator$ClassBuilder
instanceKlass org/gradle/api/internal/AbstractClassGenerator
instanceKlass org/gradle/internal/featurelifecycle/ScriptUsageLocationReporter
instanceKlass org/gradle/groovy/scripts/ScriptExecutionListener
instanceKlass org/gradle/profile/BuildProfile
instanceKlass org/gradle/profile/ProfileListener
instanceKlass org/gradle/BuildLogger
instanceKlass org/gradle/TaskExecutionLogger
instanceKlass org/gradle/internal/event/DefaultListenerManager$EventBroadcast
instanceKlass org/gradle/process/internal/ExecActionFactory
instanceKlass org/gradle/nativeplatform/toolchain/internal/gcc/version/CompilerMetaDataProvider
instanceKlass org/gradle/nativeplatform/toolchain/internal/gcc/version/CompilerMetaDataProviderFactory
instanceKlass org/gradle/nativeplatform/toolchain/internal/msvcpp/DefaultWindowsSdkLocator$SdkFound
instanceKlass org/gradle/nativeplatform/toolchain/internal/msvcpp/DefaultWindowsSdkLocator$SdkNotFound
instanceKlass org/gradle/nativeplatform/toolchain/internal/msvcpp/WindowsSdkLocator$SearchResult
instanceKlass org/gradle/nativeplatform/toolchain/internal/msvcpp/DefaultWindowsSdkLocator
instanceKlass org/gradle/nativeplatform/toolchain/internal/msvcpp/WindowsSdkLocator
instanceKlass org/gradle/nativeplatform/toolchain/internal/msvcpp/DefaultVisualStudioLocator$InstallFound
instanceKlass org/gradle/nativeplatform/toolchain/internal/msvcpp/DefaultVisualStudioLocator$InstallNotFound
instanceKlass org/gradle/nativeplatform/toolchain/internal/msvcpp/VisualStudioLocator$SearchResult
instanceKlass org/gradle/platform/base/internal/toolchain/ToolSearchResult
instanceKlass org/gradle/nativeplatform/toolchain/internal/msvcpp/DefaultVisualStudioLocator
instanceKlass org/gradle/nativeplatform/toolchain/internal/msvcpp/VisualStudioLocator
instanceKlass org/gradle/language/java/artifact/JavadocArtifact
instanceKlass org/gradle/language/java/internal/JavaLanguagePluginServiceRegistry$ComponentRegistrationAction
instanceKlass org/gradle/language/base/artifact/SourcesArtifact
instanceKlass org/gradle/jvm/JvmLibrary
instanceKlass org/gradle/platform/base/Library
instanceKlass org/gradle/language/jvm/internal/JvmPluginServiceRegistry$ComponentRegistrationAction
instanceKlass org/gradle/jvm/internal/services/PlatformJvmServices$LocalLibraryDependencyResolverFactory
instanceKlass org/gradle/jvm/internal/services/PlatformJvmServices$BuildScopeServices
instanceKlass org/gradle/language/base/internal/resolve/DependentSourceSetLocalComponentConverter
instanceKlass org/gradle/api/internal/resolve/ProjectModelResolver
instanceKlass org/gradle/platform/base/internal/registry/ComponentModelBaseServiceRegistry$BuildScopeServices
instanceKlass org/gradle/ivy/IvyDescriptorArtifact
instanceKlass org/gradle/ivy/IvyModule
instanceKlass org/gradle/api/publish/ivy/internal/IvyPublishServices$ComponentRegistrationAction
instanceKlass org/gradle/api/artifacts/ModuleVersionIdentifier
instanceKlass org/gradle/api/publish/internal/ProjectDependencyPublicationResolver
instanceKlass org/gradle/maven/MavenPomArtifact
instanceKlass org/gradle/api/component/Artifact
instanceKlass org/gradle/api/internal/component/DefaultComponentTypeRegistry$DefaultComponentTypeRegistration
instanceKlass org/gradle/maven/MavenModule
instanceKlass org/gradle/api/component/Component
instanceKlass org/gradle/api/internal/component/ComponentTypeRegistration
instanceKlass org/gradle/api/internal/component/DefaultComponentTypeRegistry
instanceKlass org/gradle/api/publication/maven/internal/MavenFactory
instanceKlass org/gradle/api/publication/maven/internal/VersionRangeMapper
instanceKlass org/gradle/api/publish/maven/internal/MavenPublishServices$ComponentRegistrationAction
instanceKlass org/gradle/authentication/http/DigestAuthentication
instanceKlass org/gradle/internal/authentication/AbstractAuthentication
instanceKlass org/gradle/internal/authentication/AuthenticationInternal
instanceKlass org/gradle/authentication/http/BasicAuthentication
instanceKlass org/gradle/authentication/Authentication
instanceKlass org/gradle/internal/authentication/DefaultAuthenticationSchemeRegistry
instanceKlass org/gradle/internal/resource/transport/http/HttpResourcesPluginServiceRegistry$AuthenticationSchemeAction
instanceKlass org/gradle/plugin/use/internal/PluginResolverFactory
instanceKlass org/gradle/plugin/use/resolve/service/internal/InjectedClasspathPluginResolver
instanceKlass org/gradle/plugin/use/resolve/service/internal/PluginResolutionServiceResolver
instanceKlass org/gradle/plugin/use/resolve/internal/PluginResolver
instanceKlass org/gradle/plugin/use/resolve/service/internal/HttpPluginResolutionServiceClient
instanceKlass org/gradle/plugin/use/resolve/service/internal/OfflinePluginResolutionServiceClient
instanceKlass org/gradle/plugin/use/resolve/service/internal/PluginResolutionServiceClient
instanceKlass org/gradle/internal/resource/transport/http/HttpSettings
instanceKlass org/gradle/api/internal/artifacts/dsl/dependencies/ProjectFinder
instanceKlass org/gradle/plugin/use/internal/PluginRequestApplicator
instanceKlass org/gradle/plugin/use/internal/PluginUsePluginServiceRegistry$BuildScopeServices
instanceKlass org/gradle/internal/component/external/model/ModuleComponentArtifactMetaData
instanceKlass org/gradle/internal/component/model/ComponentArtifactMetaData
instanceKlass org/gradle/api/internal/artifacts/ivyservice/ivyresolve/ResolveIvyFactory
instanceKlass org/gradle/api/internal/artifacts/repositories/transport/RepositoryTransportFactory
instanceKlass org/gradle/api/internal/artifacts/ivyservice/ivyresolve/strategy/ResolverStrategy
instanceKlass org/gradle/internal/resource/local/LocallyAvailableResourceFinder
instanceKlass org/gradle/api/internal/artifacts/ivyservice/ivyresolve/memcache/InMemoryCachedRepositoryFactory
instanceKlass org/gradle/internal/resource/cached/ivy/AbstractCachedIndex
instanceKlass org/gradle/util/BuildCommencedTimeProvider
instanceKlass org/gradle/internal/resource/local/GroupedAndNamedUniqueFileStore
instanceKlass org/gradle/api/internal/artifacts/ivyservice/resolveengine/store/ResolutionResultsStoreFactory
instanceKlass org/gradle/api/internal/artifacts/ivyservice/projectmodule/ProjectDependencyResolver
instanceKlass org/gradle/internal/resolve/resolver/ArtifactResolver
instanceKlass org/gradle/internal/resolve/resolver/DependencyToComponentIdResolver
instanceKlass org/gradle/internal/resolve/resolver/ComponentMetaDataResolver
instanceKlass org/gradle/api/internal/artifacts/ivyservice/ivyresolve/ResolverProviderFactory
instanceKlass org/gradle/api/internal/artifacts/mvnsettings/LocalMavenRepositoryLocator
instanceKlass org/gradle/internal/resource/local/PathKeyFileStore
instanceKlass org/gradle/internal/resource/local/FileStore
instanceKlass org/gradle/api/internal/artifacts/DependencyManagementServices
instanceKlass org/gradle/internal/resource/local/FileStoreSearcher
instanceKlass org/gradle/api/internal/artifacts/dsl/dependencies/DependencyFactory
instanceKlass org/gradle/api/internal/artifacts/ivyservice/CacheLockingManager
instanceKlass org/gradle/api/internal/artifacts/ivyservice/ArtifactCacheMetaData
instanceKlass org/gradle/api/internal/artifacts/ivyservice/dynamicversions/ModuleVersionsCache
instanceKlass org/gradle/api/internal/artifacts/ivyservice/modulecache/ModuleArtifactsCache
instanceKlass org/gradle/api/internal/artifacts/ivyservice/modulecache/ModuleMetaDataCache
instanceKlass org/gradle/api/internal/artifacts/mvnsettings/MavenSettingsProvider
instanceKlass org/gradle/api/internal/artifacts/mvnsettings/MavenFileLocations
instanceKlass org/gradle/api/internal/artifacts/ivyservice/ivyresolve/strategy/VersionSelectorScheme
instanceKlass org/gradle/api/internal/artifacts/ivyservice/ivyresolve/strategy/VersionComparator
instanceKlass org/gradle/internal/resource/cached/CachedExternalResourceIndex
instanceKlass org/gradle/internal/resource/cached/CachedArtifactIndex
instanceKlass org/gradle/api/internal/artifacts/ArtifactDependencyResolver
instanceKlass org/gradle/api/internal/artifacts/ivyservice/projectmodule/ProjectPublicationRegistry
instanceKlass org/gradle/api/internal/artifacts/ivyservice/projectmodule/ProjectComponentRegistry
instanceKlass org/gradle/api/internal/artifacts/DependencyManagementBuildScopeServices
instanceKlass org/gradle/tooling/internal/provider/PayloadSerializer
instanceKlass org/gradle/tooling/internal/provider/PayloadClassLoaderFactory
instanceKlass org/gradle/tooling/internal/provider/PayloadClassLoaderRegistry
instanceKlass org/gradle/tooling/internal/provider/LauncherServices$ToolingBuildScopeServices
instanceKlass org/gradle/internal/service/scopes/BuildScopeServices$1
instanceKlass org/gradle/api/internal/project/ProjectInternal
instanceKlass org/gradle/api/internal/plugins/PluginAwareInternal
instanceKlass org/gradle/model/internal/registry/ModelRegistryScope
instanceKlass org/gradle/api/internal/DomainObjectContext
instanceKlass org/gradle/api/internal/ProcessOperations
instanceKlass org/gradle/api/internal/file/FileOperations
instanceKlass org/gradle/api/internal/project/ProjectIdentifier
instanceKlass org/gradle/api/internal/plugins/PluginInspector
instanceKlass org/gradle/profile/ProfileEventAdapter
instanceKlass org/gradle/initialization/BuildCompletionListener
instanceKlass org/gradle/initialization/InitScriptHandler
instanceKlass org/gradle/groovy/scripts/internal/FileCacheBackedScriptClassCompiler
instanceKlass org/gradle/configuration/ScriptPluginFactory
instanceKlass org/gradle/groovy/scripts/internal/ScriptCompilationHandler
instanceKlass org/gradle/cache/CacheValidator
instanceKlass org/gradle/internal/operations/logging/BuildOperationLoggerFactory
instanceKlass org/gradle/internal/authentication/AuthenticationSchemeRegistry
instanceKlass org/gradle/api/internal/project/ProjectRegistry
instanceKlass org/gradle/api/internal/project/IProjectFactory
instanceKlass org/gradle/internal/progress/BuildOperationExecutor
instanceKlass org/gradle/api/internal/project/IsolatedAntBuilder
instanceKlass org/gradle/messaging/actor/ActorFactory
instanceKlass org/gradle/initialization/IGradlePropertiesLoader
instanceKlass org/gradle/initialization/BuildLoader
instanceKlass org/gradle/configuration/project/ProjectEvaluator
instanceKlass org/gradle/api/internal/project/taskfactory/ITaskFactory
instanceKlass org/gradle/model/internal/core/NamedEntityInstantiator
instanceKlass org/gradle/groovy/scripts/ScriptCompilerFactory
instanceKlass org/gradle/groovy/scripts/internal/ScriptRunnerFactory
instanceKlass org/gradle/groovy/scripts/internal/ScriptClassCompiler
instanceKlass org/gradle/initialization/SettingsLoader
instanceKlass org/gradle/initialization/ISettingsFinder
instanceKlass org/gradle/configuration/InitScriptProcessor
instanceKlass org/gradle/initialization/SettingsProcessor
instanceKlass org/gradle/initialization/StackTraceSanitizingExceptionAnalyser
instanceKlass org/gradle/initialization/MultipleBuildFailuresExceptionAnalyser
instanceKlass org/gradle/api/internal/ExceptionAnalyser
instanceKlass org/gradle/api/internal/initialization/ScriptHandlerFactory
instanceKlass org/gradle/execution/ProjectConfigurer
instanceKlass org/gradle/configuration/BuildConfigurer
instanceKlass org/gradle/initialization/ProjectAccessListener
instanceKlass org/gradle/api/internal/plugins/PluginRegistry
instanceKlass org/gradle/internal/service/scopes/ServiceRegistryFactory
instanceKlass org/gradle/initialization/ClassLoaderScopeRegistry
instanceKlass org/gradle/api/internal/project/ProjectTaskLister
instanceKlass org/gradle/api/internal/artifacts/configurations/DependencyMetaDataProvider
instanceKlass org/gradle/api/internal/component/ComponentTypeRegistry
instanceKlass org/gradle/plugin/use/internal/InjectedPluginClasspath
instanceKlass javax/tools/JavaCompiler
instanceKlass javax/tools/OptionChecker
instanceKlass javax/tools/Tool
instanceKlass org/gradle/api/internal/tasks/compile/daemon/CompilerDaemonManager
instanceKlass org/gradle/api/internal/tasks/compile/daemon/CompilerDaemonFactory
instanceKlass org/gradle/language/java/internal/JavaToolChainServiceRegistry$BuildSessionScopeCompileServices
instanceKlass org/gradle/internal/service/scopes/BuildSessionScopeServices$1
instanceKlass org/gradle/process/internal/WorkerProcessBuilder
instanceKlass org/gradle/process/internal/child/WorkerProcessClassPathProvider
instanceKlass org/gradle/cache/CacheRepository
instanceKlass org/gradle/cache/internal/CacheScopeMapping
instanceKlass org/gradle/deployment/internal/DeploymentRegistry
instanceKlass org/gradle/initialization/DefaultBuildRequestContext$NoOpListener
instanceKlass org/gradle/launcher/daemon/server/exec/ExecuteBuild$DaemonConnectionBackedEventConsumer
instanceKlass org/gradle/initialization/DefaultBuildRequestMetaData
instanceKlass org/gradle/initialization/DefaultBuildRequestContext
instanceKlass org/gradle/launcher/daemon/server/exec/WatchForDisconnection$1
instanceKlass org/gradle/internal/featurelifecycle/LoggingDeprecatedFeatureHandler$1
instanceKlass org/gradle/internal/featurelifecycle/LoggingDeprecatedFeatureHandler
instanceKlass org/gradle/internal/featurelifecycle/DeprecatedFeatureHandler
instanceKlass org/gradle/util/SingleMessageLogger
instanceKlass org/gradle/launcher/daemon/server/exec/ForwardClientInput$2
instanceKlass org/gradle/util/StdinSwapper$2
instanceKlass org/gradle/util/StdinSwapper$1
instanceKlass org/gradle/util/Swapper
instanceKlass org/gradle/launcher/daemon/server/exec/ForwardClientInput$1
instanceKlass sun/misc/FormattedFloatingDecimal$2
instanceKlass sun/misc/FormattedFloatingDecimal
instanceKlass org/gradle/internal/util/NumberUtil
instanceKlass com/google/common/base/Joiner$MapJoiner
instanceKlass com/google/common/collect/SortedMapDifference
instanceKlass com/google/common/collect/MapDifference
instanceKlass com/google/common/collect/ImmutableMap
instanceKlass com/google/common/base/Converter
instanceKlass com/google/common/collect/BiMap
instanceKlass com/google/common/collect/Maps$EntryTransformer
instanceKlass com/google/common/collect/Maps
instanceKlass org/gradle/launcher/daemon/configuration/GradleProperties
instanceKlass org/gradle/launcher/daemon/server/exec/LogToClient$1
instanceKlass net/rubygrapefruit/platform/internal/FunctionResult
instanceKlass com/google/common/collect/AbstractIterator$1
instanceKlass com/google/common/collect/Iterators$2
instanceKlass com/google/common/collect/PeekingIterator
instanceKlass com/google/common/collect/Iterators
instanceKlass com/google/common/collect/Multiset
instanceKlass com/google/common/collect/Collections2
instanceKlass com/google/common/base/Predicates$NotPredicate
instanceKlass com/google/common/base/Predicates$InPredicate
instanceKlass com/google/common/base/Predicates
instanceKlass java/util/SortedSet
instanceKlass com/google/common/collect/Sets
instanceKlass java/util/Collections$UnmodifiableMap$UnmodifiableEntrySet$UnmodifiableEntry
instanceKlass java/util/Collections$UnmodifiableMap$UnmodifiableEntrySet$1
instanceKlass org/gradle/launcher/daemon/server/DaemonStateCoordinator$1
instanceKlass org/gradle/launcher/daemon/registry/PersistentDaemonRegistry$2
instanceKlass org/gradle/launcher/daemon/server/DefaultDaemonConnection$CommandQueue$1
instanceKlass org/gradle/launcher/daemon/server/exec/HandleCancel$1
instanceKlass org/gradle/initialization/BuildRequestContext
instanceKlass org/gradle/launcher/daemon/server/exec/WatchForDisconnection
instanceKlass org/gradle/launcher/daemon/server/exec/ResetDeprecationLogger
instanceKlass org/gradle/launcher/daemon/server/exec/RequestStopIfSingleUsedDaemon
instanceKlass java/util/concurrent/Callable
instanceKlass org/gradle/launcher/daemon/server/api/StdinHandler
instanceKlass org/gradle/launcher/daemon/server/exec/ForwardClientInput
instanceKlass org/gradle/launcher/daemon/server/exec/StartBuildOrRespondWithBusy$1
instanceKlass org/gradle/launcher/daemon/server/exec/BuildCommandOnly
instanceKlass org/gradle/launcher/daemon/server/exec/ReturnResult
instanceKlass org/gradle/launcher/daemon/server/exec/HandleCancel
instanceKlass org/gradle/launcher/daemon/server/api/HandleStop
instanceKlass org/gradle/launcher/daemon/diagnostics/DaemonDiagnostics
instanceKlass org/gradle/launcher/daemon/server/api/DaemonCommandExecution
instanceKlass org/gradle/launcher/exec/DefaultBuildActionParameters
instanceKlass org/gradle/configuration/GradleLauncherMetaData
instanceKlass java/lang/Class$4
instanceKlass org/gradle/initialization/BuildLayoutParameters
instanceKlass java/net/Proxy
instanceKlass org/gradle/tooling/internal/provider/ClassLoaderDetails
instanceKlass org/gradle/tooling/internal/provider/SerializedPayload
instanceKlass org/gradle/tooling/internal/provider/BuildClientSubscriptions
instanceKlass org/gradle/tooling/internal/provider/SubscribableBuildAction
instanceKlass org/gradle/internal/id/CompositeIdGenerator$CompositeId
instanceKlass org/gradle/launcher/exec/BuildActionParameters
instanceKlass org/gradle/internal/invocation/BuildAction
instanceKlass java/nio/channels/spi/AbstractSelector$1
instanceKlass org/gradle/launcher/daemon/server/DefaultDaemonConnection$1
instanceKlass java/util/concurrent/LinkedBlockingQueue$Node
instanceKlass org/gradle/launcher/daemon/server/DefaultDaemonConnection$ReceiveQueue
instanceKlass org/gradle/launcher/daemon/server/DefaultDaemonConnection$DisconnectQueue
instanceKlass org/gradle/launcher/daemon/server/DefaultDaemonConnection$CommandQueue
instanceKlass org/gradle/launcher/daemon/server/DefaultDaemonConnection
instanceKlass org/gradle/launcher/daemon/server/api/DaemonConnection
instanceKlass org/gradle/launcher/daemon/server/DefaultIncomingConnectionHandler$ConnectionWorker
instanceKlass org/gradle/messaging/remote/internal/KryoBackedMessageSerializer$1
instanceKlass org/gradle/internal/serialize/Serializers$StatefulSerializerAdapter$2
instanceKlass org/gradle/internal/serialize/Serializers$StatefulSerializerAdapter$1
instanceKlass sun/nio/ch/WindowsSelectorImpl$MapEntry
instanceKlass sun/nio/ch/OptionKey
instanceKlass sun/nio/ch/SocketOptionRegistry$LazyInitialization
instanceKlass sun/nio/ch/SocketOptionRegistry$RegistryKey
instanceKlass sun/nio/ch/SocketOptionRegistry
instanceKlass jdk/net/SocketFlow
instanceKlass java/lang/invoke/LambdaForm$MH
instanceKlass java/lang/invoke/LambdaForm$MH
instanceKlass java/lang/invoke/InnerClassLambdaMetafactory$1
instanceKlass sun/net/ExtendedOptionsImpl$$Lambda$1
instanceKlass java/lang/invoke/InfoFromMemberName
instanceKlass java/lang/invoke/MethodHandleInfo
instanceKlass sun/security/util/SecurityConstants
instanceKlass java/security/AccessController$1
instanceKlass java/lang/invoke/AbstractValidatingLambdaMetafactory
instanceKlass java/lang/invoke/LambdaForm$BMH
instanceKlass java/lang/invoke/LambdaForm$BMH
instanceKlass java/lang/invoke/LambdaForm$BMH
instanceKlass java/lang/invoke/LambdaForm$BMH
instanceKlass jdk/internal/org/objectweb/asm/FieldVisitor
instanceKlass java/lang/invoke/LambdaForm$BMH
instanceKlass java/lang/invoke/LambdaForm$MH
instanceKlass java/lang/invoke/LambdaForm$BMH
instanceKlass java/lang/invoke/LambdaForm$MH
instanceKlass java/lang/invoke/LambdaForm$DMH
instanceKlass java/lang/invoke/LambdaForm$DMH
instanceKlass java/lang/invoke/LambdaForm$BMH
instanceKlass java/lang/invoke/LambdaForm$BMH
instanceKlass java/lang/invoke/LambdaForm$MH
instanceKlass java/lang/invoke/LambdaFormBuffer
instanceKlass java/lang/invoke/LambdaFormEditor
instanceKlass java/lang/invoke/LambdaForm$BMH
instanceKlass java/lang/invoke/LambdaForm$DMH
instanceKlass java/lang/invoke/LambdaForm$DMH
instanceKlass java/lang/invoke/LambdaForm$DMH
instanceKlass java/lang/invoke/LambdaForm$DMH
instanceKlass java/lang/invoke/LambdaForm$MH
instanceKlass java/lang/invoke/LambdaForm$DMH
instanceKlass java/lang/invoke/LambdaForm$DMH
instanceKlass java/lang/invoke/LambdaForm$MH
instanceKlass java/lang/invoke/LambdaForm$DMH
instanceKlass java/lang/invoke/LambdaForm$DMH
instanceKlass java/lang/invoke/LambdaForm$MH
instanceKlass java/lang/invoke/LambdaForm$DMH
instanceKlass java/lang/invoke/LambdaForm$DMH
instanceKlass java/lang/invoke/LambdaForm$MH
instanceKlass java/lang/invoke/LambdaForm$DMH
instanceKlass java/lang/invoke/LambdaForm$DMH
instanceKlass java/lang/invoke/LambdaForm$MH
instanceKlass java/lang/invoke/LambdaForm$DMH
instanceKlass java/lang/invoke/LambdaForm$MH
instanceKlass java/lang/invoke/LambdaForm$DMH
instanceKlass java/lang/invoke/LambdaForm$DMH
instanceKlass java/lang/invoke/LambdaForm$MH
instanceKlass java/lang/invoke/LambdaForm$DMH
instanceKlass java/lang/invoke/LambdaForm$DMH
instanceKlass java/lang/invoke/LambdaForm$MH
instanceKlass java/lang/invoke/LambdaForm$DMH
instanceKlass java/lang/invoke/LambdaForm$MH
instanceKlass java/lang/invoke/LambdaForm$DMH
instanceKlass java/lang/invoke/LambdaForm$MH
instanceKlass java/lang/invoke/LambdaForm$DMH
instanceKlass java/lang/invoke/MethodHandleImpl$Lazy
instanceKlass java/lang/invoke/LambdaForm$BMH
instanceKlass java/lang/invoke/LambdaForm$MH
instanceKlass java/lang/invoke/LambdaForm$DMH
instanceKlass java/lang/invoke/LambdaForm$DMH
instanceKlass java/lang/invoke/LambdaForm$DMH
instanceKlass java/lang/invoke/LambdaForm$DMH
instanceKlass java/lang/invoke/LambdaForm$DMH
instanceKlass java/lang/invoke/LambdaForm$DMH
instanceKlass java/util/SubList$1
instanceKlass java/lang/invoke/LambdaForm$MH
instanceKlass java/lang/invoke/LambdaForm$MH
instanceKlass java/lang/invoke/LambdaForm$MH
instanceKlass java/lang/invoke/LambdaForm$MH
instanceKlass java/lang/invoke/LambdaForm$MH
instanceKlass java/lang/invoke/LambdaForm$MH
instanceKlass java/lang/invoke/LambdaForm$MH
instanceKlass java/lang/invoke/LambdaForm$MH
instanceKlass java/lang/invoke/LambdaForm$MH
instanceKlass java/lang/invoke/LambdaForm$MH
instanceKlass java/lang/invoke/LambdaForm$MH
instanceKlass java/lang/invoke/LambdaForm$MH
instanceKlass java/lang/invoke/InvokerBytecodeGenerator$CpPatch
instanceKlass java/lang/invoke/LambdaForm$DMH
instanceKlass java/lang/invoke/LambdaForm$DMH
instanceKlass java/lang/invoke/LambdaForm$DMH
instanceKlass java/lang/invoke/LambdaForm$DMH
instanceKlass java/lang/invoke/LambdaForm$DMH
instanceKlass sun/invoke/empty/Empty
instanceKlass sun/invoke/util/VerifyType
instanceKlass java/lang/invoke/InvokerBytecodeGenerator$2
instanceKlass jdk/internal/org/objectweb/asm/AnnotationVisitor
instanceKlass jdk/internal/org/objectweb/asm/Frame
instanceKlass jdk/internal/org/objectweb/asm/Label
instanceKlass jdk/internal/org/objectweb/asm/Type
instanceKlass jdk/internal/org/objectweb/asm/MethodVisitor
instanceKlass jdk/internal/org/objectweb/asm/Item
instanceKlass jdk/internal/org/objectweb/asm/ByteVector
instanceKlass jdk/internal/org/objectweb/asm/ClassVisitor
instanceKlass java/lang/invoke/InvokerBytecodeGenerator
instanceKlass java/lang/invoke/DirectMethodHandle$Lazy
instanceKlass sun/invoke/util/BytecodeDescriptor
instanceKlass java/lang/invoke/BoundMethodHandle$Factory
instanceKlass java/lang/invoke/BoundMethodHandle$SpeciesData
instanceKlass java/lang/invoke/LambdaForm$NamedFunction
instanceKlass java/lang/invoke/LambdaForm$Name
instanceKlass sun/invoke/util/ValueConversions
instanceKlass sun/invoke/util/VerifyAccess
instanceKlass java/lang/Character$CharacterCache
instanceKlass java/lang/Short$ShortCache
instanceKlass java/lang/Byte$ByteCache
instanceKlass sun/invoke/util/Wrapper$Format
instanceKlass java/lang/invoke/MethodHandles
instanceKlass java/lang/invoke/Invokers
instanceKlass java/lang/invoke/MethodTypeForm
instanceKlass java/lang/invoke/MethodType$ConcurrentWeakInternSet
instanceKlass java/lang/invoke/MethodHandles$Lookup
instanceKlass java/lang/invoke/LambdaMetafactory
instanceKlass sun/net/ExtendedOptionsImpl
instanceKlass sun/nio/ch/ExtendedSocketOption$1
instanceKlass sun/nio/ch/ExtendedSocketOption
instanceKlass sun/nio/ch/SocketChannelImpl$DefaultOptionsHolder
instanceKlass java/net/StandardSocketOptions$StdSocketOption
instanceKlass java/net/SocketOption
instanceKlass java/net/StandardSocketOptions
instanceKlass sun/nio/ch/IOStatus
instanceKlass java/nio/DirectByteBuffer$Deallocator
instanceKlass sun/nio/ch/Util$BufferCache
instanceKlass sun/nio/ch/PipeImpl$Initializer$LoopbackConnector
instanceKlass sun/nio/ch/PipeImpl$Initializer
instanceKlass java/nio/channels/Pipe
instanceKlass sun/nio/ch/NativeObject
instanceKlass sun/nio/ch/PollArrayWrapper
instanceKlass sun/nio/ch/WindowsSelectorImpl$FinishLock
instanceKlass sun/nio/ch/WindowsSelectorImpl$StartLock
instanceKlass sun/nio/ch/WindowsSelectorImpl$SubSelector
instanceKlass java/nio/channels/SelectionKey
instanceKlass sun/nio/ch/Util$2
instanceKlass sun/nio/ch/Util
instanceKlass java/nio/channels/Selector
instanceKlass org/gradle/messaging/remote/internal/inet/SocketConnection
instanceKlass org/gradle/launcher/daemon/server/SynchronizedDispatchConnection
