JvmtiExport can_access_local_variables 0
JvmtiExport can_hotswap_or_post_breakpoint 0
JvmtiExport can_post_on_exceptions 0
# 453 ciObject found
instanceKlass sun/reflect/generics/tree/IntSignature
instanceKlass sun/reflect/generics/tree/BooleanSignature
instanceKlass sun/reflect/generics/reflectiveObjects/GenericArrayTypeImpl
instanceKlass sun/reflect/generics/tree/ArrayTypeSignature
instanceKlass java/lang/Class$EnclosingMethodInfo
instanceKlass org/codehaus/groovy/classgen/asm/CallSiteWriter
instanceKlass org/codehaus/groovy/classgen/asm/InvocationWriter
instanceKlass org/codehaus/groovy/classgen/asm/TypeChooser
instanceKlass org/codehaus/groovy/classgen/asm/StatementWriter
instanceKlass org/codehaus/groovy/classgen/asm/BinaryExpressionHelper
instanceKlass org/codehaus/groovy/classgen/asm/WriterController
instanceKlass org/codehaus/groovy/classgen/asm/WriterControllerFactory
instanceKlass org/codehaus/groovy/classgen/asm/MethodCaller
instanceKlass org/codehaus/groovy/classgen/asm/MethodCallerMultiAdapter
instanceKlass org/codehaus/groovy/runtime/ScriptBytecodeAdapter
instanceKlass groovyjarjarasm/asm/Item
instanceKlass groovyjarjarasm/asm/ByteVector
instanceKlass groovyjarjarasm/asm/FieldVisitor
instanceKlass groovyjarjarasm/asm/MethodVisitor
instanceKlass groovyjarjarasm/asm/AnnotationVisitor
instanceKlass org/codehaus/groovy/classgen/AnnotationVisitor
instanceKlass org/codehaus/groovy/ast/tools/GenericsUtils
instanceKlass org/codehaus/groovy/syntax/Types
instanceKlass org/codehaus/groovy/syntax/CSTNode
instanceKlass org/codehaus/groovy/ast/tools/GeneralUtils
instanceKlass org/codehaus/groovy/classgen/ReturnAdder$1
instanceKlass org/codehaus/groovy/classgen/ReturnAdder$ReturnStatementListener
instanceKlass org/codehaus/groovy/classgen/ReturnAdder
instanceKlass org/codehaus/groovy/classgen/asm/MopWriter$1
instanceKlass org/codehaus/groovy/classgen/asm/MopWriter$Factory
instanceKlass org/codehaus/groovy/classgen/asm/MopWriter
instanceKlass org/codehaus/groovy/classgen/asm/OptimizingStatementWriter$ClassNodeSkip
instanceKlass org/codehaus/groovy/classgen/Verifier$11
instanceKlass org/codehaus/groovy/classgen/Verifier$10
instanceKlass groovyjarjarasm/asm/Type
instanceKlass org/codehaus/groovy/runtime/typehandling/DefaultTypeTransformation
instanceKlass org/codehaus/groovy/classgen/asm/BytecodeHelper
instanceKlass groovy/transform/CompileStatic
instanceKlass org/codehaus/groovy/transform/trait/TraitComposer$1
instanceKlass org/codehaus/groovy/transform/trait/TraitComposer
instanceKlass sun/reflect/generics/tree/VoidDescriptor
instanceKlass java/util/EnumMap$1
instanceKlass groovy/transform/SelfType
instanceKlass groovy/lang/GeneratedGroovyProxy
instanceKlass groovy/transform/Trait
instanceKlass org/codehaus/groovy/transform/trait/Traits$TraitBridge
instanceKlass org/codehaus/groovy/transform/trait/Traits
instanceKlass org/codehaus/groovy/transform/GroovyASTTransformation
instanceKlass org/codehaus/groovy/vmplugin/v5/Java5$1
instanceKlass groovy/transform/AnnotationCollector
instanceKlass org/codehaus/groovy/transform/AnnotationCollectorTransform$ClassChanger
instanceKlass org/codehaus/groovy/transform/GroovyASTTransformationClass
instanceKlass org/gradle/process/JavaExecSpec
instanceKlass org/gradle/process/JavaForkOptions
instanceKlass org/gradle/process/ExecSpec
instanceKlass org/gradle/process/BaseExecSpec
instanceKlass org/gradle/process/ProcessForkOptions
instanceKlass org/gradle/api/file/CopySpec
instanceKlass org/gradle/api/file/CopyProcessingSpec
instanceKlass org/gradle/api/file/ContentFilterable
instanceKlass org/gradle/api/file/CopySourceSpec
instanceKlass org/gradle/api/file/ConfigurableFileTree
instanceKlass org/gradle/api/tasks/util/PatternFilterable
instanceKlass org/gradle/api/file/DirectoryTree
instanceKlass org/gradle/api/file/ConfigurableFileCollection
instanceKlass org/gradle/process/ExecResult
instanceKlass org/gradle/api/tasks/WorkResult
instanceKlass org/gradle/api/resources/ResourceHandler
instanceKlass com/google/common/collect/MapMakerInternalMap$StrongEntry
instanceKlass org/codehaus/groovy/control/ClassNodeResolver$LookupResult
instanceKlass org/codehaus/groovy/ast/DynamicVariable
instanceKlass org/codehaus/groovy/classgen/VariableScopeVisitor$StateStackElement
instanceKlass org/gradle/model/dsl/internal/transform/ClosureCreationInterceptingVerifier
instanceKlass org/gradle/api/internal/initialization/ClassLoaderScopeIdentifier$Id
instanceKlass org/gradle/groovy/scripts/internal/BuildScriptTransformer$1
instanceKlass org/gradle/groovy/scripts/internal/BuildScriptTransformer
instanceKlass org/gradle/api/internal/plugins/DefaultPluginContainer$1
instanceKlass org/gradle/api/internal/collections/CollectionEventRegister
instanceKlass org/gradle/api/Nullable
instanceKlass org/gradle/api/plugins/AppliedPlugin
instanceKlass net/jcip/annotations/NotThreadSafe
instanceKlass org/gradle/api/internal/DependencyInjectingInstantiator
instanceKlass org/gradle/api/internal/plugins/DefaultPluginManager
instanceKlass org/gradle/api/internal/plugins/ImperativeOnlyPluginApplicator
instanceKlass org/gradle/api/internal/plugins/PluginApplicator
instanceKlass org/gradle/groovy/scripts/internal/DefaultScriptRunnerFactory$ScriptRunnerImpl
instanceKlass org/gradle/groovy/scripts/internal/DefaultScriptCompilationHandler$ClassesDirCompiledScript
instanceKlass org/gradle/cache/internal/cacheops/CacheOperation
instanceKlass org/gradle/cache/internal/cacheops/CacheOperationStack
instanceKlass sun/nio/cs/Surrogate
instanceKlass sun/nio/cs/Surrogate$Parser
instanceKlass org/gradle/logging/internal/ProgressLogEventGenerator$1
instanceKlass com/google/common/collect/ImmutableMultimap$Builder
instanceKlass org/gradle/plugin/use/internal/PluginRequestCollector$3
instanceKlass org/gradle/plugin/use/internal/PluginRequest
instanceKlass org/gradle/plugin/use/internal/PluginRequestCollector$2
instanceKlass org/gradle/plugin/use/internal/DefaultPluginRequests
instanceKlass org/gradle/groovy/scripts/internal/ScriptBlock
instanceKlass org/gradle/groovy/scripts/internal/AstUtils$1
instanceKlass org/gradle/groovy/scripts/internal/AstUtils
instanceKlass org/codehaus/groovy/control/customizers/ImportCustomizer$1
instanceKlass org/codehaus/groovy/util/ListHashMap
instanceKlass org/codehaus/groovy/control/SourceUnit$1
instanceKlass groovy/transform/BaseScript
instanceKlass org/codehaus/groovy/transform/AbstractASTTransformation
instanceKlass org/codehaus/groovy/transform/ASTTransformation
instanceKlass org/codehaus/groovy/classgen/GeneratorContext
instanceKlass org/codehaus/groovy/ast/VariableScope
instanceKlass org/codehaus/groovy/antlr/AntlrParserPlugin$1
instanceKlass org/codehaus/groovy/antlr/LineColumn
instanceKlass org/codehaus/groovy/antlr/AntlrASTProcessSnippets
instanceKlass groovyjarjarantlr/collections/impl/ASTArray
instanceKlass groovyjarjarantlr/ASTPair
instanceKlass groovyjarjarantlr/ASTFactory
instanceKlass groovyjarjarantlr/TokenQueue
instanceKlass groovyjarjarantlr/TokenBuffer
instanceKlass groovyjarjarantlr/ParserSharedInputState
instanceKlass org/codehaus/groovy/antlr/parser/GroovyLexer$1
instanceKlass groovyjarjarantlr/collections/ASTEnumeration
instanceKlass groovyjarjarantlr/BaseAST
instanceKlass groovyjarjarantlr/collections/AST
instanceKlass groovyjarjarantlr/Parser
instanceKlass groovyjarjarantlr/collections/impl/BitSet
instanceKlass org/codehaus/groovy/antlr/SourceInfo
instanceKlass groovyjarjarantlr/CharQueue
instanceKlass groovyjarjarantlr/InputBuffer
instanceKlass groovyjarjarantlr/Token
instanceKlass groovyjarjarantlr/Utils
instanceKlass groovyjarjarantlr/ANTLRHashString
instanceKlass groovyjarjarantlr/ANTLRStringBuffer
instanceKlass org/codehaus/groovy/antlr/SourceBuffer
instanceKlass org/codehaus/groovy/antlr/treewalker/Visitor
instanceKlass groovyjarjarantlr/CharScanner
instanceKlass groovyjarjarantlr/TokenStream
instanceKlass groovyjarjarantlr/LexerSharedInputState
instanceKlass org/codehaus/groovy/antlr/AntlrASTProcessor
instanceKlass org/codehaus/groovy/syntax/ASTHelper
instanceKlass org/codehaus/groovy/antlr/parser/GroovyTokenTypes
instanceKlass org/codehaus/groovy/control/ParserPlugin
instanceKlass org/codehaus/groovy/control/ParserPluginFactory
instanceKlass groovy/lang/GroovyClassLoader$5
instanceKlass org/codehaus/groovy/control/io/AbstractReaderSource
instanceKlass groovy/transform/CompilationUnitAware
instanceKlass org/codehaus/groovy/transform/ASTTransformationVisitor$4
instanceKlass java/util/Collections$EmptyEnumeration
instanceKlass org/codehaus/groovy/ast/stmt/LoopingStatement
instanceKlass org/codehaus/groovy/ast/expr/ExpressionTransformer
instanceKlass groovy/lang/GroovyInterceptable
instanceKlass org/codehaus/groovy/ast/ClassNode$MapOfLists
instanceKlass org/codehaus/groovy/util/AbstractConcurrentMap$Entry
instanceKlass org/codehaus/groovy/util/AbstractConcurrentMapBase$Entry
instanceKlass org/codehaus/groovy/ast/ClassHelper$ClassHelperCache
instanceKlass org/codehaus/groovy/ast/ClassHelper
instanceKlass org/codehaus/groovy/classgen/Verifier$DefaultArgsAction
instanceKlass org/codehaus/groovy/ast/expr/MethodCall
instanceKlass org/codehaus/groovy/classgen/BytecodeInstruction
instanceKlass org/codehaus/groovy/ast/CodeVisitorSupport
instanceKlass org/codehaus/groovy/ast/CompileUnit
instanceKlass org/codehaus/groovy/control/ASTTransformationsContext
instanceKlass org/codehaus/groovy/control/ErrorCollector
instanceKlass org/codehaus/groovy/control/ClassNodeResolver
instanceKlass org/codehaus/groovy/classgen/Verifier
instanceKlass org/codehaus/groovy/ast/GroovyClassVisitor
instanceKlass org/codehaus/groovy/control/messages/Message
instanceKlass org/codehaus/groovy/control/io/ReaderSource
instanceKlass org/codehaus/groovy/control/HasCleanup
instanceKlass groovyjarjarasm/asm/ClassVisitor
instanceKlass org/codehaus/groovy/control/CompilationUnit$GroovyClassOperation
instanceKlass org/codehaus/groovy/control/customizers/ImportCustomizer$Import
instanceKlass groovy/lang/GroovyCodeSource
instanceKlass groovy/lang/GroovyClassLoader$1
instanceKlass org/codehaus/groovy/control/ProcessingUnit
instanceKlass org/codehaus/groovy/control/CompilationUnit$PrimaryClassNodeOperation
instanceKlass org/codehaus/groovy/GroovyExceptionInterface
instanceKlass org/codehaus/groovy/control/CompilerConfiguration
instanceKlass org/gradle/cache/internal/DefaultCacheAccess$2
instanceKlass org/gradle/groovy/scripts/internal/FileCacheBackedScriptClassCompiler$CacheInitializer
instanceKlass org/gradle/groovy/scripts/internal/FileCacheBackedScriptClassCompiler$ProgressReportingInitializer
instanceKlass org/apache/commons/io/IOUtils
instanceKlass java/net/URLConnection$1
instanceKlass sun/net/www/MimeEntry
instanceKlass sun/net/www/MimeTable$DefaultInstanceHolder$1
instanceKlass sun/net/www/MimeTable$DefaultInstanceHolder
instanceKlass sun/net/www/MimeTable$1
instanceKlass sun/net/www/MimeTable
instanceKlass java/net/FileNameMap
instanceKlass sun/net/DefaultProgressMeteringPolicy
instanceKlass sun/net/ProgressMeteringPolicy
instanceKlass sun/net/ProgressMonitor
instanceKlass org/gradle/internal/Cast
instanceKlass java/math/MutableBigInteger
instanceKlass org/gradle/internal/hash/HashValue
instanceKlass org/gradle/internal/hash/HashUtil
instanceKlass org/gradle/groovy/scripts/internal/CachingScriptClassCompiler$Key
instanceKlass org/gradle/api/internal/initialization/ClassLoaderIds$DefaultClassLoaderId
instanceKlass org/gradle/api/internal/initialization/ClassLoaderIds
instanceKlass org/gradle/groovy/scripts/internal/FactoryBackedCompileOperation
instanceKlass org/codehaus/groovy/control/CompilationUnit$SourceUnitOperation
instanceKlass org/gradle/plugin/use/PluginDependenciesSpec
instanceKlass org/gradle/plugin/use/internal/PluginRequestCollector
instanceKlass org/codehaus/groovy/ast/GroovyCodeVisitor
instanceKlass org/gradle/plugin/use/internal/PluginUseScriptBlockMetadataExtractor
instanceKlass org/gradle/groovy/scripts/internal/InitialPassStatementTransformer
instanceKlass org/gradle/api/Script
instanceKlass org/gradle/internal/resource/DelegatingResource
instanceKlass org/gradle/groovy/scripts/DelegatingScriptSource
instanceKlass org/gradle/groovy/scripts/DefaultScriptCompilerFactory$ScriptCompilerImpl
instanceKlass org/gradle/configuration/DefaultScriptTarget
instanceKlass org/gradle/groovy/scripts/internal/CompileOperation
instanceKlass org/gradle/groovy/scripts/Transformer
instanceKlass org/gradle/groovy/scripts/internal/StatementTransformer
instanceKlass org/gradle/configuration/ScriptTarget
instanceKlass org/gradle/configuration/DefaultScriptPluginFactory$ScriptPluginImpl
instanceKlass org/gradle/api/internal/initialization/DefaultScriptHandler
instanceKlass org/gradle/api/internal/artifacts/DefaultDependencyManagementServices$DefaultDependencyResolutionServices
instanceKlass org/gradle/api/internal/artifacts/dsl/DefaultComponentModuleMetadataHandler
instanceKlass org/gradle/api/internal/artifacts/ComponentModuleMetadataProcessor
instanceKlass org/gradle/api/artifacts/dsl/ArtifactHandler
instanceKlass org/gradle/api/internal/artifacts/dsl/DefaultComponentMetadataHandler
instanceKlass org/gradle/api/internal/artifacts/ComponentMetadataProcessor
instanceKlass org/gradle/api/artifacts/dsl/DependencyHandler
instanceKlass org/gradle/api/artifacts/dsl/ComponentModuleMetadataHandler
instanceKlass org/gradle/api/artifacts/dsl/ComponentMetadataHandler
instanceKlass org/gradle/api/internal/artifacts/configurations/ConfigurationContainerInternal
instanceKlass org/gradle/api/artifacts/ConfigurationContainer
instanceKlass org/gradle/api/artifacts/dsl/RepositoryHandler
instanceKlass org/gradle/api/artifacts/ArtifactRepositoryContainer
instanceKlass org/gradle/api/NamedDomainObjectList
instanceKlass org/gradle/api/internal/artifacts/BaseRepositoryFactory
instanceKlass org/gradle/api/internal/artifacts/ivyservice/ivyresolve/parser/MetaDataParser
instanceKlass org/gradle/api/internal/artifacts/GlobalDependencyResolutionRules
instanceKlass org/gradle/api/internal/artifacts/ConfigurationResolver
instanceKlass org/gradle/api/internal/artifacts/query/ArtifactResolutionQueryFactory
instanceKlass org/gradle/api/internal/artifacts/DependencyResolutionServices
instanceKlass org/gradle/api/internal/artifacts/ArtifactPublicationServices
instanceKlass org/gradle/api/internal/artifacts/DefaultDependencyManagementServices$DependencyResolutionScopeServices
instanceKlass org/gradle/api/internal/initialization/BasicDomainObjectContext
instanceKlass org/gradle/groovy/scripts/AbstractUriScriptSource
instanceKlass org/gradle/internal/Factories$1
instanceKlass org/gradle/internal/Factories
instanceKlass org/gradle/initialization/InitScriptHandler$1
instanceKlass org/gradle/initialization/DirectoryInitScriptFinder
instanceKlass org/gradle/initialization/CompositeInitScriptFinder
instanceKlass org/gradle/initialization/InitScriptFinder
instanceKlass org/gradle/logging/internal/ProgressLogEventGenerator$Operation
instanceKlass org/gradle/logging/internal/DefaultProgressLoggerFactory$ProgressLoggerImpl
instanceKlass org/gradle/internal/progress/DefaultBuildOperationExecutor$OperationDetails
instanceKlass org/gradle/internal/progress/OperationIdentifier
instanceKlass org/gradle/internal/progress/BuildOperationDetails$Builder
instanceKlass org/gradle/internal/progress/BuildOperationDetails
instanceKlass org/gradle/initialization/DefaultGradleLauncher$1
instanceKlass org/gradle/launcher/cli/ExecuteBuildAction
instanceKlass org/gradle/launcher/exec/InProcessBuildActionExecuter$DefaultBuildController
instanceKlass org/gradle/deployment/internal/DefaultDeploymentRegistry
instanceKlass org/gradle/execution/TaskFailureHandler
instanceKlass org/gradle/execution/SelectedTaskExecutionAction
instanceKlass org/gradle/execution/DryRunBuildExecutionAction
instanceKlass org/gradle/execution/BuildExecutionAction
instanceKlass org/gradle/execution/DefaultBuildExecuter
instanceKlass org/gradle/execution/ExcludedTaskFilteringBuildConfigurationAction
instanceKlass org/gradle/execution/BuildExecutionContext
instanceKlass org/gradle/execution/DefaultBuildConfigurationActionExecuter
instanceKlass org/gradle/execution/TaskNameResolvingBuildConfigurationAction
instanceKlass org/gradle/execution/DefaultTasksBuildExecutionAction
instanceKlass org/gradle/execution/BuildConfigurationAction
instanceKlass org/gradle/execution/commandline/CommandLineTaskConfigurer
instanceKlass org/gradle/execution/taskpath/ProjectFinderByTaskPath
instanceKlass org/gradle/execution/taskpath/TaskPathResolver
instanceKlass org/gradle/execution/TaskSelectionResult
instanceKlass org/gradle/api/tasks/TaskContainer
instanceKlass org/gradle/api/PolymorphicDomainObjectContainer
instanceKlass org/gradle/api/NamedDomainObjectContainer
instanceKlass org/gradle/util/Configurable
instanceKlass org/gradle/api/tasks/TaskCollection
instanceKlass org/gradle/api/NamedDomainObjectSet
instanceKlass org/gradle/api/NamedDomainObjectCollection
instanceKlass org/gradle/execution/TaskNameResolver
instanceKlass org/gradle/internal/typeconversion/ValueAwareNotationParser
instanceKlass org/gradle/api/internal/tasks/options/OptionNotationParserFactory
instanceKlass com/google/common/collect/ListMultimap
instanceKlass org/gradle/initialization/ModelConfigurationListener
instanceKlass org/gradle/initialization/DefaultExceptionAnalyser
instanceKlass org/gradle/configuration/DefaultBuildConfigurer
instanceKlass org/gradle/execution/TaskPathProjectEvaluator
instanceKlass org/gradle/initialization/buildsrc/BuildSourceBuilder
instanceKlass org/gradle/initialization/layout/BuildLayoutFactory
instanceKlass org/gradle/initialization/SettingsLocation
instanceKlass org/gradle/initialization/DefaultSettingsFinder
instanceKlass org/gradle/initialization/SettingsHandler
instanceKlass org/gradle/initialization/NotifyingSettingsLoader
instanceKlass org/gradle/api/internal/project/ProjectFactory
instanceKlass org/gradle/api/internal/project/DefaultProjectRegistry
instanceKlass org/gradle/internal/service/DefaultServiceRegistry$ParameterizedTypeSpec
instanceKlass org/gradle/initialization/InstantiatingBuildLoader
instanceKlass org/gradle/initialization/ProjectPropertySettingBuildLoader
instanceKlass org/gradle/api/internal/SettingsInternal
instanceKlass org/gradle/initialization/SettingsFactory
instanceKlass org/gradle/initialization/ScriptEvaluatingSettingsProcessor
instanceKlass org/gradle/initialization/PropertiesLoadingSettingsProcessor
instanceKlass org/gradle/initialization/NotifyingSettingsProcessor
instanceKlass org/gradle/initialization/DefaultGradlePropertiesLoader
instanceKlass org/gradle/internal/id/LongIdGenerator
instanceKlass org/gradle/configuration/DefaultInitScriptProcessor
instanceKlass org/gradle/internal/progress/OperationStartEvent
instanceKlass org/gradle/internal/progress/OperationResult
instanceKlass org/gradle/internal/progress/BuildOperationInternal
instanceKlass org/gradle/internal/progress/InternalBuildListener
instanceKlass org/gradle/internal/progress/DefaultBuildOperationExecutor
instanceKlass org/gradle/plugin/use/internal/PluginRequests
instanceKlass org/gradle/plugin/use/internal/PluginRequestsSerializer
instanceKlass org/gradle/groovy/scripts/internal/BuildScriptDataSerializer
instanceKlass org/gradle/api/internal/file/DefaultFileLookup
instanceKlass org/gradle/plugin/use/resolve/internal/CompositePluginResolver
instanceKlass org/gradle/plugin/use/resolve/internal/CorePluginResolver
instanceKlass java/util/DualPivotQuicksort
instanceKlass com/google/common/base/CharMatcher
instanceKlass org/gradle/plugin/internal/PluginId
instanceKlass org/gradle/plugin/use/resolve/internal/NoopPluginResolver
instanceKlass org/gradle/internal/exceptions/FailureResolutionAware
instanceKlass org/gradle/plugin/use/resolve/internal/PluginResolutionResult
instanceKlass org/gradle/plugin/use/internal/DefaultPluginRequestApplicator
instanceKlass org/gradle/api/internal/initialization/DefaultClassLoaderScope
instanceKlass org/gradle/plugin/use/internal/PluginUsePluginServiceRegistry$BuildScopeServices$2
instanceKlass org/gradle/plugin/use/resolve/internal/PluginResolution
instanceKlass org/gradle/plugin/use/internal/PluginUsePluginServiceRegistry$BuildScopeServices$1
instanceKlass org/gradle/api/internal/artifacts/ivyservice/ivyresolve/strategy/VersionSelector
instanceKlass org/gradle/api/internal/artifacts/ivyservice/ivyresolve/strategy/DefaultVersionSelectorScheme
instanceKlass org/gradle/api/internal/artifacts/ivyservice/ivyresolve/strategy/DefaultVersionComparator$1
instanceKlass org/gradle/api/internal/artifacts/ivyservice/ivyresolve/strategy/Version
instanceKlass org/gradle/api/internal/artifacts/ivyservice/ivyresolve/strategy/VersionParser
instanceKlass org/gradle/api/internal/artifacts/ivyservice/ivyresolve/strategy/StaticVersionComparator
instanceKlass org/gradle/api/internal/artifacts/ivyservice/ivyresolve/strategy/DefaultVersionComparator
instanceKlass org/apache/ivy/plugins/matcher/Matcher
instanceKlass org/apache/ivy/plugins/matcher/AbstractPatternMatcher
instanceKlass org/apache/ivy/plugins/matcher/PatternMatcher
instanceKlass org/gradle/plugin/use/resolve/service/internal/DeprecationListeningPluginResolutionServiceClient$1
instanceKlass org/gradle/plugin/use/resolve/service/internal/DeprecationListeningPluginResolutionServiceClient
instanceKlass org/gradle/plugin/use/resolve/service/internal/InMemoryCachingPluginResolutionServiceClient
instanceKlass org/gradle/plugin/use/resolve/service/internal/ClientStatus$Serializer
instanceKlass org/gradle/plugin/use/resolve/service/internal/PersistentCachingPluginResolutionServiceClient$ClientStatusKey$Serializer
instanceKlass org/gradle/cache/internal/DefaultCacheAccess$3
instanceKlass org/gradle/cache/PersistentIndexedCacheParameters
instanceKlass org/gradle/plugin/use/resolve/service/internal/PersistentCachingPluginResolutionServiceClient$ResponseSerializer
instanceKlass org/gradle/plugin/use/resolve/service/internal/PluginUseMetaData$Serializer
instanceKlass org/gradle/plugin/use/resolve/service/internal/PersistentCachingPluginResolutionServiceClient$PluginRequestKey$Serializer
instanceKlass org/gradle/plugin/use/resolve/service/internal/PersistentCachingPluginResolutionServiceClient
instanceKlass org/gradle/cache/internal/DefaultCacheFactory$ReferenceTrackingCache
instanceKlass org/gradle/cache/internal/DefaultCacheFactory$DirCacheReference
instanceKlass org/gradle/cache/internal/cacheops/CacheAccessOperationsStack
instanceKlass org/gradle/cache/internal/DefaultPersistentDirectoryCache$Initializer
instanceKlass org/gradle/cache/internal/DefaultMultiProcessSafePersistentIndexedCache
instanceKlass org/gradle/cache/internal/MultiProcessSafePersistentIndexedCache
instanceKlass org/gradle/cache/internal/UnitOfWorkParticipant
instanceKlass org/gradle/cache/internal/DefaultCacheAccess
instanceKlass org/gradle/cache/internal/CacheInitializationAction
instanceKlass org/gradle/cache/internal/CacheCoordinator
instanceKlass org/gradle/cache/internal/DefaultPersistentDirectoryStore
instanceKlass org/gradle/cache/internal/DefaultCacheScopeMapping$1
instanceKlass org/gradle/cache/internal/DefaultCacheRepository$AbstractCacheBuilder
instanceKlass com/google/common/escape/Escaper$1
instanceKlass com/google/common/escape/Escaper
instanceKlass com/google/common/net/UrlEscapers
instanceKlass org/gradle/plugin/use/resolve/service/internal/PluginResolutionServiceClient$Response
instanceKlass org/gradle/internal/resource/transport/http/HttpResponseResource
instanceKlass org/gradle/internal/resource/transfer/ExternalResourceReadResponse
instanceKlass org/gradle/internal/resource/transport/http/HttpResourceAccessor
instanceKlass org/gradle/internal/resource/transfer/ExternalResourceAccessor
instanceKlass org/apache/http/HttpEntity
instanceKlass org/apache/http/client/protocol/ResponseContentEncoding
instanceKlass org/apache/http/client/protocol/RequestAcceptEncoding
instanceKlass org/apache/http/impl/client/DecompressingHttpClient
instanceKlass org/gradle/internal/resource/UriResource
instanceKlass org/gradle/internal/resource/Resource
instanceKlass org/apache/http/util/VersionInfo
instanceKlass org/apache/http/params/HttpConnectionParams
instanceKlass org/apache/http/params/CoreConnectionPNames
instanceKlass org/apache/http/Consts
instanceKlass org/apache/http/protocol/HTTP
instanceKlass org/apache/http/params/HttpProtocolParams
instanceKlass org/apache/http/params/CoreProtocolPNames
instanceKlass org/apache/http/params/AbstractHttpParams
instanceKlass org/apache/http/params/HttpParamsNames
instanceKlass org/gradle/internal/resource/transport/http/HttpClientConfigurer$2
instanceKlass org/apache/http/impl/auth/KerberosSchemeFactory
instanceKlass org/apache/http/impl/auth/SPNegoSchemeFactory
instanceKlass org/apache/http/impl/auth/NTLMSchemeFactory
instanceKlass org/apache/http/impl/auth/DigestSchemeFactory
instanceKlass org/apache/http/impl/auth/BasicSchemeFactory
instanceKlass org/apache/http/auth/AuthSchemeRegistry
instanceKlass org/apache/http/impl/auth/NTLMEngine
instanceKlass org/gradle/internal/resource/transport/http/ntlm/NTLMSchemeFactory
instanceKlass org/apache/http/auth/Credentials
instanceKlass org/apache/http/auth/AuthScheme
instanceKlass org/gradle/api/credentials/Credentials
instanceKlass org/gradle/internal/resource/transport/http/HttpClientConfigurer
instanceKlass org/apache/http/HttpEntityEnclosingRequest
instanceKlass org/apache/http/impl/client/DefaultRedirectStrategy
instanceKlass org/slf4j/spi/LocationAwareLogger
instanceKlass org/apache/commons/logging/impl/SLF4JLog
instanceKlass org/apache/commons/logging/impl/SLF4JLocationAwareLog
instanceKlass org/apache/commons/logging/Log
instanceKlass org/apache/commons/logging/LogFactory
instanceKlass org/apache/http/ProtocolVersion
instanceKlass org/apache/http/HttpHost
instanceKlass org/apache/http/params/HttpParams
instanceKlass org/apache/http/conn/ClientConnectionManager
instanceKlass org/apache/http/auth/AuthSchemeFactory
instanceKlass org/apache/http/cookie/CookieSpecFactory
instanceKlass org/apache/http/ConnectionReuseStrategy
instanceKlass org/apache/http/client/HttpRequestRetryHandler
instanceKlass org/apache/http/client/RedirectHandler
instanceKlass org/apache/http/client/CookieStore
instanceKlass org/apache/http/client/CredentialsProvider
instanceKlass org/apache/http/conn/routing/HttpRoutePlanner
instanceKlass org/apache/http/client/UserTokenHandler
instanceKlass org/apache/http/protocol/HttpProcessor
instanceKlass org/apache/http/HttpResponseInterceptor
instanceKlass org/apache/http/HttpRequestInterceptor
instanceKlass org/apache/http/client/RequestDirector
instanceKlass org/apache/http/conn/ConnectionKeepAliveStrategy
instanceKlass org/apache/http/client/AuthenticationHandler
instanceKlass org/apache/http/client/AuthenticationStrategy
instanceKlass org/apache/http/protocol/BasicHttpContext
instanceKlass org/apache/commons/lang/StringUtils
instanceKlass org/gradle/internal/resource/transport/http/JavaSystemPropertiesProxySettings
instanceKlass org/gradle/internal/resource/transport/http/HttpProxySettings
instanceKlass org/gradle/internal/resource/transport/http/DefaultHttpSettings
instanceKlass org/apache/http/client/RedirectStrategy
instanceKlass org/apache/http/impl/client/AbstractHttpClient
instanceKlass org/apache/http/client/HttpClient
instanceKlass org/apache/http/protocol/HttpContext
instanceKlass org/apache/http/message/AbstractHttpMessage
instanceKlass org/apache/http/client/methods/AbortableHttpRequest
instanceKlass org/apache/http/client/methods/HttpUriRequest
instanceKlass org/apache/http/HttpRequest
instanceKlass org/apache/http/HttpMessage
instanceKlass org/gradle/internal/resource/transport/http/HttpClientHelper
instanceKlass org/gradle/api/internal/plugins/PluginDescriptorLocator
instanceKlass org/gradle/api/internal/plugins/PluginImplementation
instanceKlass org/gradle/api/internal/plugins/DefaultPluginRegistry
instanceKlass org/gradle/api/internal/plugins/PotentialPlugin
instanceKlass com/google/common/cache/RemovalListener
instanceKlass com/google/common/cache/Weigher
instanceKlass com/google/common/cache/LocalCache$1
instanceKlass com/google/common/util/concurrent/ListenableFuture
instanceKlass java/util/concurrent/Future
instanceKlass com/google/common/util/concurrent/AbstractListeningExecutorService
instanceKlass com/google/common/util/concurrent/ListeningScheduledExecutorService
instanceKlass java/util/concurrent/ScheduledExecutorService
instanceKlass com/google/common/util/concurrent/ListeningExecutorService
instanceKlass com/google/common/util/concurrent/MoreExecutors
instanceKlass com/google/common/cache/LocalCache$ReferenceEntry
instanceKlass com/google/common/cache/LocalCache$LocalManualCache
instanceKlass com/google/common/cache/LocalCache$StrongValueReference
instanceKlass com/google/common/cache/LocalCache$ValueReference
instanceKlass com/google/common/cache/CacheBuilder$2
instanceKlass com/google/common/cache/CacheStats
instanceKlass com/google/common/base/Suppliers$SupplierOfInstance
instanceKlass com/google/common/base/Suppliers
instanceKlass com/google/common/cache/CacheBuilder$1
instanceKlass com/google/common/cache/AbstractCache$StatsCounter
instanceKlass com/google/common/base/Supplier
instanceKlass com/google/common/cache/LoadingCache
instanceKlass com/google/common/cache/Cache
instanceKlass com/google/common/cache/CacheBuilder
instanceKlass org/gradle/model/internal/inspect/ModelRuleSourceDetector$1
instanceKlass com/google/common/cache/CacheLoader
instanceKlass org/gradle/api/internal/initialization/DefaultScriptHandlerFactory$1
instanceKlass org/gradle/api/internal/artifacts/ModuleInternal
instanceKlass org/gradle/api/artifacts/Module
instanceKlass org/gradle/internal/service/scopes/BuildScopeServices$DependencyMetaDataProviderImpl
instanceKlass org/gradle/internal/exceptions/DiagnosticsVisitor
instanceKlass org/gradle/internal/typeconversion/ErrorHandlingNotationParser
instanceKlass org/gradle/internal/typeconversion/CompositeNotationConverter
instanceKlass org/gradle/internal/typeconversion/NotationConvertResult
instanceKlass org/gradle/internal/typeconversion/NotationConverterToNotationParserAdapter
instanceKlass org/gradle/internal/typeconversion/TypeInfo
instanceKlass org/gradle/internal/typeconversion/NotationParserBuilder
instanceKlass org/gradle/api/internal/file/FileOrUriNotationConverter
instanceKlass org/gradle/internal/typeconversion/NotationConverter
instanceKlass org/gradle/api/internal/file/FileTreeInternal
instanceKlass org/gradle/api/file/FileTree
instanceKlass org/gradle/api/resources/ReadableResource
instanceKlass org/gradle/api/resources/Resource
instanceKlass org/gradle/api/internal/file/FileCollectionInternal
instanceKlass org/gradle/api/file/FileCollection
instanceKlass org/gradle/api/Buildable
instanceKlass org/gradle/api/tasks/AntBuilderAware
instanceKlass org/gradle/internal/typeconversion/NotationParser
instanceKlass org/gradle/api/internal/file/AbstractFileResolver
instanceKlass org/apache/commons/io/filefilter/IOFileFilter
instanceKlass org/apache/commons/io/FileUtils
instanceKlass java/io/File$TempDirectory
instanceKlass org/gradle/internal/nativeintegration/filesystem/services/WindowsSymlink
instanceKlass org/gradle/internal/nativeintegration/filesystem/services/FallbackStat
instanceKlass org/gradle/internal/nativeintegration/filesystem/services/EmptyChmod
instanceKlass org/gradle/internal/nativeintegration/filesystem/services/GenericFileSystem
instanceKlass net/rubygrapefruit/platform/PosixFile
instanceKlass org/gradle/internal/nativeintegration/services/NativeServices$BrokenService
instanceKlass org/gradle/internal/nativeintegration/filesystem/services/UnavailablePosixFiles
instanceKlass net/rubygrapefruit/platform/FileSystems
instanceKlass net/rubygrapefruit/platform/Terminals
instanceKlass org/gradle/api/internal/artifacts/DefaultDependencyManagementServices
instanceKlass org/gradle/api/internal/initialization/ScriptHandlerInternal
instanceKlass org/gradle/api/initialization/dsl/ScriptHandler
instanceKlass org/gradle/api/internal/initialization/DefaultScriptHandlerFactory
instanceKlass org/gradle/groovy/scripts/ScriptRunner
instanceKlass org/gradle/groovy/scripts/internal/DefaultScriptRunnerFactory
instanceKlass org/gradle/groovy/scripts/internal/ShortCircuitEmptyScriptCompiler
instanceKlass org/gradle/groovy/scripts/internal/CachingScriptClassCompiler
instanceKlass org/gradle/groovy/scripts/ScriptCompiler
instanceKlass org/gradle/groovy/scripts/DefaultScriptCompilerFactory
instanceKlass org/gradle/groovy/scripts/ScriptSource
instanceKlass org/gradle/groovy/scripts/internal/DefaultScriptCompilationHandler$NoOpGroovyResourceLoader
instanceKlass org/gradle/groovy/scripts/internal/CompiledScript
instanceKlass groovy/lang/GroovyResourceLoader
instanceKlass org/gradle/groovy/scripts/internal/DefaultScriptCompilationHandler
instanceKlass org/gradle/internal/service/scopes/BuildScopeServices$2
instanceKlass com/google/common/io/LineBuffer
instanceKlass com/google/common/io/LineReader
instanceKlass com/google/common/io/CharSink
instanceKlass com/google/common/io/CharStreams
instanceKlass com/google/common/io/Closer$LoggingSuppressor
instanceKlass com/google/common/io/Closer$SuppressingSuppressor
instanceKlass com/google/common/io/Closer$Suppressor
instanceKlass com/google/common/io/Closer
instanceKlass org/gradle/configuration/DefaultImportsReader$1
instanceKlass com/google/common/hash/PrimitiveSink
instanceKlass com/google/common/io/CharSource
instanceKlass com/google/common/io/Resources
instanceKlass com/google/common/base/Charsets
instanceKlass org/gradle/configuration/DefaultImportsReader
instanceKlass org/gradle/cache/CacheBuilder
instanceKlass org/gradle/cache/internal/DefaultCacheRepository
instanceKlass org/gradle/cache/internal/DefaultCacheScopeMapping
instanceKlass org/gradle/cache/internal/ReferencablePersistentCache
instanceKlass org/gradle/cache/PersistentCache
instanceKlass org/gradle/cache/internal/DefaultCacheFactory
instanceKlass org/gradle/configuration/ScriptPlugin
instanceKlass org/gradle/api/Plugin
instanceKlass org/gradle/configuration/DefaultScriptPluginFactory
instanceKlass org/gradle/api/ProjectState
instanceKlass org/gradle/BuildResult
instanceKlass org/gradle/api/initialization/Settings
instanceKlass org/gradle/api/plugins/DeferredConfigurable
instanceKlass org/codehaus/groovy/runtime/metaclass/MetaClassRegistryImpl$1
instanceKlass org/codehaus/groovy/runtime/GroovyCategorySupport
instanceKlass java/util/concurrent/locks/ReentrantReadWriteLock
instanceKlass java/util/concurrent/locks/ReadWriteLock
instanceKlass org/codehaus/groovy/util/ComplexKeyHashMap$1
instanceKlass org/codehaus/groovy/reflection/CachedClass$1$1
instanceKlass java/beans/SimpleBeanInfo
instanceKlass java/beans/Transient
instanceKlass com/sun/beans/WildcardTypeImpl
instanceKlass java/lang/reflect/WildcardType
instanceKlass sun/reflect/generics/tree/Wildcard
instanceKlass sun/reflect/generics/tree/BottomSignature
instanceKlass com/sun/beans/TypeResolver
instanceKlass java/beans/MethodRef
instanceKlass com/sun/beans/util/Cache$CacheEntry
instanceKlass com/sun/beans/util/Cache
instanceKlass com/sun/beans/finder/AbstractFinder
instanceKlass com/sun/beans/finder/ClassFinder
instanceKlass com/sun/beans/finder/InstanceFinder
instanceKlass java/beans/WeakIdentityMap
instanceKlass java/beans/ThreadGroupContext
instanceKlass com/sun/beans/WeakCache
instanceKlass java/beans/Introspector
instanceKlass groovy/lang/MetaClassImpl$15
instanceKlass java/beans/BeanInfo
instanceKlass org/codehaus/groovy/reflection/CachedClass$CachedMethodComparatorWithString
instanceKlass org/codehaus/groovy/runtime/callsite/CallSiteArray
instanceKlass org/codehaus/groovy/util/AbstractConcurrentMapBase
instanceKlass java/lang/reflect/AnnotatedType
instanceKlass java/beans/FeatureDescriptor
instanceKlass org/codehaus/groovy/runtime/MetaClassHelper
instanceKlass groovy/lang/ClosureInvokingMethod
instanceKlass org/codehaus/groovy/reflection/CachedConstructor$1
instanceKlass groovy/lang/ExpandoMetaClass$Callable
instanceKlass org/codehaus/groovy/reflection/CachedClass$2$1
instanceKlass org/codehaus/groovy/runtime/metaclass/MetaMethodIndex$Header
instanceKlass org/codehaus/groovy/runtime/metaclass/MetaMethodIndex$Entry
instanceKlass org/codehaus/groovy/runtime/metaclass/MetaMethodIndex$EntryIterator
instanceKlass org/codehaus/groovy/runtime/metaclass/MetaMethodIndex
instanceKlass groovy/lang/MetaClassImpl$17
instanceKlass groovy/lang/MetaClassImpl$16
instanceKlass groovy/lang/MetaClassImpl$1
instanceKlass groovy/lang/MetaClassImpl$MethodIndexAction
instanceKlass org/codehaus/groovy/control/CompilationUnit$ClassgenCallback
instanceKlass org/codehaus/groovy/util/SingleKeyHashMap$Copier
instanceKlass org/codehaus/groovy/runtime/GeneratedClosure
instanceKlass groovy/lang/MetaClassImpl
instanceKlass groovy/lang/MutableMetaClass
instanceKlass javax/script/ScriptEngineManager
instanceKlass org/w3c/dom/UserDataHandler
instanceKlass org/w3c/dom/Document
instanceKlass org/w3c/dom/NamedNodeMap
instanceKlass org/w3c/dom/TypeInfo
instanceKlass org/w3c/dom/Attr
instanceKlass org/w3c/dom/Element
instanceKlass org/w3c/dom/Node
instanceKlass org/w3c/dom/NodeList
instanceKlass java/awt/LayoutManager
instanceKlass javax/swing/ButtonModel
instanceKlass javax/swing/Icon
instanceKlass javax/swing/AbstractButton$Handler
instanceKlass javax/swing/event/ChangeListener
instanceKlass javax/swing/event/TableModelListener
instanceKlass javax/swing/event/TableColumnModelListener
instanceKlass javax/swing/ListSelectionModel
instanceKlass javax/swing/MenuSelectionManager
instanceKlass javax/swing/InputVerifier
instanceKlass javax/swing/ArrayTable
instanceKlass javax/swing/border/Border
instanceKlass javax/swing/AncestorNotifier
instanceKlass javax/swing/ActionMap
instanceKlass javax/swing/TransferHandler$DropLocation
instanceKlass javax/swing/InputMap
instanceKlass java/beans/VetoableChangeListener
instanceKlass javax/swing/plaf/ComponentUI
instanceKlass java/awt/AWTKeyStroke
instanceKlass javax/swing/event/AncestorListener
instanceKlass javax/swing/TransferHandler
instanceKlass java/awt/event/ItemListener
instanceKlass sun/awt/RequestFocusController
instanceKlass java/awt/Toolkit
instanceKlass java/awt/im/InputMethodRequests
instanceKlass java/awt/im/InputContext
instanceKlass java/awt/dnd/DropTarget
instanceKlass java/awt/dnd/DropTargetListener
instanceKlass java/awt/Cursor
instanceKlass java/awt/image/ColorModel
instanceKlass java/awt/image/BufferStrategy
instanceKlass javax/accessibility/AccessibleStateSet
instanceKlass java/awt/ImageCapabilities
instanceKlass java/awt/image/ImageProducer
instanceKlass java/awt/BufferCapabilities
instanceKlass java/awt/event/MouseWheelListener
instanceKlass java/awt/event/MouseMotionListener
instanceKlass java/awt/event/MouseListener
instanceKlass java/awt/event/KeyListener
instanceKlass java/awt/event/InputMethodListener
instanceKlass java/awt/event/HierarchyListener
instanceKlass java/awt/event/HierarchyBoundsListener
instanceKlass java/awt/event/FocusListener
instanceKlass java/awt/event/ComponentListener
instanceKlass java/awt/GraphicsConfiguration
instanceKlass java/awt/PointerInfo
instanceKlass java/awt/ComponentOrientation
instanceKlass java/awt/peer/ComponentPeer
instanceKlass java/awt/FontMetrics
instanceKlass java/awt/Color
instanceKlass java/awt/Paint
instanceKlass java/awt/Transparency
instanceKlass java/util/EventObject
instanceKlass javax/accessibility/AccessibleContext
instanceKlass java/awt/geom/RectangularShape
instanceKlass java/awt/Shape
instanceKlass java/beans/PropertyChangeListener
instanceKlass sun/java2d/pipe/Region
instanceKlass java/awt/Insets
instanceKlass java/awt/geom/Dimension2D
instanceKlass java/awt/geom/Point2D
instanceKlass java/awt/Graphics
instanceKlass java/awt/Event
instanceKlass java/awt/Font
instanceKlass java/awt/MenuComponent
instanceKlass java/awt/Image
instanceKlass javax/swing/table/TableColumn
instanceKlass javax/swing/Action
instanceKlass javax/swing/ButtonGroup
instanceKlass javax/swing/table/AbstractTableModel
instanceKlass javax/swing/table/TableModel
instanceKlass javax/swing/table/TableColumnModel
instanceKlass javax/swing/tree/TreePath
instanceKlass javax/swing/MenuElement
instanceKlass javax/swing/tree/DefaultMutableTreeNode
instanceKlass javax/swing/AbstractListModel
instanceKlass javax/swing/MutableComboBoxModel
instanceKlass javax/swing/ComboBoxModel
instanceKlass javax/swing/SwingConstants
instanceKlass java/awt/Component
instanceKlass java/awt/MenuContainer
instanceKlass java/awt/image/ImageObserver
instanceKlass javax/swing/TransferHandler$HasGetTransferHandler
instanceKlass javax/accessibility/Accessible
instanceKlass java/awt/event/ActionListener
instanceKlass javax/swing/event/ListDataListener
instanceKlass java/awt/ItemSelectable
instanceKlass javax/swing/tree/MutableTreeNode
instanceKlass javax/swing/tree/TreeNode
instanceKlass javax/swing/ListModel
instanceKlass java/sql/SQLType
instanceKlass java/sql/Statement
instanceKlass java/sql/SQLXML
instanceKlass java/sql/RowId
instanceKlass java/sql/NClob
instanceKlass java/sql/Clob
instanceKlass java/sql/Blob
instanceKlass java/sql/Ref
instanceKlass java/sql/Array
instanceKlass groovy/sql/GroovyResultSet
instanceKlass java/sql/ResultSet
instanceKlass java/sql/ResultSetMetaData
instanceKlass java/sql/Wrapper
instanceKlass java/nio/file/CopyOption
instanceKlass java/nio/file/OpenOption
instanceKlass java/nio/file/WatchKey
instanceKlass java/nio/file/WatchEvent$Modifier
instanceKlass java/nio/file/WatchEvent$Kind
instanceKlass java/nio/file/WatchService
instanceKlass org/codehaus/groovy/runtime/metaclass/MethodHelper
instanceKlass javax/script/Bindings
instanceKlass javax/script/ScriptContext
instanceKlass javax/script/ScriptEngineFactory
instanceKlass javax/script/ScriptEngine
instanceKlass org/codehaus/groovy/jsr223/ScriptStaticExtensions
instanceKlass org/codehaus/groovy/runtime/XmlGroovyMethods
instanceKlass org/codehaus/groovy/runtime/SwingGroovyMethods
instanceKlass org/codehaus/groovy/runtime/SqlGroovyMethods
instanceKlass org/codehaus/groovy/jsr223/ScriptExtensions
instanceKlass org/codehaus/groovy/runtime/m12n/ExtensionModule
instanceKlass org/codehaus/groovy/runtime/m12n/PropertiesModuleFactory
instanceKlass org/codehaus/groovy/runtime/metaclass/MetaClassRegistryImpl$DefaultModuleListener
instanceKlass org/codehaus/groovy/runtime/m12n/ExtensionModuleScanner
instanceKlass java/time/ZoneId
instanceKlass org/codehaus/groovy/runtime/DefaultGroovyStaticMethods
instanceKlass java/lang/Deprecated
instanceKlass org/codehaus/groovy/runtime/RangeInfo
instanceKlass org/codehaus/groovy/vmplugin/v7/Java7$1
